[3.949s] Invoking command in '/home/mi/preliminary/src/avoidance': PYTHONPATH=/home/mi/preliminary/install/avoidance/lib/python3.6/site-packages:${PYTHONPATH} /usr/bin/python3 setup.py egg_info --egg-base ../../build/avoidance build --build-base /home/mi/preliminary/build/avoidance/build install --prefix /home/mi/preliminary/install/avoidance --record /home/mi/preliminary/build/avoidance/install.log --single-version-externally-managed
[5.553s] running egg_info
[5.559s] writing ../../build/avoidance/avoidance.egg-info/PKG-INFO
[5.560s] writing dependency_links to ../../build/avoidance/avoidance.egg-info/dependency_links.txt
[5.560s] writing entry points to ../../build/avoidance/avoidance.egg-info/entry_points.txt
[5.561s] writing requirements to ../../build/avoidance/avoidance.egg-info/requires.txt
[5.561s] writing top-level names to ../../build/avoidance/avoidance.egg-info/top_level.txt
[5.581s] reading manifest file '../../build/avoidance/avoidance.egg-info/SOURCES.txt'
[5.588s] writing manifest file '../../build/avoidance/avoidance.egg-info/SOURCES.txt'
[5.593s] running build
[5.594s] running build_py
[5.595s] copying avoidance/avoid.py -> /home/mi/preliminary/build/avoidance/build/lib/avoidance
[5.596s] copying avoidance/test.py -> /home/mi/preliminary/build/avoidance/build/lib/avoidance
[5.598s] copying avoidance/sensor.py -> /home/mi/preliminary/build/avoidance/build/lib/avoidance
[5.598s] running install
[5.599s] /usr/local/lib/python3.6/dist-packages/setuptools/command/install.py:37: SetuptoolsDeprecationWarning: setup.py install is deprecated. Use build and pip and other standards-based tools.
[5.607s]   setuptools.SetuptoolsDeprecationWarning,
[5.608s] running install_lib
[5.609s] copying /home/mi/preliminary/build/avoidance/build/lib/avoidance/avoid.py -> /home/mi/preliminary/install/avoidance/lib/python3.6/site-packages/avoidance
[5.610s] copying /home/mi/preliminary/build/avoidance/build/lib/avoidance/test.py -> /home/mi/preliminary/install/avoidance/lib/python3.6/site-packages/avoidance
[5.610s] copying /home/mi/preliminary/build/avoidance/build/lib/avoidance/sensor.py -> /home/mi/preliminary/install/avoidance/lib/python3.6/site-packages/avoidance
[5.611s] byte-compiling /home/mi/preliminary/install/avoidance/lib/python3.6/site-packages/avoidance/avoid.py to avoid.cpython-36.pyc
[5.611s] byte-compiling /home/mi/preliminary/install/avoidance/lib/python3.6/site-packages/avoidance/test.py to test.cpython-36.pyc
[5.613s] byte-compiling /home/mi/preliminary/install/avoidance/lib/python3.6/site-packages/avoidance/sensor.py to sensor.cpython-36.pyc
[5.615s] running install_data
[5.617s] running install_egg_info
[5.629s] removing '/home/mi/preliminary/install/avoidance/lib/python3.6/site-packages/avoidance-0.0.0-py3.6.egg-info' (and everything under it)
[5.630s] Copying ../../build/avoidance/avoidance.egg-info to /home/mi/preliminary/install/avoidance/lib/python3.6/site-packages/avoidance-0.0.0-py3.6.egg-info
[5.632s] running install_scripts
[5.719s] Installing avoid script to /home/mi/preliminary/install/avoidance/lib/avoidance
[5.720s] Installing sensor script to /home/mi/preliminary/install/avoidance/lib/avoidance
[5.721s] Installing stand script to /home/mi/preliminary/install/avoidance/lib/avoidance
[5.722s] Installing stand_sit script to /home/mi/preliminary/install/avoidance/lib/avoidance
[5.723s] Installing test script to /home/mi/preliminary/install/avoidance/lib/avoidance
[5.723s] Installing walk script to /home/mi/preliminary/install/avoidance/lib/avoidance
[5.725s] writing list of installed files to '/home/mi/preliminary/build/avoidance/install.log'
[5.833s] Invoked command in '/home/mi/preliminary/src/avoidance' returned '0': PYTHONPATH=/home/mi/preliminary/install/avoidance/lib/python3.6/site-packages:${PYTHONPATH} /usr/bin/python3 setup.py egg_info --egg-base ../../build/avoidance build --build-base /home/mi/preliminary/build/avoidance/build install --prefix /home/mi/preliminary/install/avoidance --record /home/mi/preliminary/build/avoidance/install.log --single-version-externally-managed
