[3.687s] Invoking command in '/home/mi/preliminary/src/avoidance': PYTHONPATH=/home/mi/preliminary/install/avoidance/lib/python3.6/site-packages:${PYTHONPATH} /usr/bin/python3 setup.py egg_info --egg-base ../../build/avoidance build --build-base /home/mi/preliminary/build/avoidance/build install --prefix /home/mi/preliminary/install/avoidance --record /home/mi/preliminary/build/avoidance/install.log --single-version-externally-managed
[5.215s] running egg_info
[5.218s] writing ../../build/avoidance/avoidance.egg-info/PKG-INFO
[5.219s] writing dependency_links to ../../build/avoidance/avoidance.egg-info/dependency_links.txt
[5.220s] writing entry points to ../../build/avoidance/avoidance.egg-info/entry_points.txt
[5.221s] writing requirements to ../../build/avoidance/avoidance.egg-info/requires.txt
[5.222s] writing top-level names to ../../build/avoidance/avoidance.egg-info/top_level.txt
[5.237s] reading manifest file '../../build/avoidance/avoidance.egg-info/SOURCES.txt'
[5.243s] writing manifest file '../../build/avoidance/avoidance.egg-info/SOURCES.txt'
[5.244s] running build
[5.244s] running build_py
[5.245s] copying avoidance/manager.py -> /home/mi/preliminary/build/avoidance/build/lib/avoidance
[5.249s] /usr/local/lib/python3.6/dist-packages/setuptools/command/install.py:37: SetuptoolsDeprecationWarning: setup.py install is deprecated. Use build and pip and other standards-based tools.
[5.251s]   setuptools.SetuptoolsDeprecationWarning,
[5.253s] running install
[5.257s] running install_lib
[5.258s] copying /home/mi/preliminary/build/avoidance/build/lib/avoidance/manager.py -> /home/mi/preliminary/install/avoidance/lib/python3.6/site-packages/avoidance
[5.259s] byte-compiling /home/mi/preliminary/install/avoidance/lib/python3.6/site-packages/avoidance/manager.py to manager.cpython-36.pyc
[5.259s] running install_data
[5.262s] running install_egg_info
[5.270s] removing '/home/mi/preliminary/install/avoidance/lib/python3.6/site-packages/avoidance-0.0.0-py3.6.egg-info' (and everything under it)
[5.272s] Copying ../../build/avoidance/avoidance.egg-info to /home/mi/preliminary/install/avoidance/lib/python3.6/site-packages/avoidance-0.0.0-py3.6.egg-info
[5.277s] running install_scripts
[5.365s] Installing manager script to /home/mi/preliminary/install/avoidance/lib/avoidance
[5.366s] Installing sensor script to /home/mi/preliminary/install/avoidance/lib/avoidance
[5.367s] Installing stand script to /home/mi/preliminary/install/avoidance/lib/avoidance
[5.368s] Installing stand_sit script to /home/mi/preliminary/install/avoidance/lib/avoidance
[5.368s] Installing walk script to /home/mi/preliminary/install/avoidance/lib/avoidance
[5.370s] writing list of installed files to '/home/mi/preliminary/build/avoidance/install.log'
[5.480s] Invoked command in '/home/mi/preliminary/src/avoidance' returned '0': PYTHONPATH=/home/mi/preliminary/install/avoidance/lib/python3.6/site-packages:${PYTHONPATH} /usr/bin/python3 setup.py egg_info --egg-base ../../build/avoidance build --build-base /home/mi/preliminary/build/avoidance/build install --prefix /home/mi/preliminary/install/avoidance --record /home/mi/preliminary/build/avoidance/install.log --single-version-externally-managed
