[3.773s] Invoking command in '/home/mi/preliminary/src/avoidance': PYTHONPATH=/home/mi/preliminary/install/avoidance/lib/python3.6/site-packages:${PYTHONPATH} /usr/bin/python3 setup.py egg_info --egg-base ../../build/avoidance build --build-base /home/mi/preliminary/build/avoidance/build install --prefix /home/mi/preliminary/install/avoidance --record /home/mi/preliminary/build/avoidance/install.log --single-version-externally-managed
[5.331s] running egg_info
[5.336s] writing ../../build/avoidance/avoidance.egg-info/PKG-INFO
[5.341s] writing dependency_links to ../../build/avoidance/avoidance.egg-info/dependency_links.txt
[5.343s] writing entry points to ../../build/avoidance/avoidance.egg-info/entry_points.txt
[5.344s] writing requirements to ../../build/avoidance/avoidance.egg-info/requires.txt
[5.344s] writing top-level names to ../../build/avoidance/avoidance.egg-info/top_level.txt
[5.345s] reading manifest file '../../build/avoidance/avoidance.egg-info/SOURCES.txt'
[5.351s] writing manifest file '../../build/avoidance/avoidance.egg-info/SOURCES.txt'
[5.352s] running build
[5.352s] running build_py
[5.353s] copying avoidance/avoid.py -> /home/mi/preliminary/build/avoidance/build/lib/avoidance
[5.359s] running install
[5.360s] /usr/local/lib/python3.6/dist-packages/setuptools/command/install.py:37: SetuptoolsDeprecationWarning: setup.py install is deprecated. Use build and pip and other standards-based tools.
[5.361s]   setuptools.SetuptoolsDeprecationWarning,
[5.362s] running install_lib
[5.366s] copying /home/mi/preliminary/build/avoidance/build/lib/avoidance/avoid.py -> /home/mi/preliminary/install/avoidance/lib/python3.6/site-packages/avoidance
[5.371s] byte-compiling /home/mi/preliminary/install/avoidance/lib/python3.6/site-packages/avoidance/avoid.py to avoid.cpython-36.pyc
[5.375s] running install_data
[5.378s] running install_egg_info
[5.385s] removing '/home/mi/preliminary/install/avoidance/lib/python3.6/site-packages/avoidance-0.0.0-py3.6.egg-info' (and everything under it)
[5.391s] Copying ../../build/avoidance/avoidance.egg-info to /home/mi/preliminary/install/avoidance/lib/python3.6/site-packages/avoidance-0.0.0-py3.6.egg-info
[5.392s] running install_scripts
[5.480s] Installing avoid script to /home/mi/preliminary/install/avoidance/lib/avoidance
[5.483s] Installing sensor script to /home/mi/preliminary/install/avoidance/lib/avoidance
[5.484s] Installing stand script to /home/mi/preliminary/install/avoidance/lib/avoidance
[5.484s] Installing stand_sit script to /home/mi/preliminary/install/avoidance/lib/avoidance
[5.485s] Installing test script to /home/mi/preliminary/install/avoidance/lib/avoidance
[5.485s] Installing walk script to /home/mi/preliminary/install/avoidance/lib/avoidance
[5.487s] writing list of installed files to '/home/mi/preliminary/build/avoidance/install.log'
[5.598s] Invoked command in '/home/mi/preliminary/src/avoidance' returned '0': PYTHONPATH=/home/mi/preliminary/install/avoidance/lib/python3.6/site-packages:${PYTHONPATH} /usr/bin/python3 setup.py egg_info --egg-base ../../build/avoidance build --build-base /home/mi/preliminary/build/avoidance/build install --prefix /home/mi/preliminary/install/avoidance --record /home/mi/preliminary/build/avoidance/install.log --single-version-externally-managed
