[3.952s] Invoking command in '/home/mi/preliminary/src/avoidance': PYTHONPATH=/home/mi/preliminary/install/avoidance/lib/python3.6/site-packages:${PYTHONPATH} /usr/bin/python3 setup.py egg_info --egg-base ../../build/avoidance build --build-base /home/mi/preliminary/build/avoidance/build install --prefix /home/mi/preliminary/install/avoidance --record /home/mi/preliminary/build/avoidance/install.log --single-version-externally-managed
[5.457s] running egg_info
[5.458s] writing ../../build/avoidance/avoidance.egg-info/PKG-INFO
[5.458s] writing dependency_links to ../../build/avoidance/avoidance.egg-info/dependency_links.txt
[5.462s] writing entry points to ../../build/avoidance/avoidance.egg-info/entry_points.txt
[5.463s] writing requirements to ../../build/avoidance/avoidance.egg-info/requires.txt
[5.463s] writing top-level names to ../../build/avoidance/avoidance.egg-info/top_level.txt
[5.471s] reading manifest file '../../build/avoidance/avoidance.egg-info/SOURCES.txt'
[5.478s] writing manifest file '../../build/avoidance/avoidance.egg-info/SOURCES.txt'
[5.481s] running build
[5.481s] running build_py
[5.483s] copying avoidance/avoid_jez.py -> /home/mi/preliminary/build/avoidance/build/lib/avoidance
[5.486s] running install
[5.490s] running install_lib
[5.491s] /usr/local/lib/python3.6/dist-packages/setuptools/command/install.py:37: SetuptoolsDeprecationWarning: setup.py install is deprecated. Use build and pip and other standards-based tools.
[5.492s]   setuptools.SetuptoolsDeprecationWarning,
[5.498s] copying /home/mi/preliminary/build/avoidance/build/lib/avoidance/avoid_jez.py -> /home/mi/preliminary/install/avoidance/lib/python3.6/site-packages/avoidance
[5.509s] byte-compiling /home/mi/preliminary/install/avoidance/lib/python3.6/site-packages/avoidance/avoid_jez.py to avoid_jez.cpython-36.pyc
[5.518s] running install_data
[5.521s] running install_egg_info
[5.531s] removing '/home/mi/preliminary/install/avoidance/lib/python3.6/site-packages/avoidance-0.0.0-py3.6.egg-info' (and everything under it)
[5.534s] Copying ../../build/avoidance/avoidance.egg-info to /home/mi/preliminary/install/avoidance/lib/python3.6/site-packages/avoidance-0.0.0-py3.6.egg-info
[5.541s] running install_scripts
[5.635s] Installing avoid script to /home/mi/preliminary/install/avoidance/lib/avoidance
[5.636s] Installing avoid_jez script to /home/mi/preliminary/install/avoidance/lib/avoidance
[5.637s] Installing radar script to /home/mi/preliminary/install/avoidance/lib/avoidance
[5.638s] Installing sensor script to /home/mi/preliminary/install/avoidance/lib/avoidance
[5.639s] Installing stand script to /home/mi/preliminary/install/avoidance/lib/avoidance
[5.639s] Installing stand_sit script to /home/mi/preliminary/install/avoidance/lib/avoidance
[5.640s] Installing ultrasonic script to /home/mi/preliminary/install/avoidance/lib/avoidance
[5.640s] Installing walk script to /home/mi/preliminary/install/avoidance/lib/avoidance
[5.641s] writing list of installed files to '/home/mi/preliminary/build/avoidance/install.log'
[5.762s] Invoked command in '/home/mi/preliminary/src/avoidance' returned '0': PYTHONPATH=/home/mi/preliminary/install/avoidance/lib/python3.6/site-packages:${PYTHONPATH} /usr/bin/python3 setup.py egg_info --egg-base ../../build/avoidance build --build-base /home/mi/preliminary/build/avoidance/build install --prefix /home/mi/preliminary/install/avoidance --record /home/mi/preliminary/build/avoidance/install.log --single-version-externally-managed
