[4.258s] Invoking command in '/home/mi/VisualLocate/src/VisualLocate': PYTHONPATH=/home/mi/VisualLocate/install/VisualLocate/lib/python3.6/site-packages:${PYTHONPATH} /usr/bin/python3 setup.py egg_info --egg-base ../../build/VisualLocate build --build-base /home/mi/VisualLocate/build/VisualLocate/build install --prefix /home/mi/VisualLocate/install/VisualLocate --record /home/mi/VisualLocate/build/VisualLocate/install.log --single-version-externally-managed
[5.993s] running egg_info
[5.996s] creating ../../build/VisualLocate/VisualLocate.egg-info
[5.996s] writing ../../build/VisualLocate/VisualLocate.egg-info/PKG-INFO
[5.998s] writing dependency_links to ../../build/VisualLocate/VisualLocate.egg-info/dependency_links.txt
[5.999s] writing entry points to ../../build/VisualLocate/VisualLocate.egg-info/entry_points.txt
[6.000s] writing requirements to ../../build/VisualLocate/VisualLocate.egg-info/requires.txt
[6.001s] writing top-level names to ../../build/VisualLocate/VisualLocate.egg-info/top_level.txt
[6.011s] writing manifest file '../../build/VisualLocate/VisualLocate.egg-info/SOURCES.txt'
[6.020s] reading manifest file '../../build/VisualLocate/VisualLocate.egg-info/SOURCES.txt'
[6.026s] writing manifest file '../../build/VisualLocate/VisualLocate.egg-info/SOURCES.txt'
[6.027s] running build
[6.028s] running build_py
[6.029s] creating /home/mi/VisualLocate/build/VisualLocate/build
[6.030s] creating /home/mi/VisualLocate/build/VisualLocate/build/lib
[6.030s] creating /home/mi/VisualLocate/build/VisualLocate/build/lib/VisualLocate
[6.031s] copying VisualLocate/test.py -> /home/mi/VisualLocate/build/VisualLocate/build/lib/VisualLocate
[6.031s] copying VisualLocate/__init__.py -> /home/mi/VisualLocate/build/VisualLocate/build/lib/VisualLocate
[6.032s] running install
[6.032s] /usr/local/lib/python3.6/dist-packages/setuptools/command/install.py:37: SetuptoolsDeprecationWarning: setup.py install is deprecated. Use build and pip and other standards-based tools.
[6.036s]   setuptools.SetuptoolsDeprecationWarning,
[6.042s] running install_lib
[6.043s] creating /home/mi/VisualLocate/install/VisualLocate/lib/python3.6/site-packages/VisualLocate
[6.044s] copying /home/mi/VisualLocate/build/VisualLocate/build/lib/VisualLocate/test.py -> /home/mi/VisualLocate/install/VisualLocate/lib/python3.6/site-packages/VisualLocate
[6.044s] copying /home/mi/VisualLocate/build/VisualLocate/build/lib/VisualLocate/__init__.py -> /home/mi/VisualLocate/install/VisualLocate/lib/python3.6/site-packages/VisualLocate
[6.045s] byte-compiling /home/mi/VisualLocate/install/VisualLocate/lib/python3.6/site-packages/VisualLocate/test.py to test.cpython-36.pyc
[6.045s] byte-compiling /home/mi/VisualLocate/install/VisualLocate/lib/python3.6/site-packages/VisualLocate/__init__.py to __init__.cpython-36.pyc
[6.046s] running install_data
[6.048s] creating /home/mi/VisualLocate/install/VisualLocate/share/ament_index
[6.048s] creating /home/mi/VisualLocate/install/VisualLocate/share/ament_index/resource_index
[6.049s] creating /home/mi/VisualLocate/install/VisualLocate/share/ament_index/resource_index/packages
[6.049s] copying resource/VisualLocate -> /home/mi/VisualLocate/install/VisualLocate/share/ament_index/resource_index/packages
[6.050s] copying package.xml -> /home/mi/VisualLocate/install/VisualLocate/share/VisualLocate
[6.050s] running install_egg_info
[6.059s] Copying ../../build/VisualLocate/VisualLocate.egg-info to /home/mi/VisualLocate/install/VisualLocate/lib/python3.6/site-packages/VisualLocate-0.0.0-py3.6.egg-info
[6.063s] running install_scripts
[6.155s] Installing test script to /home/mi/VisualLocate/install/VisualLocate/lib/VisualLocate
[6.160s] writing list of installed files to '/home/mi/VisualLocate/build/VisualLocate/install.log'
[6.270s] Invoked command in '/home/mi/VisualLocate/src/VisualLocate' returned '0': PYTHONPATH=/home/mi/VisualLocate/install/VisualLocate/lib/python3.6/site-packages:${PYTHONPATH} /usr/bin/python3 setup.py egg_info --egg-base ../../build/VisualLocate build --build-base /home/mi/VisualLocate/build/VisualLocate/build install --prefix /home/mi/VisualLocate/install/VisualLocate --record /home/mi/VisualLocate/build/VisualLocate/install.log --single-version-externally-managed
