[3.745s] Invoking command in '/home/mi/preliminary/src/avoidance': PYTHONPATH=/home/mi/preliminary/install/avoidance/lib/python3.6/site-packages:${PYTHONPATH} /usr/bin/python3 setup.py egg_info --egg-base ../../build/avoidance build --build-base /home/mi/preliminary/build/avoidance/build install --prefix /home/mi/preliminary/install/avoidance --record /home/mi/preliminary/build/avoidance/install.log --single-version-externally-managed
[5.201s] running egg_info
[5.204s] writing ../../build/avoidance/avoidance.egg-info/PKG-INFO
[5.208s] writing dependency_links to ../../build/avoidance/avoidance.egg-info/dependency_links.txt
[5.208s] writing entry points to ../../build/avoidance/avoidance.egg-info/entry_points.txt
[5.209s] writing requirements to ../../build/avoidance/avoidance.egg-info/requires.txt
[5.209s] writing top-level names to ../../build/avoidance/avoidance.egg-info/top_level.txt
[5.223s] reading manifest file '../../build/avoidance/avoidance.egg-info/SOURCES.txt'
[5.229s] writing manifest file '../../build/avoidance/avoidance.egg-info/SOURCES.txt'
[5.232s] running build
[5.233s] running build_py
[5.233s] copying avoidance/test.py -> /home/mi/preliminary/build/avoidance/build/lib/avoidance
[5.236s] running install
[5.237s] /usr/local/lib/python3.6/dist-packages/setuptools/command/install.py:37: SetuptoolsDeprecationWarning: setup.py install is deprecated. Use build and pip and other standards-based tools.
[5.238s]   setuptools.SetuptoolsDeprecationWarning,
[5.239s] running install_lib
[5.241s] copying /home/mi/preliminary/build/avoidance/build/lib/avoidance/test.py -> /home/mi/preliminary/install/avoidance/lib/python3.6/site-packages/avoidance
[5.244s] byte-compiling /home/mi/preliminary/install/avoidance/lib/python3.6/site-packages/avoidance/test.py to test.cpython-36.pyc
[5.247s] running install_data
[5.249s] running install_egg_info
[5.257s] removing '/home/mi/preliminary/install/avoidance/lib/python3.6/site-packages/avoidance-0.0.0-py3.6.egg-info' (and everything under it)
[5.258s] Copying ../../build/avoidance/avoidance.egg-info to /home/mi/preliminary/install/avoidance/lib/python3.6/site-packages/avoidance-0.0.0-py3.6.egg-info
[5.263s] running install_scripts
[5.351s] Installing avoid script to /home/mi/preliminary/install/avoidance/lib/avoidance
[5.354s] Installing sensor script to /home/mi/preliminary/install/avoidance/lib/avoidance
[5.355s] Installing stand script to /home/mi/preliminary/install/avoidance/lib/avoidance
[5.356s] Installing stand_sit script to /home/mi/preliminary/install/avoidance/lib/avoidance
[5.359s] Installing test script to /home/mi/preliminary/install/avoidance/lib/avoidance
[5.360s] Installing walk script to /home/mi/preliminary/install/avoidance/lib/avoidance
[5.364s] writing list of installed files to '/home/mi/preliminary/build/avoidance/install.log'
[5.477s] Invoked command in '/home/mi/preliminary/src/avoidance' returned '0': PYTHONPATH=/home/mi/preliminary/install/avoidance/lib/python3.6/site-packages:${PYTHONPATH} /usr/bin/python3 setup.py egg_info --egg-base ../../build/avoidance build --build-base /home/mi/preliminary/build/avoidance/build install --prefix /home/mi/preliminary/install/avoidance --record /home/mi/preliminary/build/avoidance/install.log --single-version-externally-managed
