[3.937s] Invoking command in '/home/mi/preliminary/src/avoidance': PYTHONPATH=/home/mi/preliminary/install/avoidance/lib/python3.6/site-packages:${PYTHONPATH} /usr/bin/python3 setup.py egg_info --egg-base ../../build/avoidance build --build-base /home/mi/preliminary/build/avoidance/build install --prefix /home/mi/preliminary/install/avoidance --record /home/mi/preliminary/build/avoidance/install.log --single-version-externally-managed
[5.566s] running egg_info
[5.575s] writing ../../build/avoidance/avoidance.egg-info/PKG-INFO
[5.576s] writing dependency_links to ../../build/avoidance/avoidance.egg-info/dependency_links.txt
[5.576s] writing entry points to ../../build/avoidance/avoidance.egg-info/entry_points.txt
[5.577s] writing requirements to ../../build/avoidance/avoidance.egg-info/requires.txt
[5.578s] writing top-level names to ../../build/avoidance/avoidance.egg-info/top_level.txt
[5.594s] reading manifest file '../../build/avoidance/avoidance.egg-info/SOURCES.txt'
[5.601s] writing manifest file '../../build/avoidance/avoidance.egg-info/SOURCES.txt'
[5.602s] running build
[5.606s] running build_py
[5.606s] copying avoidance/testradar.py -> /home/mi/preliminary/build/avoidance/build/lib/avoidance
[5.608s] running install
[5.609s] /usr/local/lib/python3.6/dist-packages/setuptools/command/install.py:37: SetuptoolsDeprecationWarning: setup.py install is deprecated. Use build and pip and other standards-based tools.
[5.609s]   setuptools.SetuptoolsDeprecationWarning,
[5.611s] running install_lib
[5.615s] copying /home/mi/preliminary/build/avoidance/build/lib/avoidance/testradar.py -> /home/mi/preliminary/install/avoidance/lib/python3.6/site-packages/avoidance
[5.619s] byte-compiling /home/mi/preliminary/install/avoidance/lib/python3.6/site-packages/avoidance/testradar.py to testradar.cpython-36.pyc
[5.622s] running install_data
[5.627s] running install_egg_info
[5.634s] removing '/home/mi/preliminary/install/avoidance/lib/python3.6/site-packages/avoidance-0.0.0-py3.6.egg-info' (and everything under it)
[5.637s] Copying ../../build/avoidance/avoidance.egg-info to /home/mi/preliminary/install/avoidance/lib/python3.6/site-packages/avoidance-0.0.0-py3.6.egg-info
[5.642s] running install_scripts
[5.746s] Installing avoid script to /home/mi/preliminary/install/avoidance/lib/avoidance
[5.747s] Installing sensor script to /home/mi/preliminary/install/avoidance/lib/avoidance
[5.748s] Installing stand script to /home/mi/preliminary/install/avoidance/lib/avoidance
[5.749s] Installing stand_sit script to /home/mi/preliminary/install/avoidance/lib/avoidance
[5.750s] Installing testradar script to /home/mi/preliminary/install/avoidance/lib/avoidance
[5.751s] Installing walk script to /home/mi/preliminary/install/avoidance/lib/avoidance
[5.754s] writing list of installed files to '/home/mi/preliminary/build/avoidance/install.log'
[5.880s] Invoked command in '/home/mi/preliminary/src/avoidance' returned '0': PYTHONPATH=/home/mi/preliminary/install/avoidance/lib/python3.6/site-packages:${PYTHONPATH} /usr/bin/python3 setup.py egg_info --egg-base ../../build/avoidance build --build-base /home/mi/preliminary/build/avoidance/build install --prefix /home/mi/preliminary/install/avoidance --record /home/mi/preliminary/build/avoidance/install.log --single-version-externally-managed
