[4.070s] Invoking command in '/home/mi/preliminary/src/avoidance': PYTHONPATH=/home/mi/preliminary/install/avoidance/lib/python3.6/site-packages:${PYTHONPATH} /usr/bin/python3 setup.py egg_info --egg-base ../../build/avoidance build --build-base /home/mi/preliminary/build/avoidance/build install --prefix /home/mi/preliminary/install/avoidance --record /home/mi/preliminary/build/avoidance/install.log --single-version-externally-managed
[5.591s] running egg_info
[5.594s] writing ../../build/avoidance/avoidance.egg-info/PKG-INFO
[5.598s] writing dependency_links to ../../build/avoidance/avoidance.egg-info/dependency_links.txt
[5.598s] writing entry points to ../../build/avoidance/avoidance.egg-info/entry_points.txt
[5.599s] writing requirements to ../../build/avoidance/avoidance.egg-info/requires.txt
[5.599s] writing top-level names to ../../build/avoidance/avoidance.egg-info/top_level.txt
[5.618s] reading manifest file '../../build/avoidance/avoidance.egg-info/SOURCES.txt'
[5.627s] writing manifest file '../../build/avoidance/avoidance.egg-info/SOURCES.txt'
[5.628s] running build
[5.628s] running build_py
[5.629s] copying avoidance/avoid_jez.py -> /home/mi/preliminary/build/avoidance/build/lib/avoidance
[5.630s] copying avoidance/ultrasonic.py -> /home/mi/preliminary/build/avoidance/build/lib/avoidance
[5.634s] running install
[5.636s] /usr/local/lib/python3.6/dist-packages/setuptools/command/install.py:37: SetuptoolsDeprecationWarning: setup.py install is deprecated. Use build and pip and other standards-based tools.
[5.637s]   setuptools.SetuptoolsDeprecationWarning,
[5.638s] running install_lib
[5.643s] copying /home/mi/preliminary/build/avoidance/build/lib/avoidance/avoid_jez.py -> /home/mi/preliminary/install/avoidance/lib/python3.6/site-packages/avoidance
[5.644s] copying /home/mi/preliminary/build/avoidance/build/lib/avoidance/ultrasonic.py -> /home/mi/preliminary/install/avoidance/lib/python3.6/site-packages/avoidance
[5.647s] byte-compiling /home/mi/preliminary/install/avoidance/lib/python3.6/site-packages/avoidance/avoid_jez.py to avoid_jez.cpython-36.pyc
[5.656s] byte-compiling /home/mi/preliminary/install/avoidance/lib/python3.6/site-packages/avoidance/ultrasonic.py to ultrasonic.cpython-36.pyc
[5.658s] running install_data
[5.661s] running install_egg_info
[5.670s] removing '/home/mi/preliminary/install/avoidance/lib/python3.6/site-packages/avoidance-0.0.0-py3.6.egg-info' (and everything under it)
[5.672s] Copying ../../build/avoidance/avoidance.egg-info to /home/mi/preliminary/install/avoidance/lib/python3.6/site-packages/avoidance-0.0.0-py3.6.egg-info
[5.680s] running install_scripts
[5.777s] Installing avoid script to /home/mi/preliminary/install/avoidance/lib/avoidance
[5.778s] Installing radar script to /home/mi/preliminary/install/avoidance/lib/avoidance
[5.779s] Installing sensor script to /home/mi/preliminary/install/avoidance/lib/avoidance
[5.780s] Installing stand script to /home/mi/preliminary/install/avoidance/lib/avoidance
[5.781s] Installing stand_sit script to /home/mi/preliminary/install/avoidance/lib/avoidance
[5.781s] Installing ultrasonic script to /home/mi/preliminary/install/avoidance/lib/avoidance
[5.782s] Installing walk script to /home/mi/preliminary/install/avoidance/lib/avoidance
[5.784s] writing list of installed files to '/home/mi/preliminary/build/avoidance/install.log'
[5.899s] Invoked command in '/home/mi/preliminary/src/avoidance' returned '0': PYTHONPATH=/home/mi/preliminary/install/avoidance/lib/python3.6/site-packages:${PYTHONPATH} /usr/bin/python3 setup.py egg_info --egg-base ../../build/avoidance build --build-base /home/mi/preliminary/build/avoidance/build install --prefix /home/mi/preliminary/install/avoidance --record /home/mi/preliminary/build/avoidance/install.log --single-version-externally-managed
