/home/mi/VisualLocate/install/VisualLocate/lib/python3.6/site-packages/VisualLocate/walk.py
/home/mi/VisualLocate/install/VisualLocate/lib/python3.6/site-packages/VisualLocate/get_location.py
/home/mi/VisualLocate/install/VisualLocate/lib/python3.6/site-packages/VisualLocate/get_image.py
/home/mi/VisualLocate/install/VisualLocate/lib/python3.6/site-packages/VisualLocate/__init__.py
/home/mi/VisualLocate/install/VisualLocate/lib/python3.6/site-packages/VisualLocate/stand.py
/home/mi/VisualLocate/install/VisualLocate/lib/python3.6/site-packages/VisualLocate/__pycache__/walk.cpython-36.pyc
/home/mi/VisualLocate/install/VisualLocate/lib/python3.6/site-packages/VisualLocate/__pycache__/get_location.cpython-36.pyc
/home/mi/VisualLocate/install/VisualLocate/lib/python3.6/site-packages/VisualLocate/__pycache__/get_image.cpython-36.pyc
/home/mi/VisualLocate/install/VisualLocate/lib/python3.6/site-packages/VisualLocate/__pycache__/__init__.cpython-36.pyc
/home/mi/VisualLocate/install/VisualLocate/lib/python3.6/site-packages/VisualLocate/__pycache__/stand.cpython-36.pyc
/home/mi/VisualLocate/install/VisualLocate/share/ament_index/resource_index/packages/VisualLocate
/home/mi/VisualLocate/install/VisualLocate/share/VisualLocate/package.xml
/home/mi/VisualLocate/install/VisualLocate/lib/python3.6/site-packages/VisualLocate-0.0.0-py3.6.egg-info/zip-safe
/home/mi/VisualLocate/install/VisualLocate/lib/python3.6/site-packages/VisualLocate-0.0.0-py3.6.egg-info/requires.txt
/home/mi/VisualLocate/install/VisualLocate/lib/python3.6/site-packages/VisualLocate-0.0.0-py3.6.egg-info/dependency_links.txt
/home/mi/VisualLocate/install/VisualLocate/lib/python3.6/site-packages/VisualLocate-0.0.0-py3.6.egg-info/SOURCES.txt
/home/mi/VisualLocate/install/VisualLocate/lib/python3.6/site-packages/VisualLocate-0.0.0-py3.6.egg-info/entry_points.txt
/home/mi/VisualLocate/install/VisualLocate/lib/python3.6/site-packages/VisualLocate-0.0.0-py3.6.egg-info/top_level.txt
/home/mi/VisualLocate/install/VisualLocate/lib/python3.6/site-packages/VisualLocate-0.0.0-py3.6.egg-info/PKG-INFO
/home/mi/VisualLocate/install/VisualLocate/lib/VisualLocate/get_image
/home/mi/VisualLocate/install/VisualLocate/lib/VisualLocate/stand
/home/mi/VisualLocate/install/VisualLocate/lib/VisualLocate/walk
