[3.986s] Invoking command in '/home/mi/VisualLocate/src/VisualLocate': PYTHONPATH=/home/mi/VisualLocate/install/VisualLocate/lib/python3.6/site-packages:${PYTHONPATH} /usr/bin/python3 setup.py egg_info --egg-base ../../build/VisualLocate build --build-base /home/mi/VisualLocate/build/VisualLocate/build install --prefix /home/mi/VisualLocate/install/VisualLocate --record /home/mi/VisualLocate/build/VisualLocate/install.log --single-version-externally-managed
[5.559s] running egg_info
[5.561s] writing ../../build/VisualLocate/VisualLocate.egg-info/PKG-INFO
[5.562s] writing dependency_links to ../../build/VisualLocate/VisualLocate.egg-info/dependency_links.txt
[5.562s] writing entry points to ../../build/VisualLocate/VisualLocate.egg-info/entry_points.txt
[5.563s] writing requirements to ../../build/VisualLocate/VisualLocate.egg-info/requires.txt
[5.564s] writing top-level names to ../../build/VisualLocate/VisualLocate.egg-info/top_level.txt
[5.585s] reading manifest file '../../build/VisualLocate/VisualLocate.egg-info/SOURCES.txt'
[5.593s] writing manifest file '../../build/VisualLocate/VisualLocate.egg-info/SOURCES.txt'
[5.594s] running build
[5.594s] running build_py
[5.595s] copying VisualLocate/test.py -> /home/mi/VisualLocate/build/VisualLocate/build/lib/VisualLocate
[5.596s] running install
[5.598s] /usr/local/lib/python3.6/dist-packages/setuptools/command/install.py:37: SetuptoolsDeprecationWarning: setup.py install is deprecated. Use build and pip and other standards-based tools.
[5.599s]   setuptools.SetuptoolsDeprecationWarning,
[5.603s] running install_lib
[5.604s] copying /home/mi/VisualLocate/build/VisualLocate/build/lib/VisualLocate/test.py -> /home/mi/VisualLocate/install/VisualLocate/lib/python3.6/site-packages/VisualLocate
[5.605s] byte-compiling /home/mi/VisualLocate/install/VisualLocate/lib/python3.6/site-packages/VisualLocate/test.py to test.cpython-36.pyc
[5.607s] running install_data
[5.610s] running install_egg_info
[5.618s] removing '/home/mi/VisualLocate/install/VisualLocate/lib/python3.6/site-packages/VisualLocate-0.0.0-py3.6.egg-info' (and everything under it)
[5.620s] Copying ../../build/VisualLocate/VisualLocate.egg-info to /home/mi/VisualLocate/install/VisualLocate/lib/python3.6/site-packages/VisualLocate-0.0.0-py3.6.egg-info
[5.628s] running install_scripts
[5.720s] Installing test script to /home/mi/VisualLocate/install/VisualLocate/lib/VisualLocate
[5.722s] writing list of installed files to '/home/mi/VisualLocate/build/VisualLocate/install.log'
[5.832s] Invoked command in '/home/mi/VisualLocate/src/VisualLocate' returned '0': PYTHONPATH=/home/mi/VisualLocate/install/VisualLocate/lib/python3.6/site-packages:${PYTHONPATH} /usr/bin/python3 setup.py egg_info --egg-base ../../build/VisualLocate build --build-base /home/mi/VisualLocate/build/VisualLocate/build install --prefix /home/mi/VisualLocate/install/VisualLocate --record /home/mi/VisualLocate/build/VisualLocate/install.log --single-version-externally-managed
