[4.505s] Invoking command in '/home/mi/preliminary/src/avoidance': PYTHONPATH=/home/mi/preliminary/install/avoidance/lib/python3.6/site-packages:${PYTHONPATH} /usr/bin/python3 setup.py egg_info --egg-base ../../build/avoidance build --build-base /home/mi/preliminary/build/avoidance/build install --prefix /home/mi/preliminary/install/avoidance --record /home/mi/preliminary/build/avoidance/install.log --single-version-externally-managed
[6.268s] running egg_info
[6.272s] writing ../../build/avoidance/avoidance.egg-info/PKG-INFO
[6.273s] writing dependency_links to ../../build/avoidance/avoidance.egg-info/dependency_links.txt
[6.277s] writing entry points to ../../build/avoidance/avoidance.egg-info/entry_points.txt
[6.278s] writing requirements to ../../build/avoidance/avoidance.egg-info/requires.txt
[6.278s] writing top-level names to ../../build/avoidance/avoidance.egg-info/top_level.txt
[6.304s] reading manifest file '../../build/avoidance/avoidance.egg-info/SOURCES.txt'
[6.314s] writing manifest file '../../build/avoidance/avoidance.egg-info/SOURCES.txt'
[6.325s] running build
[6.326s] running build_py
[6.328s] copying avoidance/walk.py -> /home/mi/preliminary/build/avoidance/build/lib/avoidance
[6.329s] copying avoidance/stand.py -> /home/mi/preliminary/build/avoidance/build/lib/avoidance
[6.330s] /usr/local/lib/python3.6/dist-packages/setuptools/command/install.py:37: SetuptoolsDeprecationWarning: setup.py install is deprecated. Use build and pip and other standards-based tools.
[6.331s]   setuptools.SetuptoolsDeprecationWarning,
[6.332s] running install
[6.333s] running install_lib
[6.335s] copying /home/mi/preliminary/build/avoidance/build/lib/avoidance/walk.py -> /home/mi/preliminary/install/avoidance/lib/python3.6/site-packages/avoidance
[6.337s] copying /home/mi/preliminary/build/avoidance/build/lib/avoidance/stand.py -> /home/mi/preliminary/install/avoidance/lib/python3.6/site-packages/avoidance
[6.338s] byte-compiling /home/mi/preliminary/install/avoidance/lib/python3.6/site-packages/avoidance/walk.py to walk.cpython-36.pyc
[6.343s] byte-compiling /home/mi/preliminary/install/avoidance/lib/python3.6/site-packages/avoidance/stand.py to stand.cpython-36.pyc
[6.345s] running install_data
[6.348s] running install_egg_info
[6.358s] removing '/home/mi/preliminary/install/avoidance/lib/python3.6/site-packages/avoidance-0.0.0-py3.6.egg-info' (and everything under it)
[6.367s] Copying ../../build/avoidance/avoidance.egg-info to /home/mi/preliminary/install/avoidance/lib/python3.6/site-packages/avoidance-0.0.0-py3.6.egg-info
[6.378s] running install_scripts
[6.491s] Installing sensor script to /home/mi/preliminary/install/avoidance/lib/avoidance
[6.491s] Installing stand script to /home/mi/preliminary/install/avoidance/lib/avoidance
[6.492s] Installing stand_sit script to /home/mi/preliminary/install/avoidance/lib/avoidance
[6.497s] Installing walk script to /home/mi/preliminary/install/avoidance/lib/avoidance
[6.498s] writing list of installed files to '/home/mi/preliminary/build/avoidance/install.log'
[6.614s] Invoked command in '/home/mi/preliminary/src/avoidance' returned '0': PYTHONPATH=/home/mi/preliminary/install/avoidance/lib/python3.6/site-packages:${PYTHONPATH} /usr/bin/python3 setup.py egg_info --egg-base ../../build/avoidance build --build-base /home/mi/preliminary/build/avoidance/build install --prefix /home/mi/preliminary/install/avoidance --record /home/mi/preliminary/build/avoidance/install.log --single-version-externally-managed
