[3.928s] Invoking command in '/home/mi/preliminary/src/avoidance': PYTHONPATH=/home/mi/preliminary/install/avoidance/lib/python3.6/site-packages:${PYTHONPATH} /usr/bin/python3 setup.py egg_info --egg-base ../../build/avoidance build --build-base /home/mi/preliminary/build/avoidance/build install --prefix /home/mi/preliminary/install/avoidance --record /home/mi/preliminary/build/avoidance/install.log --single-version-externally-managed
[5.539s] running egg_info
[5.542s] writing ../../build/avoidance/avoidance.egg-info/PKG-INFO
[5.544s] writing dependency_links to ../../build/avoidance/avoidance.egg-info/dependency_links.txt
[5.548s] writing entry points to ../../build/avoidance/avoidance.egg-info/entry_points.txt
[5.549s] writing requirements to ../../build/avoidance/avoidance.egg-info/requires.txt
[5.550s] writing top-level names to ../../build/avoidance/avoidance.egg-info/top_level.txt
[5.562s] reading manifest file '../../build/avoidance/avoidance.egg-info/SOURCES.txt'
[5.569s] writing manifest file '../../build/avoidance/avoidance.egg-info/SOURCES.txt'
[5.570s] running build
[5.570s] running build_py
[5.571s] copying avoidance/avoid_jez.py -> /home/mi/preliminary/build/avoidance/build/lib/avoidance
[5.578s] running install
[5.578s] /usr/local/lib/python3.6/dist-packages/setuptools/command/install.py:37: SetuptoolsDeprecationWarning: setup.py install is deprecated. Use build and pip and other standards-based tools.
[5.579s]   setuptools.SetuptoolsDeprecationWarning,
[5.580s] running install_lib
[5.584s] copying /home/mi/preliminary/build/avoidance/build/lib/avoidance/avoid_jez.py -> /home/mi/preliminary/install/avoidance/lib/python3.6/site-packages/avoidance
[5.586s] byte-compiling /home/mi/preliminary/install/avoidance/lib/python3.6/site-packages/avoidance/avoid_jez.py to avoid_jez.cpython-36.pyc
[5.593s] running install_data
[5.596s] running install_egg_info
[5.604s] removing '/home/mi/preliminary/install/avoidance/lib/python3.6/site-packages/avoidance-0.0.0-py3.6.egg-info' (and everything under it)
[5.605s] Copying ../../build/avoidance/avoidance.egg-info to /home/mi/preliminary/install/avoidance/lib/python3.6/site-packages/avoidance-0.0.0-py3.6.egg-info
[5.609s] running install_scripts
[5.695s] Installing avoid script to /home/mi/preliminary/install/avoidance/lib/avoidance
[5.696s] Installing avoid_jez script to /home/mi/preliminary/install/avoidance/lib/avoidance
[5.697s] Installing radar script to /home/mi/preliminary/install/avoidance/lib/avoidance
[5.698s] Installing sensor script to /home/mi/preliminary/install/avoidance/lib/avoidance
[5.699s] Installing stand script to /home/mi/preliminary/install/avoidance/lib/avoidance
[5.700s] Installing stand_sit script to /home/mi/preliminary/install/avoidance/lib/avoidance
[5.700s] Installing ultrasonic script to /home/mi/preliminary/install/avoidance/lib/avoidance
[5.701s] Installing walk script to /home/mi/preliminary/install/avoidance/lib/avoidance
[5.703s] writing list of installed files to '/home/mi/preliminary/build/avoidance/install.log'
[5.831s] Invoked command in '/home/mi/preliminary/src/avoidance' returned '0': PYTHONPATH=/home/mi/preliminary/install/avoidance/lib/python3.6/site-packages:${PYTHONPATH} /usr/bin/python3 setup.py egg_info --egg-base ../../build/avoidance build --build-base /home/mi/preliminary/build/avoidance/build install --prefix /home/mi/preliminary/install/avoidance --record /home/mi/preliminary/build/avoidance/install.log --single-version-externally-managed
