running egg_info
writing ../../build/VisualLocate/VisualLocate.egg-info/PKG-INFO
writing dependency_links to ../../build/VisualLocate/VisualLocate.egg-info/dependency_links.txt
writing entry points to ../../build/VisualLocate/VisualLocate.egg-info/entry_points.txt
writing requirements to ../../build/VisualLocate/VisualLocate.egg-info/requires.txt
writing top-level names to ../../build/VisualLocate/VisualLocate.egg-info/top_level.txt
reading manifest file '../../build/VisualLocate/VisualLocate.egg-info/SOURCES.txt'
writing manifest file '../../build/VisualLocate/VisualLocate.egg-info/SOURCES.txt'
running build
running build_py
copying VisualLocate/get_image.py -> /home/mi/VisualLocate/build/VisualLocate/build/lib/VisualLocate
copying VisualLocate/stand.py -> /home/mi/VisualLocate/build/VisualLocate/build/lib/VisualLocate
running install
/usr/local/lib/python3.6/dist-packages/setuptools/command/install.py:37: SetuptoolsDeprecationWarning: setup.py install is deprecated. Use build and pip and other standards-based tools.
  setuptools.SetuptoolsDeprecationWarning,
running install_lib
copying /home/mi/VisualLocate/build/VisualLocate/build/lib/VisualLocate/get_image.py -> /home/mi/VisualLocate/install/VisualLocate/lib/python3.6/site-packages/VisualLocate
copying /home/mi/VisualLocate/build/VisualLocate/build/lib/VisualLocate/stand.py -> /home/mi/VisualLocate/install/VisualLocate/lib/python3.6/site-packages/VisualLocate
byte-compiling /home/mi/VisualLocate/install/VisualLocate/lib/python3.6/site-packages/VisualLocate/get_image.py to get_image.cpython-36.pyc
byte-compiling /home/mi/VisualLocate/install/VisualLocate/lib/python3.6/site-packages/VisualLocate/stand.py to stand.cpython-36.pyc
running install_data
running install_egg_info
removing '/home/mi/VisualLocate/install/VisualLocate/lib/python3.6/site-packages/VisualLocate-0.0.0-py3.6.egg-info' (and everything under it)
Copying ../../build/VisualLocate/VisualLocate.egg-info to /home/mi/VisualLocate/install/VisualLocate/lib/python3.6/site-packages/VisualLocate-0.0.0-py3.6.egg-info
running install_scripts
Installing stand script to /home/mi/VisualLocate/install/VisualLocate/lib/VisualLocate
Installing walk script to /home/mi/VisualLocate/install/VisualLocate/lib/VisualLocate
writing list of installed files to '/home/mi/VisualLocate/build/VisualLocate/install.log'
