[3.812s] Invoking command in '/home/mi/VisualLocate/src/VisualLocate': PYTHONPATH=/home/mi/VisualLocate/install/VisualLocate/lib/python3.6/site-packages:${PYTHONPATH} /usr/bin/python3 setup.py egg_info --egg-base ../../build/VisualLocate build --build-base /home/mi/VisualLocate/build/VisualLocate/build install --prefix /home/mi/VisualLocate/install/VisualLocate --record /home/mi/VisualLocate/build/VisualLocate/install.log --single-version-externally-managed
[5.494s] running egg_info
[5.497s] writing ../../build/VisualLocate/VisualLocate.egg-info/PKG-INFO
[5.503s] writing dependency_links to ../../build/VisualLocate/VisualLocate.egg-info/dependency_links.txt
[5.504s] writing entry points to ../../build/VisualLocate/VisualLocate.egg-info/entry_points.txt
[5.504s] writing requirements to ../../build/VisualLocate/VisualLocate.egg-info/requires.txt
[5.505s] writing top-level names to ../../build/VisualLocate/VisualLocate.egg-info/top_level.txt
[5.518s] reading manifest file '../../build/VisualLocate/VisualLocate.egg-info/SOURCES.txt'
[5.524s] writing manifest file '../../build/VisualLocate/VisualLocate.egg-info/SOURCES.txt'
[5.525s] running build
[5.526s] running build_py
[5.529s] copying VisualLocate/get_image.py -> /home/mi/VisualLocate/build/VisualLocate/build/lib/VisualLocate
[5.529s] copying VisualLocate/stand.py -> /home/mi/VisualLocate/build/VisualLocate/build/lib/VisualLocate
[5.530s] running install
[5.531s] /usr/local/lib/python3.6/dist-packages/setuptools/command/install.py:37: SetuptoolsDeprecationWarning: setup.py install is deprecated. Use build and pip and other standards-based tools.
[5.531s]   setuptools.SetuptoolsDeprecationWarning,
[5.532s] running install_lib
[5.536s] copying /home/mi/VisualLocate/build/VisualLocate/build/lib/VisualLocate/get_image.py -> /home/mi/VisualLocate/install/VisualLocate/lib/python3.6/site-packages/VisualLocate
[5.537s] copying /home/mi/VisualLocate/build/VisualLocate/build/lib/VisualLocate/stand.py -> /home/mi/VisualLocate/install/VisualLocate/lib/python3.6/site-packages/VisualLocate
[5.538s] byte-compiling /home/mi/VisualLocate/install/VisualLocate/lib/python3.6/site-packages/VisualLocate/get_image.py to get_image.cpython-36.pyc
[5.538s] byte-compiling /home/mi/VisualLocate/install/VisualLocate/lib/python3.6/site-packages/VisualLocate/stand.py to stand.cpython-36.pyc
[5.540s] running install_data
[5.544s] running install_egg_info
[5.552s] removing '/home/mi/VisualLocate/install/VisualLocate/lib/python3.6/site-packages/VisualLocate-0.0.0-py3.6.egg-info' (and everything under it)
[5.554s] Copying ../../build/VisualLocate/VisualLocate.egg-info to /home/mi/VisualLocate/install/VisualLocate/lib/python3.6/site-packages/VisualLocate-0.0.0-py3.6.egg-info
[5.558s] running install_scripts
[5.649s] Installing stand script to /home/mi/VisualLocate/install/VisualLocate/lib/VisualLocate
[5.652s] Installing walk script to /home/mi/VisualLocate/install/VisualLocate/lib/VisualLocate
[5.654s] writing list of installed files to '/home/mi/VisualLocate/build/VisualLocate/install.log'
[5.771s] Invoked command in '/home/mi/VisualLocate/src/VisualLocate' returned '0': PYTHONPATH=/home/mi/VisualLocate/install/VisualLocate/lib/python3.6/site-packages:${PYTHONPATH} /usr/bin/python3 setup.py egg_info --egg-base ../../build/VisualLocate build --build-base /home/mi/VisualLocate/build/VisualLocate/build install --prefix /home/mi/VisualLocate/install/VisualLocate --record /home/mi/VisualLocate/build/VisualLocate/install.log --single-version-externally-managed
