[3.948s] Invoking command in '/home/mi/preliminary/src/avoidance': PYTHONPATH=/home/mi/preliminary/install/avoidance/lib/python3.6/site-packages:${PYTHONPATH} /usr/bin/python3 setup.py egg_info --egg-base ../../build/avoidance build --build-base /home/mi/preliminary/build/avoidance/build install --prefix /home/mi/preliminary/install/avoidance --record /home/mi/preliminary/build/avoidance/install.log --single-version-externally-managed
[5.476s] running egg_info
[5.480s] writing ../../build/avoidance/avoidance.egg-info/PKG-INFO
[5.480s] writing dependency_links to ../../build/avoidance/avoidance.egg-info/dependency_links.txt
[5.482s] writing entry points to ../../build/avoidance/avoidance.egg-info/entry_points.txt
[5.483s] writing requirements to ../../build/avoidance/avoidance.egg-info/requires.txt
[5.483s] writing top-level names to ../../build/avoidance/avoidance.egg-info/top_level.txt
[5.502s] reading manifest file '../../build/avoidance/avoidance.egg-info/SOURCES.txt'
[5.510s] writing manifest file '../../build/avoidance/avoidance.egg-info/SOURCES.txt'
[5.512s] running build
[5.513s] running build_py
[5.513s] copying avoidance/avoid.py -> /home/mi/preliminary/build/avoidance/build/lib/avoidance
[5.515s] copying avoidance/manager.py -> /home/mi/preliminary/build/avoidance/build/lib/avoidance
[5.517s] running install
[5.519s] /usr/local/lib/python3.6/dist-packages/setuptools/command/install.py:37: SetuptoolsDeprecationWarning: setup.py install is deprecated. Use build and pip and other standards-based tools.
[5.521s]   setuptools.SetuptoolsDeprecationWarning,
[5.522s] running install_lib
[5.524s] copying /home/mi/preliminary/build/avoidance/build/lib/avoidance/avoid.py -> /home/mi/preliminary/install/avoidance/lib/python3.6/site-packages/avoidance
[5.526s] copying /home/mi/preliminary/build/avoidance/build/lib/avoidance/manager.py -> /home/mi/preliminary/install/avoidance/lib/python3.6/site-packages/avoidance
[5.528s] byte-compiling /home/mi/preliminary/install/avoidance/lib/python3.6/site-packages/avoidance/avoid.py to avoid.cpython-36.pyc
[5.533s] byte-compiling /home/mi/preliminary/install/avoidance/lib/python3.6/site-packages/avoidance/manager.py to manager.cpython-36.pyc
[5.535s] running install_data
[5.538s] copying package.xml -> /home/mi/preliminary/install/avoidance/share/avoidance
[5.539s] running install_egg_info
[5.548s] removing '/home/mi/preliminary/install/avoidance/lib/python3.6/site-packages/avoidance-0.0.0-py3.6.egg-info' (and everything under it)
[5.550s] Copying ../../build/avoidance/avoidance.egg-info to /home/mi/preliminary/install/avoidance/lib/python3.6/site-packages/avoidance-0.0.0-py3.6.egg-info
[5.557s] running install_scripts
[5.664s] Installing sensor script to /home/mi/preliminary/install/avoidance/lib/avoidance
[5.665s] Installing stand script to /home/mi/preliminary/install/avoidance/lib/avoidance
[5.667s] Installing stand_sit script to /home/mi/preliminary/install/avoidance/lib/avoidance
[5.667s] Installing walk script to /home/mi/preliminary/install/avoidance/lib/avoidance
[5.668s] writing list of installed files to '/home/mi/preliminary/build/avoidance/install.log'
[5.796s] Invoked command in '/home/mi/preliminary/src/avoidance' returned '0': PYTHONPATH=/home/mi/preliminary/install/avoidance/lib/python3.6/site-packages:${PYTHONPATH} /usr/bin/python3 setup.py egg_info --egg-base ../../build/avoidance build --build-base /home/mi/preliminary/build/avoidance/build install --prefix /home/mi/preliminary/install/avoidance --record /home/mi/preliminary/build/avoidance/install.log --single-version-externally-managed
