[3.943s] Invoking command in '/home/mi/preliminary/src/avoidance': PYTHONPATH=/home/mi/preliminary/install/avoidance/lib/python3.6/site-packages:${PYTHONPATH} /usr/bin/python3 setup.py egg_info --egg-base ../../build/avoidance build --build-base /home/mi/preliminary/build/avoidance/build install --prefix /home/mi/preliminary/install/avoidance --record /home/mi/preliminary/build/avoidance/install.log --single-version-externally-managed
[5.458s] running egg_info
[5.459s] writing ../../build/avoidance/avoidance.egg-info/PKG-INFO
[5.461s] writing dependency_links to ../../build/avoidance/avoidance.egg-info/dependency_links.txt
[5.462s] writing entry points to ../../build/avoidance/avoidance.egg-info/entry_points.txt
[5.463s] writing requirements to ../../build/avoidance/avoidance.egg-info/requires.txt
[5.463s] writing top-level names to ../../build/avoidance/avoidance.egg-info/top_level.txt
[5.478s] reading manifest file '../../build/avoidance/avoidance.egg-info/SOURCES.txt'
[5.485s] writing manifest file '../../build/avoidance/avoidance.egg-info/SOURCES.txt'
[5.485s] running build
[5.486s] running build_py
[5.487s] copying avoidance/avoid_jez.py -> /home/mi/preliminary/build/avoidance/build/lib/avoidance
[5.489s] running install
[5.490s] /usr/local/lib/python3.6/dist-packages/setuptools/command/install.py:37: SetuptoolsDeprecationWarning: setup.py install is deprecated. Use build and pip and other standards-based tools.
[5.493s]   setuptools.SetuptoolsDeprecationWarning,
[5.494s] running install_lib
[5.497s] copying /home/mi/preliminary/build/avoidance/build/lib/avoidance/avoid_jez.py -> /home/mi/preliminary/install/avoidance/lib/python3.6/site-packages/avoidance
[5.501s] byte-compiling /home/mi/preliminary/install/avoidance/lib/python3.6/site-packages/avoidance/avoid_jez.py to avoid_jez.cpython-36.pyc
[5.507s] running install_data
[5.510s] running install_egg_info
[5.517s] removing '/home/mi/preliminary/install/avoidance/lib/python3.6/site-packages/avoidance-0.0.0-py3.6.egg-info' (and everything under it)
[5.518s] Copying ../../build/avoidance/avoidance.egg-info to /home/mi/preliminary/install/avoidance/lib/python3.6/site-packages/avoidance-0.0.0-py3.6.egg-info
[5.524s] running install_scripts
[5.612s] Installing avoid script to /home/mi/preliminary/install/avoidance/lib/avoidance
[5.614s] Installing avoid_jez script to /home/mi/preliminary/install/avoidance/lib/avoidance
[5.615s] Installing radar script to /home/mi/preliminary/install/avoidance/lib/avoidance
[5.616s] Installing sensor script to /home/mi/preliminary/install/avoidance/lib/avoidance
[5.617s] Installing stand script to /home/mi/preliminary/install/avoidance/lib/avoidance
[5.617s] Installing stand_sit script to /home/mi/preliminary/install/avoidance/lib/avoidance
[5.617s] Installing ultrasonic script to /home/mi/preliminary/install/avoidance/lib/avoidance
[5.618s] Installing walk script to /home/mi/preliminary/install/avoidance/lib/avoidance
[5.619s] writing list of installed files to '/home/mi/preliminary/build/avoidance/install.log'
[5.726s] Invoked command in '/home/mi/preliminary/src/avoidance' returned '0': PYTHONPATH=/home/mi/preliminary/install/avoidance/lib/python3.6/site-packages:${PYTHONPATH} /usr/bin/python3 setup.py egg_info --egg-base ../../build/avoidance build --build-base /home/mi/preliminary/build/avoidance/build install --prefix /home/mi/preliminary/install/avoidance --record /home/mi/preliminary/build/avoidance/install.log --single-version-externally-managed
