[3.869s] Invoking command in '/home/mi/preliminary/src/avoidance': PYTHONPATH=/home/mi/preliminary/install/avoidance/lib/python3.6/site-packages:${PYTHONPATH} /usr/bin/python3 setup.py egg_info --egg-base ../../build/avoidance build --build-base /home/mi/preliminary/build/avoidance/build install --prefix /home/mi/preliminary/install/avoidance --record /home/mi/preliminary/build/avoidance/install.log --single-version-externally-managed
[5.380s] running egg_info
[5.384s] writing ../../build/avoidance/avoidance.egg-info/PKG-INFO
[5.385s] writing dependency_links to ../../build/avoidance/avoidance.egg-info/dependency_links.txt
[5.387s] writing entry points to ../../build/avoidance/avoidance.egg-info/entry_points.txt
[5.388s] writing requirements to ../../build/avoidance/avoidance.egg-info/requires.txt
[5.389s] writing top-level names to ../../build/avoidance/avoidance.egg-info/top_level.txt
[5.403s] reading manifest file '../../build/avoidance/avoidance.egg-info/SOURCES.txt'
[5.409s] writing manifest file '../../build/avoidance/avoidance.egg-info/SOURCES.txt'
[5.410s] running build
[5.411s] running build_py
[5.412s] copying avoidance/avoid_jez.py -> /home/mi/preliminary/build/avoidance/build/lib/avoidance
[5.414s] running install
[5.415s] /usr/local/lib/python3.6/dist-packages/setuptools/command/install.py:37: SetuptoolsDeprecationWarning: setup.py install is deprecated. Use build and pip and other standards-based tools.
[5.416s]   setuptools.SetuptoolsDeprecationWarning,
[5.418s] running install_lib
[5.420s] copying /home/mi/preliminary/build/avoidance/build/lib/avoidance/avoid_jez.py -> /home/mi/preliminary/install/avoidance/lib/python3.6/site-packages/avoidance
[5.424s] byte-compiling /home/mi/preliminary/install/avoidance/lib/python3.6/site-packages/avoidance/avoid_jez.py to avoid_jez.cpython-36.pyc
[5.431s] running install_data
[5.434s] running install_egg_info
[5.441s] removing '/home/mi/preliminary/install/avoidance/lib/python3.6/site-packages/avoidance-0.0.0-py3.6.egg-info' (and everything under it)
[5.443s] Copying ../../build/avoidance/avoidance.egg-info to /home/mi/preliminary/install/avoidance/lib/python3.6/site-packages/avoidance-0.0.0-py3.6.egg-info
[5.450s] running install_scripts
[5.541s] Installing avoid script to /home/mi/preliminary/install/avoidance/lib/avoidance
[5.544s] Installing avoid_jez script to /home/mi/preliminary/install/avoidance/lib/avoidance
[5.545s] Installing radar script to /home/mi/preliminary/install/avoidance/lib/avoidance
[5.545s] Installing sensor script to /home/mi/preliminary/install/avoidance/lib/avoidance
[5.546s] Installing stand script to /home/mi/preliminary/install/avoidance/lib/avoidance
[5.547s] Installing stand_sit script to /home/mi/preliminary/install/avoidance/lib/avoidance
[5.548s] Installing ultrasonic script to /home/mi/preliminary/install/avoidance/lib/avoidance
[5.548s] Installing walk script to /home/mi/preliminary/install/avoidance/lib/avoidance
[5.548s] writing list of installed files to '/home/mi/preliminary/build/avoidance/install.log'
[5.683s] Invoked command in '/home/mi/preliminary/src/avoidance' returned '0': PYTHONPATH=/home/mi/preliminary/install/avoidance/lib/python3.6/site-packages:${PYTHONPATH} /usr/bin/python3 setup.py egg_info --egg-base ../../build/avoidance build --build-base /home/mi/preliminary/build/avoidance/build install --prefix /home/mi/preliminary/install/avoidance --record /home/mi/preliminary/build/avoidance/install.log --single-version-externally-managed
