[3.925s] Invoking command in '/home/mi/preliminary/src/avoidance': PYTHONPATH=/home/mi/preliminary/install/avoidance/lib/python3.6/site-packages:${PYTHONPATH} /usr/bin/python3 setup.py egg_info --egg-base ../../build/avoidance build --build-base /home/mi/preliminary/build/avoidance/build install --prefix /home/mi/preliminary/install/avoidance --record /home/mi/preliminary/build/avoidance/install.log --single-version-externally-managed
[5.477s] running egg_info
[5.480s] writing ../../build/avoidance/avoidance.egg-info/PKG-INFO
[5.484s] writing dependency_links to ../../build/avoidance/avoidance.egg-info/dependency_links.txt
[5.486s] writing entry points to ../../build/avoidance/avoidance.egg-info/entry_points.txt
[5.487s] writing requirements to ../../build/avoidance/avoidance.egg-info/requires.txt
[5.492s] writing top-level names to ../../build/avoidance/avoidance.egg-info/top_level.txt
[5.506s] reading manifest file '../../build/avoidance/avoidance.egg-info/SOURCES.txt'
[5.512s] writing manifest file '../../build/avoidance/avoidance.egg-info/SOURCES.txt'
[5.513s] running build
[5.514s] running build_py
[5.516s] running install
[5.518s] /usr/local/lib/python3.6/dist-packages/setuptools/command/install.py:37: SetuptoolsDeprecationWarning: setup.py install is deprecated. Use build and pip and other standards-based tools.
[5.518s]   setuptools.SetuptoolsDeprecationWarning,
[5.520s] running install_lib
[5.526s] running install_data
[5.530s] running install_egg_info
[5.539s] removing '/home/mi/preliminary/install/avoidance/lib/python3.6/site-packages/avoidance-0.0.0-py3.6.egg-info' (and everything under it)
[5.542s] Copying ../../build/avoidance/avoidance.egg-info to /home/mi/preliminary/install/avoidance/lib/python3.6/site-packages/avoidance-0.0.0-py3.6.egg-info
[5.547s] running install_scripts
[5.644s] Installing sensor script to /home/mi/preliminary/install/avoidance/lib/avoidance
[5.649s] Installing stand script to /home/mi/preliminary/install/avoidance/lib/avoidance
[5.650s] Installing stand_sit script to /home/mi/preliminary/install/avoidance/lib/avoidance
[5.650s] Installing walk script to /home/mi/preliminary/install/avoidance/lib/avoidance
[5.651s] writing list of installed files to '/home/mi/preliminary/build/avoidance/install.log'
[5.773s] Invoked command in '/home/mi/preliminary/src/avoidance' returned '0': PYTHONPATH=/home/mi/preliminary/install/avoidance/lib/python3.6/site-packages:${PYTHONPATH} /usr/bin/python3 setup.py egg_info --egg-base ../../build/avoidance build --build-base /home/mi/preliminary/build/avoidance/build install --prefix /home/mi/preliminary/install/avoidance --record /home/mi/preliminary/build/avoidance/install.log --single-version-externally-managed
