[4.230s] Invoking command in '/home/mi/preliminary/src/avoidance': PYTHONPATH=/home/mi/preliminary/install/avoidance/lib/python3.6/site-packages:${PYTHONPATH} /usr/bin/python3 setup.py egg_info --egg-base ../../build/avoidance build --build-base /home/mi/preliminary/build/avoidance/build install --prefix /home/mi/preliminary/install/avoidance --record /home/mi/preliminary/build/avoidance/install.log --single-version-externally-managed
[5.786s] running egg_info
[5.789s] writing ../../build/avoidance/avoidance.egg-info/PKG-INFO
[5.790s] writing dependency_links to ../../build/avoidance/avoidance.egg-info/dependency_links.txt
[5.791s] writing entry points to ../../build/avoidance/avoidance.egg-info/entry_points.txt
[5.793s] writing requirements to ../../build/avoidance/avoidance.egg-info/requires.txt
[5.793s] writing top-level names to ../../build/avoidance/avoidance.egg-info/top_level.txt
[5.809s] reading manifest file '../../build/avoidance/avoidance.egg-info/SOURCES.txt'
[5.816s] writing manifest file '../../build/avoidance/avoidance.egg-info/SOURCES.txt'
[5.817s] running build
[5.818s] running build_py
[5.818s] copying avoidance/avoid_jez.py -> /home/mi/preliminary/build/avoidance/build/lib/avoidance
[5.822s] running install
[5.824s] /usr/local/lib/python3.6/dist-packages/setuptools/command/install.py:37: SetuptoolsDeprecationWarning: setup.py install is deprecated. Use build and pip and other standards-based tools.
[5.825s]   setuptools.SetuptoolsDeprecationWarning,
[5.825s] running install_lib
[5.828s] copying /home/mi/preliminary/build/avoidance/build/lib/avoidance/avoid_jez.py -> /home/mi/preliminary/install/avoidance/lib/python3.6/site-packages/avoidance
[5.833s] byte-compiling /home/mi/preliminary/install/avoidance/lib/python3.6/site-packages/avoidance/avoid_jez.py to avoid_jez.cpython-36.pyc
[5.839s] running install_data
[5.841s] running install_egg_info
[5.849s] removing '/home/mi/preliminary/install/avoidance/lib/python3.6/site-packages/avoidance-0.0.0-py3.6.egg-info' (and everything under it)
[5.850s] Copying ../../build/avoidance/avoidance.egg-info to /home/mi/preliminary/install/avoidance/lib/python3.6/site-packages/avoidance-0.0.0-py3.6.egg-info
[5.855s] running install_scripts
[5.942s] Installing avoid script to /home/mi/preliminary/install/avoidance/lib/avoidance
[5.943s] Installing avoid_jez script to /home/mi/preliminary/install/avoidance/lib/avoidance
[5.944s] Installing radar script to /home/mi/preliminary/install/avoidance/lib/avoidance
[5.945s] Installing sensor script to /home/mi/preliminary/install/avoidance/lib/avoidance
[5.946s] Installing stand script to /home/mi/preliminary/install/avoidance/lib/avoidance
[5.950s] Installing stand_sit script to /home/mi/preliminary/install/avoidance/lib/avoidance
[5.950s] Installing ultrasonic script to /home/mi/preliminary/install/avoidance/lib/avoidance
[5.951s] Installing walk script to /home/mi/preliminary/install/avoidance/lib/avoidance
[5.952s] writing list of installed files to '/home/mi/preliminary/build/avoidance/install.log'
[6.061s] Invoked command in '/home/mi/preliminary/src/avoidance' returned '0': PYTHONPATH=/home/mi/preliminary/install/avoidance/lib/python3.6/site-packages:${PYTHONPATH} /usr/bin/python3 setup.py egg_info --egg-base ../../build/avoidance build --build-base /home/mi/preliminary/build/avoidance/build install --prefix /home/mi/preliminary/install/avoidance --record /home/mi/preliminary/build/avoidance/install.log --single-version-externally-managed
