[3.892s] Invoking command in '/home/mi/preliminary/src/avoidance': PYTHONPATH=/home/mi/preliminary/install/avoidance/lib/python3.6/site-packages:${PYTHONPATH} /usr/bin/python3 setup.py egg_info --egg-base ../../build/avoidance build --build-base /home/mi/preliminary/build/avoidance/build install --prefix /home/mi/preliminary/install/avoidance --record /home/mi/preliminary/build/avoidance/install.log --single-version-externally-managed
[5.355s] running egg_info
[5.360s] writing ../../build/avoidance/avoidance.egg-info/PKG-INFO
[5.364s] writing dependency_links to ../../build/avoidance/avoidance.egg-info/dependency_links.txt
[5.365s] writing entry points to ../../build/avoidance/avoidance.egg-info/entry_points.txt
[5.367s] writing requirements to ../../build/avoidance/avoidance.egg-info/requires.txt
[5.373s] writing top-level names to ../../build/avoidance/avoidance.egg-info/top_level.txt
[5.381s] reading manifest file '../../build/avoidance/avoidance.egg-info/SOURCES.txt'
[5.385s] writing manifest file '../../build/avoidance/avoidance.egg-info/SOURCES.txt'
[5.386s] running build
[5.387s] running build_py
[5.388s] copying avoidance/avoid_jez.py -> /home/mi/preliminary/build/avoidance/build/lib/avoidance
[5.392s] running install
[5.396s] running install_lib
[5.396s] /usr/local/lib/python3.6/dist-packages/setuptools/command/install.py:37: SetuptoolsDeprecationWarning: setup.py install is deprecated. Use build and pip and other standards-based tools.
[5.397s]   setuptools.SetuptoolsDeprecationWarning,
[5.399s] copying /home/mi/preliminary/build/avoidance/build/lib/avoidance/avoid_jez.py -> /home/mi/preliminary/install/avoidance/lib/python3.6/site-packages/avoidance
[5.402s] byte-compiling /home/mi/preliminary/install/avoidance/lib/python3.6/site-packages/avoidance/avoid_jez.py to avoid_jez.cpython-36.pyc
[5.409s] running install_data
[5.411s] running install_egg_info
[5.418s] removing '/home/mi/preliminary/install/avoidance/lib/python3.6/site-packages/avoidance-0.0.0-py3.6.egg-info' (and everything under it)
[5.420s] Copying ../../build/avoidance/avoidance.egg-info to /home/mi/preliminary/install/avoidance/lib/python3.6/site-packages/avoidance-0.0.0-py3.6.egg-info
[5.425s] running install_scripts
[5.511s] Installing avoid script to /home/mi/preliminary/install/avoidance/lib/avoidance
[5.512s] Installing avoid_jez script to /home/mi/preliminary/install/avoidance/lib/avoidance
[5.513s] Installing radar script to /home/mi/preliminary/install/avoidance/lib/avoidance
[5.514s] Installing sensor script to /home/mi/preliminary/install/avoidance/lib/avoidance
[5.514s] Installing stand script to /home/mi/preliminary/install/avoidance/lib/avoidance
[5.515s] Installing stand_sit script to /home/mi/preliminary/install/avoidance/lib/avoidance
[5.515s] Installing ultrasonic script to /home/mi/preliminary/install/avoidance/lib/avoidance
[5.516s] Installing walk script to /home/mi/preliminary/install/avoidance/lib/avoidance
[5.517s] writing list of installed files to '/home/mi/preliminary/build/avoidance/install.log'
[5.630s] Invoked command in '/home/mi/preliminary/src/avoidance' returned '0': PYTHONPATH=/home/mi/preliminary/install/avoidance/lib/python3.6/site-packages:${PYTHONPATH} /usr/bin/python3 setup.py egg_info --egg-base ../../build/avoidance build --build-base /home/mi/preliminary/build/avoidance/build install --prefix /home/mi/preliminary/install/avoidance --record /home/mi/preliminary/build/avoidance/install.log --single-version-externally-managed
