[4.206s] Invoking command in '/home/mi/preliminary/src/avoidance': PYTHONPATH=/home/mi/preliminary/install/avoidance/lib/python3.6/site-packages:${PYTHONPATH} /usr/bin/python3 setup.py egg_info --egg-base ../../build/avoidance build --build-base /home/mi/preliminary/build/avoidance/build install --prefix /home/mi/preliminary/install/avoidance --record /home/mi/preliminary/build/avoidance/install.log --single-version-externally-managed
[5.707s] running egg_info
[5.710s] writing ../../build/avoidance/avoidance.egg-info/PKG-INFO
[5.711s] writing dependency_links to ../../build/avoidance/avoidance.egg-info/dependency_links.txt
[5.713s] writing entry points to ../../build/avoidance/avoidance.egg-info/entry_points.txt
[5.714s] writing requirements to ../../build/avoidance/avoidance.egg-info/requires.txt
[5.715s] writing top-level names to ../../build/avoidance/avoidance.egg-info/top_level.txt
[5.730s] reading manifest file '../../build/avoidance/avoidance.egg-info/SOURCES.txt'
[5.736s] writing manifest file '../../build/avoidance/avoidance.egg-info/SOURCES.txt'
[5.737s] running build
[5.738s] running build_py
[5.741s] copying avoidance/avoid.py -> /home/mi/preliminary/build/avoidance/build/lib/avoidance
[5.742s] running install
[5.744s] /usr/local/lib/python3.6/dist-packages/setuptools/command/install.py:37: SetuptoolsDeprecationWarning: setup.py install is deprecated. Use build and pip and other standards-based tools.
[5.744s]   setuptools.SetuptoolsDeprecationWarning,
[5.746s] running install_lib
[5.748s] copying /home/mi/preliminary/build/avoidance/build/lib/avoidance/avoid.py -> /home/mi/preliminary/install/avoidance/lib/python3.6/site-packages/avoidance
[5.750s] byte-compiling /home/mi/preliminary/install/avoidance/lib/python3.6/site-packages/avoidance/avoid.py to avoid.cpython-36.pyc
[5.756s] running install_data
[5.759s] running install_egg_info
[5.766s] removing '/home/mi/preliminary/install/avoidance/lib/python3.6/site-packages/avoidance-0.0.0-py3.6.egg-info' (and everything under it)
[5.768s] Copying ../../build/avoidance/avoidance.egg-info to /home/mi/preliminary/install/avoidance/lib/python3.6/site-packages/avoidance-0.0.0-py3.6.egg-info
[5.774s] running install_scripts
[5.860s] Installing avoid script to /home/mi/preliminary/install/avoidance/lib/avoidance
[5.861s] Installing sensor script to /home/mi/preliminary/install/avoidance/lib/avoidance
[5.864s] Installing stand script to /home/mi/preliminary/install/avoidance/lib/avoidance
[5.864s] Installing stand_sit script to /home/mi/preliminary/install/avoidance/lib/avoidance
[5.865s] Installing test script to /home/mi/preliminary/install/avoidance/lib/avoidance
[5.866s] Installing walk script to /home/mi/preliminary/install/avoidance/lib/avoidance
[5.866s] writing list of installed files to '/home/mi/preliminary/build/avoidance/install.log'
[5.975s] Invoked command in '/home/mi/preliminary/src/avoidance' returned '0': PYTHONPATH=/home/mi/preliminary/install/avoidance/lib/python3.6/site-packages:${PYTHONPATH} /usr/bin/python3 setup.py egg_info --egg-base ../../build/avoidance build --build-base /home/mi/preliminary/build/avoidance/build install --prefix /home/mi/preliminary/install/avoidance --record /home/mi/preliminary/build/avoidance/install.log --single-version-externally-managed
