[4.231s] Invoking command in '/home/mi/preliminary/src/avoidance': PYTHONPATH=/home/mi/preliminary/install/avoidance/lib/python3.6/site-packages:${PYTHONPATH} /usr/bin/python3 setup.py egg_info --egg-base ../../build/avoidance build --build-base /home/mi/preliminary/build/avoidance/build install --prefix /home/mi/preliminary/install/avoidance --record /home/mi/preliminary/build/avoidance/install.log --single-version-externally-managed
[5.695s] running egg_info
[5.702s] writing ../../build/avoidance/avoidance.egg-info/PKG-INFO
[5.702s] writing dependency_links to ../../build/avoidance/avoidance.egg-info/dependency_links.txt
[5.703s] writing entry points to ../../build/avoidance/avoidance.egg-info/entry_points.txt
[5.703s] writing requirements to ../../build/avoidance/avoidance.egg-info/requires.txt
[5.704s] writing top-level names to ../../build/avoidance/avoidance.egg-info/top_level.txt
[5.715s] reading manifest file '../../build/avoidance/avoidance.egg-info/SOURCES.txt'
[5.721s] writing manifest file '../../build/avoidance/avoidance.egg-info/SOURCES.txt'
[5.722s] running build
[5.722s] running build_py
[5.723s] copying avoidance/avoid.py -> /home/mi/preliminary/build/avoidance/build/lib/avoidance
[5.726s] /usr/local/lib/python3.6/dist-packages/setuptools/command/install.py:37: SetuptoolsDeprecationWarning: setup.py install is deprecated. Use build and pip and other standards-based tools.
[5.727s]   setuptools.SetuptoolsDeprecationWarning,
[5.728s] running install
[5.729s] running install_lib
[5.732s] copying /home/mi/preliminary/build/avoidance/build/lib/avoidance/avoid.py -> /home/mi/preliminary/install/avoidance/lib/python3.6/site-packages/avoidance
[5.734s] byte-compiling /home/mi/preliminary/install/avoidance/lib/python3.6/site-packages/avoidance/avoid.py to avoid.cpython-36.pyc
[5.741s] running install_data
[5.743s] running install_egg_info
[5.750s] removing '/home/mi/preliminary/install/avoidance/lib/python3.6/site-packages/avoidance-0.0.0-py3.6.egg-info' (and everything under it)
[5.752s] Copying ../../build/avoidance/avoidance.egg-info to /home/mi/preliminary/install/avoidance/lib/python3.6/site-packages/avoidance-0.0.0-py3.6.egg-info
[5.767s] running install_scripts
[5.846s] Installing avoid script to /home/mi/preliminary/install/avoidance/lib/avoidance
[5.850s] Installing sensor script to /home/mi/preliminary/install/avoidance/lib/avoidance
[5.852s] Installing stand script to /home/mi/preliminary/install/avoidance/lib/avoidance
[5.853s] Installing stand_sit script to /home/mi/preliminary/install/avoidance/lib/avoidance
[5.854s] Installing test script to /home/mi/preliminary/install/avoidance/lib/avoidance
[5.855s] Installing walk script to /home/mi/preliminary/install/avoidance/lib/avoidance
[5.855s] writing list of installed files to '/home/mi/preliminary/build/avoidance/install.log'
[5.973s] Invoked command in '/home/mi/preliminary/src/avoidance' returned '0': PYTHONPATH=/home/mi/preliminary/install/avoidance/lib/python3.6/site-packages:${PYTHONPATH} /usr/bin/python3 setup.py egg_info --egg-base ../../build/avoidance build --build-base /home/mi/preliminary/build/avoidance/build install --prefix /home/mi/preliminary/install/avoidance --record /home/mi/preliminary/build/avoidance/install.log --single-version-externally-managed
