[3.811s] Invoking command in '/home/mi/VisualLocate/src/VisualLocate': PYTHONPATH=/home/mi/VisualLocate/install/VisualLocate/lib/python3.6/site-packages:${PYTHONPATH} /usr/bin/python3 setup.py egg_info --egg-base ../../build/VisualLocate build --build-base /home/mi/VisualLocate/build/VisualLocate/build install --prefix /home/mi/VisualLocate/install/VisualLocate --record /home/mi/VisualLocate/build/VisualLocate/install.log --single-version-externally-managed
[5.297s] running egg_info
[5.300s] writing ../../build/VisualLocate/VisualLocate.egg-info/PKG-INFO
[5.301s] writing dependency_links to ../../build/VisualLocate/VisualLocate.egg-info/dependency_links.txt
[5.302s] writing entry points to ../../build/VisualLocate/VisualLocate.egg-info/entry_points.txt
[5.303s] writing requirements to ../../build/VisualLocate/VisualLocate.egg-info/requires.txt
[5.303s] writing top-level names to ../../build/VisualLocate/VisualLocate.egg-info/top_level.txt
[5.317s] reading manifest file '../../build/VisualLocate/VisualLocate.egg-info/SOURCES.txt'
[5.323s] writing manifest file '../../build/VisualLocate/VisualLocate.egg-info/SOURCES.txt'
[5.327s] running build
[5.327s] running build_py
[5.333s] running install
[5.334s] /usr/local/lib/python3.6/dist-packages/setuptools/command/install.py:37: SetuptoolsDeprecationWarning: setup.py install is deprecated. Use build and pip and other standards-based tools.
[5.335s]   setuptools.SetuptoolsDeprecationWarning,
[5.336s] running install_lib
[5.337s] running install_data
[5.338s] running install_egg_info
[5.344s] removing '/home/mi/VisualLocate/install/VisualLocate/lib/python3.6/site-packages/VisualLocate-0.0.0-py3.6.egg-info' (and everything under it)
[5.345s] Copying ../../build/VisualLocate/VisualLocate.egg-info to /home/mi/VisualLocate/install/VisualLocate/lib/python3.6/site-packages/VisualLocate-0.0.0-py3.6.egg-info
[5.350s] running install_scripts
[5.437s] Installing stand = VisualLocate.stand:mainget_image script to /home/mi/VisualLocate/install/VisualLocate/lib/VisualLocate
[5.438s] Installing walk script to /home/mi/VisualLocate/install/VisualLocate/lib/VisualLocate
[5.439s] writing list of installed files to '/home/mi/VisualLocate/build/VisualLocate/install.log'
[5.550s] Invoked command in '/home/mi/VisualLocate/src/VisualLocate' returned '0': PYTHONPATH=/home/mi/VisualLocate/install/VisualLocate/lib/python3.6/site-packages:${PYTHONPATH} /usr/bin/python3 setup.py egg_info --egg-base ../../build/VisualLocate build --build-base /home/mi/VisualLocate/build/VisualLocate/build install --prefix /home/mi/VisualLocate/install/VisualLocate --record /home/mi/VisualLocate/build/VisualLocate/install.log --single-version-externally-managed
