[2.602s] DEBUG:colcon:Command line arguments: ['/usr/bin/colcon', 'build']
[2.603s] DEBUG:colcon:Parsed command line arguments: Namespace(allow_overriding=[], ament_cmake_args=None, base_paths=['.'], build_base='build', catkin_cmake_args=None, catkin_skip_building_tests=False, cmake_args=None, cmake_clean_cache=False, cmake_clean_first=False, cmake_force_configure=False, cmake_target=None, cmake_target_skip_unavailable=False, continue_on_error=False, event_handlers=None, executor='parallel', ignore_user_meta=False, install_base='install', log_base=None, log_level=None, main=<bound method BuildVerb.main of <colcon_core.verb.build.BuildVerb object at 0x7f9b661f60>>, merge_install=False, metas=['./colcon.meta'], packages_above=None, packages_above_and_dependencies=None, packages_above_depth=None, packages_end=None, packages_ignore=None, packages_ignore_regex=None, packages_select=None, packages_select_build_failed=False, packages_select_by_dep=None, packages_select_regex=None, packages_select_test_failures=False, packages_skip=None, packages_skip_build_finished=False, packages_skip_by_dep=None, packages_skip_regex=None, packages_skip_test_passed=False, packages_skip_up_to=None, packages_start=None, packages_up_to=None, packages_up_to_regex=None, parallel_workers=6, paths=None, symlink_install=False, test_result_base=None, verb_extension=<colcon_core.verb.build.BuildVerb object at 0x7f9b661f60>, verb_name='build', verb_parser=<colcon_defaults.argument_parser.defaults.DefaultArgumentsDecorator object at 0x7f9b5d4240>)
[2.650s] Level 1:colcon.colcon_core.package_discovery:discover_packages(colcon_meta) check parameters
[2.651s] Level 1:colcon.colcon_core.package_discovery:discover_packages(recursive) check parameters
[2.652s] Level 1:colcon.colcon_core.package_discovery:discover_packages(ignore) check parameters
[2.652s] Level 1:colcon.colcon_core.package_discovery:discover_packages(path) check parameters
[2.652s] Level 1:colcon.colcon_core.package_discovery:discover_packages(colcon_meta) discover
[2.655s] Level 1:colcon.colcon_core.package_discovery:discover_packages(recursive) discover
[2.655s] INFO:colcon.colcon_core.package_discovery:Crawling recursively for packages in '/home/mi/preliminary'
[2.655s] Level 1:colcon.colcon_core.package_identification:_identify(.) by extensions ['ignore', 'ignore_ament_install']
[2.657s] Level 1:colcon.colcon_core.package_identification:_identify(.) by extension 'ignore'
[2.657s] Level 1:colcon.colcon_core.package_identification:_identify(.) by extension 'ignore_ament_install'
[2.657s] Level 1:colcon.colcon_core.package_identification:_identify(.) by extensions ['colcon_pkg']
[2.658s] Level 1:colcon.colcon_core.package_identification:_identify(.) by extension 'colcon_pkg'
[2.658s] Level 1:colcon.colcon_core.package_identification:_identify(.) by extensions ['colcon_meta']
[2.658s] Level 1:colcon.colcon_core.package_identification:_identify(.) by extension 'colcon_meta'
[2.658s] Level 1:colcon.colcon_core.package_identification:_identify(.) by extensions ['ros']
[2.659s] Level 1:colcon.colcon_core.package_identification:_identify(.) by extension 'ros'
[3.124s] Level 1:colcon.colcon_core.package_identification:_identify(.) by extensions ['cmake', 'python']
[3.125s] Level 1:colcon.colcon_core.package_identification:_identify(.) by extension 'cmake'
[3.126s] Level 1:colcon.colcon_core.package_identification:_identify(.) by extension 'python'
[3.127s] Level 1:colcon.colcon_core.package_identification:_identify(.) by extensions ['python_setup_py']
[3.127s] Level 1:colcon.colcon_core.package_identification:_identify(.) by extension 'python_setup_py'
[3.128s] Level 1:colcon.colcon_core.package_identification:_identify(build) by extensions ['ignore', 'ignore_ament_install']
[3.128s] Level 1:colcon.colcon_core.package_identification:_identify(build) by extension 'ignore'
[3.129s] Level 1:colcon.colcon_core.package_identification:_identify(build) ignored
[3.131s] Level 1:colcon.colcon_core.package_identification:_identify(install) by extensions ['ignore', 'ignore_ament_install']
[3.131s] Level 1:colcon.colcon_core.package_identification:_identify(install) by extension 'ignore'
[3.132s] Level 1:colcon.colcon_core.package_identification:_identify(install) ignored
[3.132s] Level 1:colcon.colcon_core.package_identification:_identify(log) by extensions ['ignore', 'ignore_ament_install']
[3.133s] Level 1:colcon.colcon_core.package_identification:_identify(log) by extension 'ignore'
[3.134s] Level 1:colcon.colcon_core.package_identification:_identify(log) ignored
[3.135s] Level 1:colcon.colcon_core.package_identification:_identify(src) by extensions ['ignore', 'ignore_ament_install']
[3.135s] Level 1:colcon.colcon_core.package_identification:_identify(src) by extension 'ignore'
[3.136s] Level 1:colcon.colcon_core.package_identification:_identify(src) by extension 'ignore_ament_install'
[3.136s] Level 1:colcon.colcon_core.package_identification:_identify(src) by extensions ['colcon_pkg']
[3.136s] Level 1:colcon.colcon_core.package_identification:_identify(src) by extension 'colcon_pkg'
[3.136s] Level 1:colcon.colcon_core.package_identification:_identify(src) by extensions ['colcon_meta']
[3.137s] Level 1:colcon.colcon_core.package_identification:_identify(src) by extension 'colcon_meta'
[3.137s] Level 1:colcon.colcon_core.package_identification:_identify(src) by extensions ['ros']
[3.138s] Level 1:colcon.colcon_core.package_identification:_identify(src) by extension 'ros'
[3.138s] Level 1:colcon.colcon_core.package_identification:_identify(src) by extensions ['cmake', 'python']
[3.138s] Level 1:colcon.colcon_core.package_identification:_identify(src) by extension 'cmake'
[3.139s] Level 1:colcon.colcon_core.package_identification:_identify(src) by extension 'python'
[3.139s] Level 1:colcon.colcon_core.package_identification:_identify(src) by extensions ['python_setup_py']
[3.139s] Level 1:colcon.colcon_core.package_identification:_identify(src) by extension 'python_setup_py'
[3.140s] Level 1:colcon.colcon_core.package_identification:_identify(src/avoidance) by extensions ['ignore', 'ignore_ament_install']
[3.141s] Level 1:colcon.colcon_core.package_identification:_identify(src/avoidance) by extension 'ignore'
[3.141s] Level 1:colcon.colcon_core.package_identification:_identify(src/avoidance) by extension 'ignore_ament_install'
[3.142s] Level 1:colcon.colcon_core.package_identification:_identify(src/avoidance) by extensions ['colcon_pkg']
[3.142s] Level 1:colcon.colcon_core.package_identification:_identify(src/avoidance) by extension 'colcon_pkg'
[3.142s] Level 1:colcon.colcon_core.package_identification:_identify(src/avoidance) by extensions ['colcon_meta']
[3.143s] Level 1:colcon.colcon_core.package_identification:_identify(src/avoidance) by extension 'colcon_meta'
[3.143s] Level 1:colcon.colcon_core.package_identification:_identify(src/avoidance) by extensions ['ros']
[3.143s] Level 1:colcon.colcon_core.package_identification:_identify(src/avoidance) by extension 'ros'
[3.158s] DEBUG:colcon.colcon_core.package_identification:Package 'src/avoidance' with type 'ros.ament_python' and name 'avoidance'
[3.158s] Level 1:colcon.colcon_core.package_discovery:discover_packages(recursive) using defaults
[3.159s] Level 1:colcon.colcon_core.package_discovery:discover_packages(ignore) discover
[3.159s] Level 1:colcon.colcon_core.package_discovery:discover_packages(ignore) using defaults
[3.160s] Level 1:colcon.colcon_core.package_discovery:discover_packages(path) discover
[3.160s] Level 1:colcon.colcon_core.package_discovery:discover_packages(path) using defaults
[3.318s] Level 5:colcon.colcon_core.verb:set package 'avoidance' build argument 'cmake_args' from command line to 'None'
[3.318s] Level 5:colcon.colcon_core.verb:set package 'avoidance' build argument 'cmake_target' from command line to 'None'
[3.319s] Level 5:colcon.colcon_core.verb:set package 'avoidance' build argument 'cmake_target_skip_unavailable' from command line to 'False'
[3.319s] Level 5:colcon.colcon_core.verb:set package 'avoidance' build argument 'cmake_clean_cache' from command line to 'False'
[3.319s] Level 5:colcon.colcon_core.verb:set package 'avoidance' build argument 'cmake_clean_first' from command line to 'False'
[3.319s] Level 5:colcon.colcon_core.verb:set package 'avoidance' build argument 'cmake_force_configure' from command line to 'False'
[3.320s] Level 5:colcon.colcon_core.verb:set package 'avoidance' build argument 'ament_cmake_args' from command line to 'None'
[3.320s] Level 5:colcon.colcon_core.verb:set package 'avoidance' build argument 'catkin_cmake_args' from command line to 'None'
[3.320s] Level 5:colcon.colcon_core.verb:set package 'avoidance' build argument 'catkin_skip_building_tests' from command line to 'False'
[3.320s] DEBUG:colcon.colcon_core.verb:Building package 'avoidance' with the following arguments: {'ament_cmake_args': None, 'build_base': '/home/mi/preliminary/build/avoidance', 'catkin_cmake_args': None, 'catkin_skip_building_tests': False, 'cmake_args': None, 'cmake_clean_cache': False, 'cmake_clean_first': False, 'cmake_force_configure': False, 'cmake_target': None, 'cmake_target_skip_unavailable': False, 'install_base': '/home/mi/preliminary/install/avoidance', 'merge_install': False, 'path': '/home/mi/preliminary/src/avoidance', 'symlink_install': False, 'test_result_base': None}
[3.404s] INFO:colcon.colcon_core.executor:Executing jobs using 'parallel' executor
[3.420s] DEBUG:colcon.colcon_parallel_executor.executor.parallel:run_until_complete
[3.421s] INFO:colcon.colcon_ros.task.ament_python.build:Building ROS package in '/home/mi/preliminary/src/avoidance' with build type 'ament_python'
[3.423s] Level 1:colcon.colcon_core.shell:create_environment_hook('avoidance', 'ament_prefix_path')
[3.464s] INFO:colcon.colcon_core.plugin_system:Skipping extension 'colcon_core.shell.bat': Not used on non-Windows systems
[3.466s] INFO:colcon.colcon_core.shell:Creating environment hook '/home/mi/preliminary/install/avoidance/share/avoidance/hook/ament_prefix_path.ps1'
[3.470s] INFO:colcon.colcon_core.shell:Creating environment descriptor '/home/mi/preliminary/install/avoidance/share/avoidance/hook/ament_prefix_path.dsv'
[3.481s] INFO:colcon.colcon_core.shell:Creating environment hook '/home/mi/preliminary/install/avoidance/share/avoidance/hook/ament_prefix_path.sh'
[3.488s] INFO:colcon.colcon_core.shell:Skip shell extension 'powershell' for command environment: Not usable outside of PowerShell
[3.489s] DEBUG:colcon.colcon_core.shell:Skip shell extension 'dsv' for command environment
[5.261s] INFO:colcon.colcon_core.task.python.build:Building Python package in '/home/mi/preliminary/src/avoidance'
[5.271s] INFO:colcon.colcon_core.shell:Skip shell extension 'powershell' for command environment: Not usable outside of PowerShell
[5.273s] DEBUG:colcon.colcon_core.shell:Skip shell extension 'dsv' for command environment
[7.929s] DEBUG:colcon.colcon_core.event_handler.log_command:Invoking command in '/home/mi/preliminary/src/avoidance': PYTHONPATH=/home/mi/preliminary/install/avoidance/lib/python3.6/site-packages:${PYTHONPATH} /usr/bin/python3 setup.py egg_info --egg-base ../../build/avoidance build --build-base /home/mi/preliminary/build/avoidance/build install --prefix /home/mi/preliminary/install/avoidance --record /home/mi/preliminary/build/avoidance/install.log --single-version-externally-managed
[10.037s] DEBUG:colcon.colcon_core.event_handler.log_command:Invoked command in '/home/mi/preliminary/src/avoidance' returned '0': PYTHONPATH=/home/mi/preliminary/install/avoidance/lib/python3.6/site-packages:${PYTHONPATH} /usr/bin/python3 setup.py egg_info --egg-base ../../build/avoidance build --build-base /home/mi/preliminary/build/avoidance/build install --prefix /home/mi/preliminary/install/avoidance --record /home/mi/preliminary/build/avoidance/install.log --single-version-externally-managed
[10.092s] Level 1:colcon.colcon_core.environment:checking '/home/mi/preliminary/install/avoidance' for CMake module files
[10.096s] Level 1:colcon.colcon_core.environment:checking '/home/mi/preliminary/install/avoidance' for CMake config files
[10.104s] Level 1:colcon.colcon_core.environment:checking '/home/mi/preliminary/install/avoidance/lib'
[10.105s] Level 1:colcon.colcon_core.environment:checking '/home/mi/preliminary/install/avoidance/bin'
[10.106s] Level 1:colcon.colcon_core.environment:checking '/home/mi/preliminary/install/avoidance/lib/pkgconfig/avoidance.pc'
[10.106s] Level 1:colcon.colcon_core.environment:checking '/home/mi/preliminary/install/avoidance/lib/python3.6/site-packages'
[10.107s] Level 1:colcon.colcon_core.shell:create_environment_hook('avoidance', 'pythonpath')
[10.110s] INFO:colcon.colcon_core.shell:Creating environment hook '/home/mi/preliminary/install/avoidance/share/avoidance/hook/pythonpath.ps1'
[10.113s] INFO:colcon.colcon_core.shell:Creating environment descriptor '/home/mi/preliminary/install/avoidance/share/avoidance/hook/pythonpath.dsv'
[10.115s] INFO:colcon.colcon_core.shell:Creating environment hook '/home/mi/preliminary/install/avoidance/share/avoidance/hook/pythonpath.sh'
[10.117s] Level 1:colcon.colcon_core.environment:create_environment_scripts_only(avoidance)
[10.121s] INFO:colcon.colcon_core.shell:Creating package script '/home/mi/preliminary/install/avoidance/share/avoidance/package.ps1'
[10.128s] INFO:colcon.colcon_core.shell:Creating package descriptor '/home/mi/preliminary/install/avoidance/share/avoidance/package.dsv'
[10.132s] INFO:colcon.colcon_core.shell:Creating package script '/home/mi/preliminary/install/avoidance/share/avoidance/package.sh'
[10.138s] INFO:colcon.colcon_core.shell:Creating package script '/home/mi/preliminary/install/avoidance/share/avoidance/package.bash'
[10.147s] INFO:colcon.colcon_core.shell:Creating package script '/home/mi/preliminary/install/avoidance/share/avoidance/package.zsh'
[10.154s] Level 1:colcon.colcon_core.environment:create_file_with_runtime_dependencies(/home/mi/preliminary/install/avoidance/share/colcon-core/packages/avoidance)
[10.157s] DEBUG:colcon.colcon_parallel_executor.executor.parallel:closing loop
[10.160s] DEBUG:colcon.colcon_parallel_executor.executor.parallel:loop closed
[10.161s] DEBUG:colcon.colcon_parallel_executor.executor.parallel:run_until_complete finished with '0'
[10.162s] DEBUG:colcon.colcon_core.event_reactor:joining thread
[10.208s] INFO:colcon.colcon_core.plugin_system:Skipping extension 'colcon_notification.desktop_notification.terminal_notifier': Not used on non-Darwin systems
[10.209s] INFO:colcon.colcon_core.plugin_system:Skipping extension 'colcon_notification.desktop_notification.win32': Not used on non-Windows systems
[10.210s] INFO:colcon.colcon_notification.desktop_notification:Sending desktop notification using 'notify2'
[10.314s] DEBUG:colcon.colcon_core.event_reactor:joined thread
[10.320s] INFO:colcon.colcon_core.shell:Creating prefix script '/home/mi/preliminary/install/local_setup.ps1'
[10.341s] INFO:colcon.colcon_core.shell:Creating prefix util module '/home/mi/preliminary/install/_local_setup_util_ps1.py'
[10.364s] INFO:colcon.colcon_core.shell:Creating prefix chain script '/home/mi/preliminary/install/setup.ps1'
[10.372s] INFO:colcon.colcon_core.shell:Creating prefix script '/home/mi/preliminary/install/local_setup.sh'
[10.384s] INFO:colcon.colcon_core.shell:Creating prefix util module '/home/mi/preliminary/install/_local_setup_util_sh.py'
[10.391s] INFO:colcon.colcon_core.shell:Creating prefix chain script '/home/mi/preliminary/install/setup.sh'
[10.407s] INFO:colcon.colcon_core.shell:Creating prefix script '/home/mi/preliminary/install/local_setup.bash'
[10.416s] INFO:colcon.colcon_core.shell:Creating prefix chain script '/home/mi/preliminary/install/setup.bash'
[10.429s] INFO:colcon.colcon_core.shell:Creating prefix script '/home/mi/preliminary/install/local_setup.zsh'
[10.436s] INFO:colcon.colcon_core.shell:Creating prefix chain script '/home/mi/preliminary/install/setup.zsh'
