[3.875s] Invoking command in '/home/mi/preliminary/src/avoidance': PYTHONPATH=/home/mi/preliminary/install/avoidance/lib/python3.6/site-packages:${PYTHONPATH} /usr/bin/python3 setup.py egg_info --egg-base ../../build/avoidance build --build-base /home/mi/preliminary/build/avoidance/build install --prefix /home/mi/preliminary/install/avoidance --record /home/mi/preliminary/build/avoidance/install.log --single-version-externally-managed
[5.538s] running egg_info
[5.542s] writing ../../build/avoidance/avoidance.egg-info/PKG-INFO
[5.543s] writing dependency_links to ../../build/avoidance/avoidance.egg-info/dependency_links.txt
[5.544s] writing entry points to ../../build/avoidance/avoidance.egg-info/entry_points.txt
[5.545s] writing requirements to ../../build/avoidance/avoidance.egg-info/requires.txt
[5.546s] writing top-level names to ../../build/avoidance/avoidance.egg-info/top_level.txt
[5.561s] reading manifest file '../../build/avoidance/avoidance.egg-info/SOURCES.txt'
[5.566s] writing manifest file '../../build/avoidance/avoidance.egg-info/SOURCES.txt'
[5.568s] running build
[5.568s] running build_py
[5.569s] copying avoidance/walk.py -> /home/mi/preliminary/build/avoidance/build/lib/avoidance
[5.570s] copying avoidance/sensor.py -> /home/mi/preliminary/build/avoidance/build/lib/avoidance
[5.571s] copying avoidance/stand_sit.py -> /home/mi/preliminary/build/avoidance/build/lib/avoidance
[5.572s] copying avoidance/stand.py -> /home/mi/preliminary/build/avoidance/build/lib/avoidance
[5.573s] running install
[5.573s] /usr/local/lib/python3.6/dist-packages/setuptools/command/install.py:37: SetuptoolsDeprecationWarning: setup.py install is deprecated. Use build and pip and other standards-based tools.
[5.574s]   setuptools.SetuptoolsDeprecationWarning,
[5.575s] running install_lib
[5.578s] copying /home/mi/preliminary/build/avoidance/build/lib/avoidance/walk.py -> /home/mi/preliminary/install/avoidance/lib/python3.6/site-packages/avoidance
[5.578s] copying /home/mi/preliminary/build/avoidance/build/lib/avoidance/sensor.py -> /home/mi/preliminary/install/avoidance/lib/python3.6/site-packages/avoidance
[5.580s] copying /home/mi/preliminary/build/avoidance/build/lib/avoidance/stand_sit.py -> /home/mi/preliminary/install/avoidance/lib/python3.6/site-packages/avoidance
[5.580s] copying /home/mi/preliminary/build/avoidance/build/lib/avoidance/stand.py -> /home/mi/preliminary/install/avoidance/lib/python3.6/site-packages/avoidance
[5.581s] byte-compiling /home/mi/preliminary/install/avoidance/lib/python3.6/site-packages/avoidance/walk.py to walk.cpython-36.pyc
[5.586s] byte-compiling /home/mi/preliminary/install/avoidance/lib/python3.6/site-packages/avoidance/sensor.py to sensor.cpython-36.pyc
[5.586s] byte-compiling /home/mi/preliminary/install/avoidance/lib/python3.6/site-packages/avoidance/stand_sit.py to stand_sit.cpython-36.pyc
[5.588s] byte-compiling /home/mi/preliminary/install/avoidance/lib/python3.6/site-packages/avoidance/stand.py to stand.cpython-36.pyc
[5.589s] running install_data
[5.592s] running install_egg_info
[5.600s] removing '/home/mi/preliminary/install/avoidance/lib/python3.6/site-packages/avoidance-0.0.0-py3.6.egg-info' (and everything under it)
[5.601s] Copying ../../build/avoidance/avoidance.egg-info to /home/mi/preliminary/install/avoidance/lib/python3.6/site-packages/avoidance-0.0.0-py3.6.egg-info
[5.605s] running install_scripts
[5.694s] Installing sensor script to /home/mi/preliminary/install/avoidance/lib/avoidance
[5.695s] Installing stand script to /home/mi/preliminary/install/avoidance/lib/avoidance
[5.696s] Installing stand_sit script to /home/mi/preliminary/install/avoidance/lib/avoidance
[5.696s] Installing walk script to /home/mi/preliminary/install/avoidance/lib/avoidance
[5.698s] writing list of installed files to '/home/mi/preliminary/build/avoidance/install.log'
[5.816s] Invoked command in '/home/mi/preliminary/src/avoidance' returned '0': PYTHONPATH=/home/mi/preliminary/install/avoidance/lib/python3.6/site-packages:${PYTHONPATH} /usr/bin/python3 setup.py egg_info --egg-base ../../build/avoidance build --build-base /home/mi/preliminary/build/avoidance/build install --prefix /home/mi/preliminary/install/avoidance --record /home/mi/preliminary/build/avoidance/install.log --single-version-externally-managed
