[3.760s] Invoking command in '/home/mi/preliminary/src/avoidance': PYTHONPATH=/home/mi/preliminary/install/avoidance/lib/python3.6/site-packages:${PYTHONPATH} /usr/bin/python3 setup.py egg_info --egg-base ../../build/avoidance build --build-base /home/mi/preliminary/build/avoidance/build install --prefix /home/mi/preliminary/install/avoidance --record /home/mi/preliminary/build/avoidance/install.log --single-version-externally-managed
[5.171s] running egg_info
[5.173s] writing ../../build/avoidance/avoidance.egg-info/PKG-INFO
[5.178s] writing dependency_links to ../../build/avoidance/avoidance.egg-info/dependency_links.txt
[5.178s] writing entry points to ../../build/avoidance/avoidance.egg-info/entry_points.txt
[5.179s] writing requirements to ../../build/avoidance/avoidance.egg-info/requires.txt
[5.179s] writing top-level names to ../../build/avoidance/avoidance.egg-info/top_level.txt
[5.190s] reading manifest file '../../build/avoidance/avoidance.egg-info/SOURCES.txt'
[5.196s] writing manifest file '../../build/avoidance/avoidance.egg-info/SOURCES.txt'
[5.197s] running build
[5.197s] running build_py
[5.201s] copying avoidance/radar.py -> /home/mi/preliminary/build/avoidance/build/lib/avoidance
[5.201s] running install
[5.202s] /usr/local/lib/python3.6/dist-packages/setuptools/command/install.py:37: SetuptoolsDeprecationWarning: setup.py install is deprecated. Use build and pip and other standards-based tools.
[5.203s]   setuptools.SetuptoolsDeprecationWarning,
[5.204s] running install_lib
[5.209s] copying /home/mi/preliminary/build/avoidance/build/lib/avoidance/radar.py -> /home/mi/preliminary/install/avoidance/lib/python3.6/site-packages/avoidance
[5.210s] byte-compiling /home/mi/preliminary/install/avoidance/lib/python3.6/site-packages/avoidance/radar.py to radar.cpython-36.pyc
[5.214s] running install_data
[5.217s] running install_egg_info
[5.224s] removing '/home/mi/preliminary/install/avoidance/lib/python3.6/site-packages/avoidance-0.0.0-py3.6.egg-info' (and everything under it)
[5.228s] Copying ../../build/avoidance/avoidance.egg-info to /home/mi/preliminary/install/avoidance/lib/python3.6/site-packages/avoidance-0.0.0-py3.6.egg-info
[5.230s] running install_scripts
[5.328s] Installing avoid script to /home/mi/preliminary/install/avoidance/lib/avoidance
[5.330s] Installing radar script to /home/mi/preliminary/install/avoidance/lib/avoidance
[5.332s] Installing sensor script to /home/mi/preliminary/install/avoidance/lib/avoidance
[5.334s] Installing stand script to /home/mi/preliminary/install/avoidance/lib/avoidance
[5.334s] Installing stand_sit script to /home/mi/preliminary/install/avoidance/lib/avoidance
[5.335s] Installing walk script to /home/mi/preliminary/install/avoidance/lib/avoidance
[5.336s] writing list of installed files to '/home/mi/preliminary/build/avoidance/install.log'
[5.442s] Invoked command in '/home/mi/preliminary/src/avoidance' returned '0': PYTHONPATH=/home/mi/preliminary/install/avoidance/lib/python3.6/site-packages:${PYTHONPATH} /usr/bin/python3 setup.py egg_info --egg-base ../../build/avoidance build --build-base /home/mi/preliminary/build/avoidance/build install --prefix /home/mi/preliminary/install/avoidance --record /home/mi/preliminary/build/avoidance/install.log --single-version-externally-managed
