[3.761s] Invoking command in '/home/mi/VisualLocate/src/VisualLocate': PYTHONPATH=/home/mi/VisualLocate/install/VisualLocate/lib/python3.6/site-packages:${PYTHONPATH} /usr/bin/python3 setup.py egg_info --egg-base ../../build/VisualLocate build --build-base /home/mi/VisualLocate/build/VisualLocate/build install --prefix /home/mi/VisualLocate/install/VisualLocate --record /home/mi/VisualLocate/build/VisualLocate/install.log --single-version-externally-managed
[5.290s] running egg_info
[5.296s] writing ../../build/VisualLocate/VisualLocate.egg-info/PKG-INFO
[5.297s] writing dependency_links to ../../build/VisualLocate/VisualLocate.egg-info/dependency_links.txt
[5.298s] writing entry points to ../../build/VisualLocate/VisualLocate.egg-info/entry_points.txt
[5.298s] writing requirements to ../../build/VisualLocate/VisualLocate.egg-info/requires.txt
[5.298s] writing top-level names to ../../build/VisualLocate/VisualLocate.egg-info/top_level.txt
[5.310s] reading manifest file '../../build/VisualLocate/VisualLocate.egg-info/SOURCES.txt'
[5.317s] writing manifest file '../../build/VisualLocate/VisualLocate.egg-info/SOURCES.txt'
[5.317s] running build
[5.318s] running build_py
[5.318s] copying VisualLocate/test.py -> /home/mi/VisualLocate/build/VisualLocate/build/lib/VisualLocate
[5.319s] running install
[5.320s] /usr/local/lib/python3.6/dist-packages/setuptools/command/install.py:37: SetuptoolsDeprecationWarning: setup.py install is deprecated. Use build and pip and other standards-based tools.
[5.320s]   setuptools.SetuptoolsDeprecationWarning,
[5.321s] running install_lib
[5.324s] copying /home/mi/VisualLocate/build/VisualLocate/build/lib/VisualLocate/test.py -> /home/mi/VisualLocate/install/VisualLocate/lib/python3.6/site-packages/VisualLocate
[5.326s] byte-compiling /home/mi/VisualLocate/install/VisualLocate/lib/python3.6/site-packages/VisualLocate/test.py to test.cpython-36.pyc
[5.328s] running install_data
[5.331s] running install_egg_info
[5.338s] removing '/home/mi/VisualLocate/install/VisualLocate/lib/python3.6/site-packages/VisualLocate-0.0.0-py3.6.egg-info' (and everything under it)
[5.344s] Copying ../../build/VisualLocate/VisualLocate.egg-info to /home/mi/VisualLocate/install/VisualLocate/lib/python3.6/site-packages/VisualLocate-0.0.0-py3.6.egg-info
[5.345s] running install_scripts
[5.430s] Installing test script to /home/mi/VisualLocate/install/VisualLocate/lib/VisualLocate
[5.432s] writing list of installed files to '/home/mi/VisualLocate/build/VisualLocate/install.log'
[5.546s] Invoked command in '/home/mi/VisualLocate/src/VisualLocate' returned '0': PYTHONPATH=/home/mi/VisualLocate/install/VisualLocate/lib/python3.6/site-packages:${PYTHONPATH} /usr/bin/python3 setup.py egg_info --egg-base ../../build/VisualLocate build --build-base /home/mi/VisualLocate/build/VisualLocate/build install --prefix /home/mi/VisualLocate/install/VisualLocate --record /home/mi/VisualLocate/build/VisualLocate/install.log --single-version-externally-managed
