[3.793s] Invoking command in '/home/mi/preliminary/src/avoidance': PYTHONPATH=/home/mi/preliminary/install/avoidance/lib/python3.6/site-packages:${PYTHONPATH} /usr/bin/python3 setup.py egg_info --egg-base ../../build/avoidance build --build-base /home/mi/preliminary/build/avoidance/build install --prefix /home/mi/preliminary/install/avoidance --record /home/mi/preliminary/build/avoidance/install.log --single-version-externally-managed
[5.234s] running egg_info
[5.235s] writing ../../build/avoidance/avoidance.egg-info/PKG-INFO
[5.235s] writing dependency_links to ../../build/avoidance/avoidance.egg-info/dependency_links.txt
[5.236s] writing entry points to ../../build/avoidance/avoidance.egg-info/entry_points.txt
[5.237s] writing requirements to ../../build/avoidance/avoidance.egg-info/requires.txt
[5.238s] writing top-level names to ../../build/avoidance/avoidance.egg-info/top_level.txt
[5.254s] reading manifest file '../../build/avoidance/avoidance.egg-info/SOURCES.txt'
[5.260s] writing manifest file '../../build/avoidance/avoidance.egg-info/SOURCES.txt'
[5.262s] running build
[5.262s] running build_py
[5.263s] copying avoidance/sensor.py -> /home/mi/preliminary/build/avoidance/build/lib/avoidance
[5.264s] running install
[5.265s] /usr/local/lib/python3.6/dist-packages/setuptools/command/install.py:37: SetuptoolsDeprecationWarning: setup.py install is deprecated. Use build and pip and other standards-based tools.
[5.266s]   setuptools.SetuptoolsDeprecationWarning,
[5.267s] running install_lib
[5.270s] copying /home/mi/preliminary/build/avoidance/build/lib/avoidance/sensor.py -> /home/mi/preliminary/install/avoidance/lib/python3.6/site-packages/avoidance
[5.273s] byte-compiling /home/mi/preliminary/install/avoidance/lib/python3.6/site-packages/avoidance/sensor.py to sensor.cpython-36.pyc
[5.276s] running install_data
[5.279s] running install_egg_info
[5.286s] removing '/home/mi/preliminary/install/avoidance/lib/python3.6/site-packages/avoidance-0.0.0-py3.6.egg-info' (and everything under it)
[5.287s] Copying ../../build/avoidance/avoidance.egg-info to /home/mi/preliminary/install/avoidance/lib/python3.6/site-packages/avoidance-0.0.0-py3.6.egg-info
[5.293s] running install_scripts
[5.377s] Installing sensor script to /home/mi/preliminary/install/avoidance/lib/avoidance
[5.380s] Installing stand script to /home/mi/preliminary/install/avoidance/lib/avoidance
[5.383s] Installing stand_sit script to /home/mi/preliminary/install/avoidance/lib/avoidance
[5.384s] Installing walk script to /home/mi/preliminary/install/avoidance/lib/avoidance
[5.385s] writing list of installed files to '/home/mi/preliminary/build/avoidance/install.log'
[5.509s] Invoked command in '/home/mi/preliminary/src/avoidance' returned '0': PYTHONPATH=/home/mi/preliminary/install/avoidance/lib/python3.6/site-packages:${PYTHONPATH} /usr/bin/python3 setup.py egg_info --egg-base ../../build/avoidance build --build-base /home/mi/preliminary/build/avoidance/build install --prefix /home/mi/preliminary/install/avoidance --record /home/mi/preliminary/build/avoidance/install.log --single-version-externally-managed
