[3.735s] Invoking command in '/home/mi/VisualLocate/src/VisualLocate': PYTHONPATH=/home/mi/VisualLocate/install/avoidance/lib/python3.6/site-packages:${PYTHONPATH} /usr/bin/python3 setup.py egg_info --egg-base ../../build/avoidance build --build-base /home/mi/VisualLocate/build/avoidance/build install --prefix /home/mi/VisualLocate/install/avoidance --record /home/mi/VisualLocate/build/avoidance/install.log --single-version-externally-managed
[5.202s] running egg_info
[5.206s] writing ../../build/avoidance/VisualLocate.egg-info/PKG-INFO
[5.211s] writing dependency_links to ../../build/avoidance/VisualLocate.egg-info/dependency_links.txt
[5.211s] writing entry points to ../../build/avoidance/VisualLocate.egg-info/entry_points.txt
[5.212s] writing requirements to ../../build/avoidance/VisualLocate.egg-info/requires.txt
[5.213s] writing top-level names to ../../build/avoidance/VisualLocate.egg-info/top_level.txt
[5.224s] reading manifest file '../../build/avoidance/VisualLocate.egg-info/SOURCES.txt'
[5.230s] writing manifest file '../../build/avoidance/VisualLocate.egg-info/SOURCES.txt'
[5.231s] running build
[5.232s] running build_py
[5.232s] running install
[5.233s] /usr/local/lib/python3.6/dist-packages/setuptools/command/install.py:37: SetuptoolsDeprecationWarning: setup.py install is deprecated. Use build and pip and other standards-based tools.
[5.234s]   setuptools.SetuptoolsDeprecationWarning,
[5.238s] running install_lib
[5.240s] running install_data
[5.242s] running install_egg_info
[5.251s] removing '/home/mi/VisualLocate/install/avoidance/lib/python3.6/site-packages/VisualLocate-0.0.0-py3.6.egg-info' (and everything under it)
[5.252s] Copying ../../build/avoidance/VisualLocate.egg-info to /home/mi/VisualLocate/install/avoidance/lib/python3.6/site-packages/VisualLocate-0.0.0-py3.6.egg-info
[5.256s] running install_scripts
[5.345s] Installing test script to /home/mi/VisualLocate/install/avoidance/lib/VisualLocate
[5.346s] writing list of installed files to '/home/mi/VisualLocate/build/avoidance/install.log'
[5.463s] Invoked command in '/home/mi/VisualLocate/src/VisualLocate' returned '0': PYTHONPATH=/home/mi/VisualLocate/install/avoidance/lib/python3.6/site-packages:${PYTHONPATH} /usr/bin/python3 setup.py egg_info --egg-base ../../build/avoidance build --build-base /home/mi/VisualLocate/build/avoidance/build install --prefix /home/mi/VisualLocate/install/avoidance --record /home/mi/VisualLocate/build/avoidance/install.log --single-version-externally-managed
