[4.198s] Invoking command in '/home/mi/VisualLocate/src/VisualLocate': PYTHONPATH=/home/mi/VisualLocate/install/VisualLocate/lib/python3.6/site-packages:${PYTHONPATH} /usr/bin/python3 setup.py egg_info --egg-base ../../build/VisualLocate build --build-base /home/mi/VisualLocate/build/VisualLocate/build install --prefix /home/mi/VisualLocate/install/VisualLocate --record /home/mi/VisualLocate/build/VisualLocate/install.log --single-version-externally-managed
[5.925s] running egg_info
[5.929s] writing ../../build/VisualLocate/VisualLocate.egg-info/PKG-INFO
[5.930s] writing dependency_links to ../../build/VisualLocate/VisualLocate.egg-info/dependency_links.txt
[5.930s] writing entry points to ../../build/VisualLocate/VisualLocate.egg-info/entry_points.txt
[5.931s] writing requirements to ../../build/VisualLocate/VisualLocate.egg-info/requires.txt
[5.931s] writing top-level names to ../../build/VisualLocate/VisualLocate.egg-info/top_level.txt
[5.945s] reading manifest file '../../build/VisualLocate/VisualLocate.egg-info/SOURCES.txt'
[5.951s] writing manifest file '../../build/VisualLocate/VisualLocate.egg-info/SOURCES.txt'
[5.952s] running build
[5.952s] running build_py
[5.953s] copying VisualLocate/getimage.py -> /home/mi/VisualLocate/build/VisualLocate/build/lib/VisualLocate
[5.954s] running install
[5.957s] /usr/local/lib/python3.6/dist-packages/setuptools/command/install.py:37: SetuptoolsDeprecationWarning: setup.py install is deprecated. Use build and pip and other standards-based tools.
[5.958s]   setuptools.SetuptoolsDeprecationWarning,
[5.958s] running install_lib
[5.961s] copying /home/mi/VisualLocate/build/VisualLocate/build/lib/VisualLocate/getimage.py -> /home/mi/VisualLocate/install/VisualLocate/lib/python3.6/site-packages/VisualLocate
[5.963s] byte-compiling /home/mi/VisualLocate/install/VisualLocate/lib/python3.6/site-packages/VisualLocate/getimage.py to getimage.cpython-36.pyc
[5.966s] running install_data
[5.968s] running install_egg_info
[5.977s] removing '/home/mi/VisualLocate/install/VisualLocate/lib/python3.6/site-packages/VisualLocate-0.0.0-py3.6.egg-info' (and everything under it)
[5.979s] Copying ../../build/VisualLocate/VisualLocate.egg-info to /home/mi/VisualLocate/install/VisualLocate/lib/python3.6/site-packages/VisualLocate-0.0.0-py3.6.egg-info
[5.983s] running install_scripts
[6.067s] Installing getimage script to /home/mi/VisualLocate/install/VisualLocate/lib/VisualLocate
[6.069s] Installing stand script to /home/mi/VisualLocate/install/VisualLocate/lib/VisualLocate
[6.070s] Installing walk script to /home/mi/VisualLocate/install/VisualLocate/lib/VisualLocate
[6.072s] writing list of installed files to '/home/mi/VisualLocate/build/VisualLocate/install.log'
[6.196s] Invoked command in '/home/mi/VisualLocate/src/VisualLocate' returned '0': PYTHONPATH=/home/mi/VisualLocate/install/VisualLocate/lib/python3.6/site-packages:${PYTHONPATH} /usr/bin/python3 setup.py egg_info --egg-base ../../build/VisualLocate build --build-base /home/mi/VisualLocate/build/VisualLocate/build install --prefix /home/mi/VisualLocate/install/VisualLocate --record /home/mi/VisualLocate/build/VisualLocate/install.log --single-version-externally-managed
