[3.963s] Invoking command in '/home/mi/preliminary/src/avoidance': PYTHONPATH=/home/mi/preliminary/install/avoidance/lib/python3.6/site-packages:${PYTHONPATH} /usr/bin/python3 setup.py egg_info --egg-base ../../build/avoidance build --build-base /home/mi/preliminary/build/avoidance/build install --prefix /home/mi/preliminary/install/avoidance --record /home/mi/preliminary/build/avoidance/install.log --single-version-externally-managed
[5.690s] running egg_info
[5.693s] writing ../../build/avoidance/avoidance.egg-info/PKG-INFO
[5.693s] writing dependency_links to ../../build/avoidance/avoidance.egg-info/dependency_links.txt
[5.694s] writing entry points to ../../build/avoidance/avoidance.egg-info/entry_points.txt
[5.695s] writing requirements to ../../build/avoidance/avoidance.egg-info/requires.txt
[5.695s] writing top-level names to ../../build/avoidance/avoidance.egg-info/top_level.txt
[5.710s] reading manifest file '../../build/avoidance/avoidance.egg-info/SOURCES.txt'
[5.717s] writing manifest file '../../build/avoidance/avoidance.egg-info/SOURCES.txt'
[5.717s] running build
[5.718s] running build_py
[5.722s] running install
[5.723s] /usr/local/lib/python3.6/dist-packages/setuptools/command/install.py:37: SetuptoolsDeprecationWarning: setup.py install is deprecated. Use build and pip and other standards-based tools.
[5.724s]   setuptools.SetuptoolsDeprecationWarning,
[5.728s] running install_lib
[5.732s] running install_data
[5.734s] running install_egg_info
[5.742s] removing '/home/mi/preliminary/install/avoidance/lib/python3.6/site-packages/avoidance-0.0.0-py3.6.egg-info' (and everything under it)
[5.746s] Copying ../../build/avoidance/avoidance.egg-info to /home/mi/preliminary/install/avoidance/lib/python3.6/site-packages/avoidance-0.0.0-py3.6.egg-info
[5.749s] running install_scripts
[5.838s] Installing avoid script to /home/mi/preliminary/install/avoidance/lib/avoidance
[5.842s] Installing radar script to /home/mi/preliminary/install/avoidance/lib/avoidance
[5.842s] Installing sensor script to /home/mi/preliminary/install/avoidance/lib/avoidance
[5.843s] Installing stand script to /home/mi/preliminary/install/avoidance/lib/avoidance
[5.843s] Installing stand_sit script to /home/mi/preliminary/install/avoidance/lib/avoidance
[5.844s] Installing ultrasonic script to /home/mi/preliminary/install/avoidance/lib/avoidance
[5.845s] Installing walk script to /home/mi/preliminary/install/avoidance/lib/avoidance
[5.845s] writing list of installed files to '/home/mi/preliminary/build/avoidance/install.log'
[5.971s] Invoked command in '/home/mi/preliminary/src/avoidance' returned '0': PYTHONPATH=/home/mi/preliminary/install/avoidance/lib/python3.6/site-packages:${PYTHONPATH} /usr/bin/python3 setup.py egg_info --egg-base ../../build/avoidance build --build-base /home/mi/preliminary/build/avoidance/build install --prefix /home/mi/preliminary/install/avoidance --record /home/mi/preliminary/build/avoidance/install.log --single-version-externally-managed
