[1.743s] DEBUG:colcon:Command line arguments: ['/usr/bin/colcon', 'build']
[1.744s] DEBUG:colcon:Parsed command line arguments: Namespace(allow_overriding=[], ament_cmake_args=None, base_paths=['.'], build_base='build', catkin_cmake_args=None, catkin_skip_building_tests=False, cmake_args=None, cmake_clean_cache=False, cmake_clean_first=False, cmake_force_configure=False, cmake_target=None, cmake_target_skip_unavailable=False, continue_on_error=False, event_handlers=None, executor='parallel', ignore_user_meta=False, install_base='install', log_base=None, log_level=None, main=<bound method BuildVerb.main of <colcon_core.verb.build.BuildVerb object at 0x7fa2278f98>>, merge_install=False, metas=['./colcon.meta'], packages_above=None, packages_above_and_dependencies=None, packages_above_depth=None, packages_end=None, packages_ignore=None, packages_ignore_regex=None, packages_select=None, packages_select_build_failed=False, packages_select_by_dep=None, packages_select_regex=None, packages_select_test_failures=False, packages_skip=None, packages_skip_build_finished=False, packages_skip_by_dep=None, packages_skip_regex=None, packages_skip_test_passed=False, packages_skip_up_to=None, packages_start=None, packages_up_to=None, packages_up_to_regex=None, parallel_workers=6, paths=None, symlink_install=False, test_result_base=None, verb_extension=<colcon_core.verb.build.BuildVerb object at 0x7fa2278f98>, verb_name='build', verb_parser=<colcon_defaults.argument_parser.defaults.DefaultArgumentsDecorator object at 0x7fa21ec320>)
[1.775s] Level 1:colcon.colcon_core.package_discovery:discover_packages(colcon_meta) check parameters
[1.776s] Level 1:colcon.colcon_core.package_discovery:discover_packages(recursive) check parameters
[1.776s] Level 1:colcon.colcon_core.package_discovery:discover_packages(ignore) check parameters
[1.777s] Level 1:colcon.colcon_core.package_discovery:discover_packages(path) check parameters
[1.777s] Level 1:colcon.colcon_core.package_discovery:discover_packages(colcon_meta) discover
[1.780s] Level 1:colcon.colcon_core.package_discovery:discover_packages(recursive) discover
[1.780s] INFO:colcon.colcon_core.package_discovery:Crawling recursively for packages in '/home/mi/VisualLocate'
[1.781s] Level 1:colcon.colcon_core.package_identification:_identify(.) by extensions ['ignore', 'ignore_ament_install']
[1.782s] Level 1:colcon.colcon_core.package_identification:_identify(.) by extension 'ignore'
[1.783s] Level 1:colcon.colcon_core.package_identification:_identify(.) by extension 'ignore_ament_install'
[1.784s] Level 1:colcon.colcon_core.package_identification:_identify(.) by extensions ['colcon_pkg']
[1.785s] Level 1:colcon.colcon_core.package_identification:_identify(.) by extension 'colcon_pkg'
[1.786s] Level 1:colcon.colcon_core.package_identification:_identify(.) by extensions ['colcon_meta']
[1.787s] Level 1:colcon.colcon_core.package_identification:_identify(.) by extension 'colcon_meta'
[1.788s] Level 1:colcon.colcon_core.package_identification:_identify(.) by extensions ['ros']
[1.788s] Level 1:colcon.colcon_core.package_identification:_identify(.) by extension 'ros'
[2.191s] Level 1:colcon.colcon_core.package_identification:_identify(.) by extensions ['cmake', 'python']
[2.192s] Level 1:colcon.colcon_core.package_identification:_identify(.) by extension 'cmake'
[2.192s] Level 1:colcon.colcon_core.package_identification:_identify(.) by extension 'python'
[2.192s] Level 1:colcon.colcon_core.package_identification:_identify(.) by extensions ['python_setup_py']
[2.193s] Level 1:colcon.colcon_core.package_identification:_identify(.) by extension 'python_setup_py'
[2.193s] Level 1:colcon.colcon_core.package_identification:_identify(bash) by extensions ['ignore', 'ignore_ament_install']
[2.194s] Level 1:colcon.colcon_core.package_identification:_identify(bash) by extension 'ignore'
[2.194s] Level 1:colcon.colcon_core.package_identification:_identify(bash) by extension 'ignore_ament_install'
[2.195s] Level 1:colcon.colcon_core.package_identification:_identify(bash) by extensions ['colcon_pkg']
[2.195s] Level 1:colcon.colcon_core.package_identification:_identify(bash) by extension 'colcon_pkg'
[2.195s] Level 1:colcon.colcon_core.package_identification:_identify(bash) by extensions ['colcon_meta']
[2.195s] Level 1:colcon.colcon_core.package_identification:_identify(bash) by extension 'colcon_meta'
[2.196s] Level 1:colcon.colcon_core.package_identification:_identify(bash) by extensions ['ros']
[2.196s] Level 1:colcon.colcon_core.package_identification:_identify(bash) by extension 'ros'
[2.196s] Level 1:colcon.colcon_core.package_identification:_identify(bash) by extensions ['cmake', 'python']
[2.196s] Level 1:colcon.colcon_core.package_identification:_identify(bash) by extension 'cmake'
[2.197s] Level 1:colcon.colcon_core.package_identification:_identify(bash) by extension 'python'
[2.197s] Level 1:colcon.colcon_core.package_identification:_identify(bash) by extensions ['python_setup_py']
[2.197s] Level 1:colcon.colcon_core.package_identification:_identify(bash) by extension 'python_setup_py'
[2.198s] Level 1:colcon.colcon_core.package_identification:_identify(build) by extensions ['ignore', 'ignore_ament_install']
[2.198s] Level 1:colcon.colcon_core.package_identification:_identify(build) by extension 'ignore'
[2.198s] Level 1:colcon.colcon_core.package_identification:_identify(build) ignored
[2.200s] Level 1:colcon.colcon_core.package_identification:_identify(install) by extensions ['ignore', 'ignore_ament_install']
[2.201s] Level 1:colcon.colcon_core.package_identification:_identify(install) by extension 'ignore'
[2.201s] Level 1:colcon.colcon_core.package_identification:_identify(install) ignored
[2.202s] Level 1:colcon.colcon_core.package_identification:_identify(log) by extensions ['ignore', 'ignore_ament_install']
[2.202s] Level 1:colcon.colcon_core.package_identification:_identify(log) by extension 'ignore'
[2.202s] Level 1:colcon.colcon_core.package_identification:_identify(log) ignored
[2.203s] Level 1:colcon.colcon_core.package_identification:_identify(src) by extensions ['ignore', 'ignore_ament_install']
[2.203s] Level 1:colcon.colcon_core.package_identification:_identify(src) by extension 'ignore'
[2.204s] Level 1:colcon.colcon_core.package_identification:_identify(src) by extension 'ignore_ament_install'
[2.204s] Level 1:colcon.colcon_core.package_identification:_identify(src) by extensions ['colcon_pkg']
[2.204s] Level 1:colcon.colcon_core.package_identification:_identify(src) by extension 'colcon_pkg'
[2.206s] Level 1:colcon.colcon_core.package_identification:_identify(src) by extensions ['colcon_meta']
[2.206s] Level 1:colcon.colcon_core.package_identification:_identify(src) by extension 'colcon_meta'
[2.206s] Level 1:colcon.colcon_core.package_identification:_identify(src) by extensions ['ros']
[2.206s] Level 1:colcon.colcon_core.package_identification:_identify(src) by extension 'ros'
[2.207s] Level 1:colcon.colcon_core.package_identification:_identify(src) by extensions ['cmake', 'python']
[2.207s] Level 1:colcon.colcon_core.package_identification:_identify(src) by extension 'cmake'
[2.207s] Level 1:colcon.colcon_core.package_identification:_identify(src) by extension 'python'
[2.207s] Level 1:colcon.colcon_core.package_identification:_identify(src) by extensions ['python_setup_py']
[2.208s] Level 1:colcon.colcon_core.package_identification:_identify(src) by extension 'python_setup_py'
[2.208s] Level 1:colcon.colcon_core.package_identification:_identify(src/VisualLocate) by extensions ['ignore', 'ignore_ament_install']
[2.209s] Level 1:colcon.colcon_core.package_identification:_identify(src/VisualLocate) by extension 'ignore'
[2.209s] Level 1:colcon.colcon_core.package_identification:_identify(src/VisualLocate) by extension 'ignore_ament_install'
[2.209s] Level 1:colcon.colcon_core.package_identification:_identify(src/VisualLocate) by extensions ['colcon_pkg']
[2.209s] Level 1:colcon.colcon_core.package_identification:_identify(src/VisualLocate) by extension 'colcon_pkg'
[2.210s] Level 1:colcon.colcon_core.package_identification:_identify(src/VisualLocate) by extensions ['colcon_meta']
[2.210s] Level 1:colcon.colcon_core.package_identification:_identify(src/VisualLocate) by extension 'colcon_meta'
[2.210s] Level 1:colcon.colcon_core.package_identification:_identify(src/VisualLocate) by extensions ['ros']
[2.210s] Level 1:colcon.colcon_core.package_identification:_identify(src/VisualLocate) by extension 'ros'
[2.223s] DEBUG:colcon.colcon_core.package_identification:Package 'src/VisualLocate' with type 'ros.ament_python' and name 'VisualLocate'
[2.223s] Level 1:colcon.colcon_core.package_discovery:discover_packages(recursive) using defaults
[2.224s] Level 1:colcon.colcon_core.package_discovery:discover_packages(ignore) discover
[2.224s] Level 1:colcon.colcon_core.package_discovery:discover_packages(ignore) using defaults
[2.224s] Level 1:colcon.colcon_core.package_discovery:discover_packages(path) discover
[2.225s] Level 1:colcon.colcon_core.package_discovery:discover_packages(path) using defaults
[2.332s] Level 5:colcon.colcon_core.verb:set package 'VisualLocate' build argument 'cmake_args' from command line to 'None'
[2.333s] Level 5:colcon.colcon_core.verb:set package 'VisualLocate' build argument 'cmake_target' from command line to 'None'
[2.333s] Level 5:colcon.colcon_core.verb:set package 'VisualLocate' build argument 'cmake_target_skip_unavailable' from command line to 'False'
[2.333s] Level 5:colcon.colcon_core.verb:set package 'VisualLocate' build argument 'cmake_clean_cache' from command line to 'False'
[2.333s] Level 5:colcon.colcon_core.verb:set package 'VisualLocate' build argument 'cmake_clean_first' from command line to 'False'
[2.334s] Level 5:colcon.colcon_core.verb:set package 'VisualLocate' build argument 'cmake_force_configure' from command line to 'False'
[2.334s] Level 5:colcon.colcon_core.verb:set package 'VisualLocate' build argument 'ament_cmake_args' from command line to 'None'
[2.334s] Level 5:colcon.colcon_core.verb:set package 'VisualLocate' build argument 'catkin_cmake_args' from command line to 'None'
[2.334s] Level 5:colcon.colcon_core.verb:set package 'VisualLocate' build argument 'catkin_skip_building_tests' from command line to 'False'
[2.336s] DEBUG:colcon.colcon_core.verb:Building package 'VisualLocate' with the following arguments: {'ament_cmake_args': None, 'build_base': '/home/mi/VisualLocate/build/VisualLocate', 'catkin_cmake_args': None, 'catkin_skip_building_tests': False, 'cmake_args': None, 'cmake_clean_cache': False, 'cmake_clean_first': False, 'cmake_force_configure': False, 'cmake_target': None, 'cmake_target_skip_unavailable': False, 'install_base': '/home/mi/VisualLocate/install/VisualLocate', 'merge_install': False, 'path': '/home/mi/VisualLocate/src/VisualLocate', 'symlink_install': False, 'test_result_base': None}
[2.382s] INFO:colcon.colcon_core.executor:Executing jobs using 'parallel' executor
[2.396s] DEBUG:colcon.colcon_parallel_executor.executor.parallel:run_until_complete
[2.398s] INFO:colcon.colcon_ros.task.ament_python.build:Building ROS package in '/home/mi/VisualLocate/src/VisualLocate' with build type 'ament_python'
[2.398s] Level 1:colcon.colcon_core.shell:create_environment_hook('VisualLocate', 'ament_prefix_path')
[2.419s] INFO:colcon.colcon_core.plugin_system:Skipping extension 'colcon_core.shell.bat': Not used on non-Windows systems
[2.420s] INFO:colcon.colcon_core.shell:Creating environment hook '/home/mi/VisualLocate/install/VisualLocate/share/VisualLocate/hook/ament_prefix_path.ps1'
[2.425s] INFO:colcon.colcon_core.shell:Creating environment descriptor '/home/mi/VisualLocate/install/VisualLocate/share/VisualLocate/hook/ament_prefix_path.dsv'
[2.427s] INFO:colcon.colcon_core.shell:Creating environment hook '/home/mi/VisualLocate/install/VisualLocate/share/VisualLocate/hook/ament_prefix_path.sh'
[2.434s] INFO:colcon.colcon_core.shell:Skip shell extension 'powershell' for command environment: Not usable outside of PowerShell
[2.435s] DEBUG:colcon.colcon_core.shell:Skip shell extension 'dsv' for command environment
[4.180s] INFO:colcon.colcon_core.task.python.build:Building Python package in '/home/mi/VisualLocate/src/VisualLocate'
[4.187s] INFO:colcon.colcon_core.shell:Skip shell extension 'powershell' for command environment: Not usable outside of PowerShell
[4.188s] DEBUG:colcon.colcon_core.shell:Skip shell extension 'dsv' for command environment
[6.319s] DEBUG:colcon.colcon_core.event_handler.log_command:Invoking command in '/home/mi/VisualLocate/src/VisualLocate': PYTHONPATH=/home/mi/VisualLocate/install/VisualLocate/lib/python3.6/site-packages:${PYTHONPATH} /usr/bin/python3 setup.py egg_info --egg-base ../../build/VisualLocate build --build-base /home/mi/VisualLocate/build/VisualLocate/build install --prefix /home/mi/VisualLocate/install/VisualLocate --record /home/mi/VisualLocate/build/VisualLocate/install.log --single-version-externally-managed
[8.026s] DEBUG:colcon.colcon_core.event_handler.log_command:Invoked command in '/home/mi/VisualLocate/src/VisualLocate' returned '0': PYTHONPATH=/home/mi/VisualLocate/install/VisualLocate/lib/python3.6/site-packages:${PYTHONPATH} /usr/bin/python3 setup.py egg_info --egg-base ../../build/VisualLocate build --build-base /home/mi/VisualLocate/build/VisualLocate/build install --prefix /home/mi/VisualLocate/install/VisualLocate --record /home/mi/VisualLocate/build/VisualLocate/install.log --single-version-externally-managed
[8.042s] Level 1:colcon.colcon_core.environment:checking '/home/mi/VisualLocate/install/VisualLocate' for CMake module files
[8.048s] Level 1:colcon.colcon_core.environment:checking '/home/mi/VisualLocate/install/VisualLocate' for CMake config files
[8.054s] Level 1:colcon.colcon_core.environment:checking '/home/mi/VisualLocate/install/VisualLocate/lib'
[8.055s] Level 1:colcon.colcon_core.environment:checking '/home/mi/VisualLocate/install/VisualLocate/bin'
[8.056s] Level 1:colcon.colcon_core.environment:checking '/home/mi/VisualLocate/install/VisualLocate/lib/pkgconfig/VisualLocate.pc'
[8.056s] Level 1:colcon.colcon_core.environment:checking '/home/mi/VisualLocate/install/VisualLocate/lib/python3.6/site-packages'
[8.056s] Level 1:colcon.colcon_core.shell:create_environment_hook('VisualLocate', 'pythonpath')
[8.060s] INFO:colcon.colcon_core.shell:Creating environment hook '/home/mi/VisualLocate/install/VisualLocate/share/VisualLocate/hook/pythonpath.ps1'
[8.062s] INFO:colcon.colcon_core.shell:Creating environment descriptor '/home/mi/VisualLocate/install/VisualLocate/share/VisualLocate/hook/pythonpath.dsv'
[8.064s] INFO:colcon.colcon_core.shell:Creating environment hook '/home/mi/VisualLocate/install/VisualLocate/share/VisualLocate/hook/pythonpath.sh'
[8.066s] Level 1:colcon.colcon_core.environment:create_environment_scripts_only(VisualLocate)
[8.070s] INFO:colcon.colcon_core.shell:Creating package script '/home/mi/VisualLocate/install/VisualLocate/share/VisualLocate/package.ps1'
[8.075s] INFO:colcon.colcon_core.shell:Creating package descriptor '/home/mi/VisualLocate/install/VisualLocate/share/VisualLocate/package.dsv'
[8.078s] INFO:colcon.colcon_core.shell:Creating package script '/home/mi/VisualLocate/install/VisualLocate/share/VisualLocate/package.sh'
[8.083s] INFO:colcon.colcon_core.shell:Creating package script '/home/mi/VisualLocate/install/VisualLocate/share/VisualLocate/package.bash'
[8.089s] INFO:colcon.colcon_core.shell:Creating package script '/home/mi/VisualLocate/install/VisualLocate/share/VisualLocate/package.zsh'
[8.094s] Level 1:colcon.colcon_core.environment:create_file_with_runtime_dependencies(/home/mi/VisualLocate/install/VisualLocate/share/colcon-core/packages/VisualLocate)
[8.099s] DEBUG:colcon.colcon_parallel_executor.executor.parallel:closing loop
[8.101s] DEBUG:colcon.colcon_parallel_executor.executor.parallel:loop closed
[8.102s] DEBUG:colcon.colcon_parallel_executor.executor.parallel:run_until_complete finished with '0'
[8.102s] DEBUG:colcon.colcon_core.event_reactor:joining thread
[8.136s] INFO:colcon.colcon_core.plugin_system:Skipping extension 'colcon_notification.desktop_notification.terminal_notifier': Not used on non-Darwin systems
[8.136s] INFO:colcon.colcon_core.plugin_system:Skipping extension 'colcon_notification.desktop_notification.win32': Not used on non-Windows systems
[8.137s] INFO:colcon.colcon_notification.desktop_notification:Sending desktop notification using 'notify2'
[8.207s] DEBUG:colcon.colcon_core.event_reactor:joined thread
[8.212s] INFO:colcon.colcon_core.shell:Creating prefix script '/home/mi/VisualLocate/install/local_setup.ps1'
[8.220s] INFO:colcon.colcon_core.shell:Creating prefix util module '/home/mi/VisualLocate/install/_local_setup_util_ps1.py'
[8.230s] INFO:colcon.colcon_core.shell:Creating prefix chain script '/home/mi/VisualLocate/install/setup.ps1'
[8.237s] INFO:colcon.colcon_core.shell:Creating prefix script '/home/mi/VisualLocate/install/local_setup.sh'
[8.241s] INFO:colcon.colcon_core.shell:Creating prefix util module '/home/mi/VisualLocate/install/_local_setup_util_sh.py'
[8.244s] INFO:colcon.colcon_core.shell:Creating prefix chain script '/home/mi/VisualLocate/install/setup.sh'
[8.252s] INFO:colcon.colcon_core.shell:Creating prefix script '/home/mi/VisualLocate/install/local_setup.bash'
[8.256s] INFO:colcon.colcon_core.shell:Creating prefix chain script '/home/mi/VisualLocate/install/setup.bash'
[8.264s] INFO:colcon.colcon_core.shell:Creating prefix script '/home/mi/VisualLocate/install/local_setup.zsh'
[8.267s] INFO:colcon.colcon_core.shell:Creating prefix chain script '/home/mi/VisualLocate/install/setup.zsh'
