[3.745s] Invoking command in '/home/mi/VisualLocate/src/VisualLocate': PYTHONPATH=/home/mi/VisualLocate/install/VisualLocate/lib/python3.6/site-packages:${PYTHONPATH} /usr/bin/python3 setup.py egg_info --egg-base ../../build/VisualLocate build --build-base /home/mi/VisualLocate/build/VisualLocate/build install --prefix /home/mi/VisualLocate/install/VisualLocate --record /home/mi/VisualLocate/build/VisualLocate/install.log --single-version-externally-managed
[5.275s] running egg_info
[5.277s] writing ../../build/VisualLocate/VisualLocate.egg-info/PKG-INFO
[5.278s] writing dependency_links to ../../build/VisualLocate/VisualLocate.egg-info/dependency_links.txt
[5.279s] writing entry points to ../../build/VisualLocate/VisualLocate.egg-info/entry_points.txt
[5.280s] writing requirements to ../../build/VisualLocate/VisualLocate.egg-info/requires.txt
[5.280s] writing top-level names to ../../build/VisualLocate/VisualLocate.egg-info/top_level.txt
[5.294s] reading manifest file '../../build/VisualLocate/VisualLocate.egg-info/SOURCES.txt'
[5.301s] writing manifest file '../../build/VisualLocate/VisualLocate.egg-info/SOURCES.txt'
[5.301s] running build
[5.305s] running build_py
[5.305s] running install
[5.306s] /usr/local/lib/python3.6/dist-packages/setuptools/command/install.py:37: SetuptoolsDeprecationWarning: setup.py install is deprecated. Use build and pip and other standards-based tools.
[5.306s]   setuptools.SetuptoolsDeprecationWarning,
[5.307s] running install_lib
[5.312s] running install_data
[5.313s] running install_egg_info
[5.321s] removing '/home/mi/VisualLocate/install/VisualLocate/lib/python3.6/site-packages/VisualLocate-0.0.0-py3.6.egg-info' (and everything under it)
[5.325s] Copying ../../build/VisualLocate/VisualLocate.egg-info to /home/mi/VisualLocate/install/VisualLocate/lib/python3.6/site-packages/VisualLocate-0.0.0-py3.6.egg-info
[5.326s] running install_scripts
[5.410s] Installing walk script to /home/mi/VisualLocate/install/VisualLocate/lib/VisualLocate
[5.412s] writing list of installed files to '/home/mi/VisualLocate/build/VisualLocate/install.log'
[5.528s] Invoked command in '/home/mi/VisualLocate/src/VisualLocate' returned '0': PYTHONPATH=/home/mi/VisualLocate/install/VisualLocate/lib/python3.6/site-packages:${PYTHONPATH} /usr/bin/python3 setup.py egg_info --egg-base ../../build/VisualLocate build --build-base /home/mi/VisualLocate/build/VisualLocate/build install --prefix /home/mi/VisualLocate/install/VisualLocate --record /home/mi/VisualLocate/build/VisualLocate/install.log --single-version-externally-managed
