[3.750s] Invoking command in '/home/mi/preliminary/src/avoidance': PYTHONPATH=/home/mi/preliminary/install/avoidance/lib/python3.6/site-packages:${PYTHONPATH} /usr/bin/python3 setup.py egg_info --egg-base ../../build/avoidance build --build-base /home/mi/preliminary/build/avoidance/build install --prefix /home/mi/preliminary/install/avoidance --record /home/mi/preliminary/build/avoidance/install.log --single-version-externally-managed
[5.269s] running egg_info
[5.271s] writing ../../build/avoidance/avoidance.egg-info/PKG-INFO
[5.272s] writing dependency_links to ../../build/avoidance/avoidance.egg-info/dependency_links.txt
[5.272s] writing entry points to ../../build/avoidance/avoidance.egg-info/entry_points.txt
[5.273s] writing requirements to ../../build/avoidance/avoidance.egg-info/requires.txt
[5.273s] writing top-level names to ../../build/avoidance/avoidance.egg-info/top_level.txt
[5.283s] reading manifest file '../../build/avoidance/avoidance.egg-info/SOURCES.txt'
[5.290s] writing manifest file '../../build/avoidance/avoidance.egg-info/SOURCES.txt'
[5.291s] running build
[5.292s] running build_py
[5.293s] running install
[5.294s] /usr/local/lib/python3.6/dist-packages/setuptools/command/install.py:37: SetuptoolsDeprecationWarning: setup.py install is deprecated. Use build and pip and other standards-based tools.
[5.294s]   setuptools.SetuptoolsDeprecationWarning,
[5.295s] running install_lib
[5.301s] running install_data
[5.303s] running install_egg_info
[5.311s] removing '/home/mi/preliminary/install/avoidance/lib/python3.6/site-packages/avoidance-0.0.0-py3.6.egg-info' (and everything under it)
[5.313s] Copying ../../build/avoidance/avoidance.egg-info to /home/mi/preliminary/install/avoidance/lib/python3.6/site-packages/avoidance-0.0.0-py3.6.egg-info
[5.318s] running install_scripts
[5.409s] Installing sensor script to /home/mi/preliminary/install/avoidance/lib/avoidance
[5.413s] Installing stand script to /home/mi/preliminary/install/avoidance/lib/avoidance
[5.414s] Installing stand_sit script to /home/mi/preliminary/install/avoidance/lib/avoidance
[5.415s] Installing walk script to /home/mi/preliminary/install/avoidance/lib/avoidance
[5.420s] writing list of installed files to '/home/mi/preliminary/build/avoidance/install.log'
[5.536s] Invoked command in '/home/mi/preliminary/src/avoidance' returned '0': PYTHONPATH=/home/mi/preliminary/install/avoidance/lib/python3.6/site-packages:${PYTHONPATH} /usr/bin/python3 setup.py egg_info --egg-base ../../build/avoidance build --build-base /home/mi/preliminary/build/avoidance/build install --prefix /home/mi/preliminary/install/avoidance --record /home/mi/preliminary/build/avoidance/install.log --single-version-externally-managed
