[4.205s] Invoking command in '/home/mi/preliminary/src/avoidance': PYTHONPATH=/home/mi/preliminary/install/avoidance/lib/python3.6/site-packages:${PYTHONPATH} /usr/bin/python3 setup.py egg_info --egg-base ../../build/avoidance build --build-base /home/mi/preliminary/build/avoidance/build install --prefix /home/mi/preliminary/install/avoidance --record /home/mi/preliminary/build/avoidance/install.log --single-version-externally-managed
[5.752s] running egg_info
[5.754s] writing ../../build/avoidance/avoidance.egg-info/PKG-INFO
[5.756s] writing dependency_links to ../../build/avoidance/avoidance.egg-info/dependency_links.txt
[5.756s] writing entry points to ../../build/avoidance/avoidance.egg-info/entry_points.txt
[5.757s] writing requirements to ../../build/avoidance/avoidance.egg-info/requires.txt
[5.758s] writing top-level names to ../../build/avoidance/avoidance.egg-info/top_level.txt
[5.776s] reading manifest file '../../build/avoidance/avoidance.egg-info/SOURCES.txt'
[5.782s] writing manifest file '../../build/avoidance/avoidance.egg-info/SOURCES.txt'
[5.783s] running build
[5.784s] running build_py
[5.788s] running install
[5.801s] running install_lib
[5.803s] /usr/local/lib/python3.6/dist-packages/setuptools/command/install.py:37: SetuptoolsDeprecationWarning: setup.py install is deprecated. Use build and pip and other standards-based tools.
[5.804s]   setuptools.SetuptoolsDeprecationWarning,
[5.804s] running install_data
[5.805s] running install_egg_info
[5.810s] removing '/home/mi/preliminary/install/avoidance/lib/python3.6/site-packages/avoidance-0.0.0-py3.6.egg-info' (and everything under it)
[5.817s] Copying ../../build/avoidance/avoidance.egg-info to /home/mi/preliminary/install/avoidance/lib/python3.6/site-packages/avoidance-0.0.0-py3.6.egg-info
[5.818s] running install_scripts
[5.912s] Installing avoid script to /home/mi/preliminary/install/avoidance/lib/avoidance
[5.915s] Installing avoid_jez script to /home/mi/preliminary/install/avoidance/lib/avoidance
[5.916s] Installing radar script to /home/mi/preliminary/install/avoidance/lib/avoidance
[5.916s] Installing sensor script to /home/mi/preliminary/install/avoidance/lib/avoidance
[5.917s] Installing stand script to /home/mi/preliminary/install/avoidance/lib/avoidance
[5.917s] Installing stand_sit script to /home/mi/preliminary/install/avoidance/lib/avoidance
[5.918s] Installing ultrasonic script to /home/mi/preliminary/install/avoidance/lib/avoidance
[5.918s] Installing walk script to /home/mi/preliminary/install/avoidance/lib/avoidance
[5.919s] writing list of installed files to '/home/mi/preliminary/build/avoidance/install.log'
[6.036s] Invoked command in '/home/mi/preliminary/src/avoidance' returned '0': PYTHONPATH=/home/mi/preliminary/install/avoidance/lib/python3.6/site-packages:${PYTHONPATH} /usr/bin/python3 setup.py egg_info --egg-base ../../build/avoidance build --build-base /home/mi/preliminary/build/avoidance/build install --prefix /home/mi/preliminary/install/avoidance --record /home/mi/preliminary/build/avoidance/install.log --single-version-externally-managed
