[3.768s] Invoking command in '/home/mi/VisualLocate/src/VisualLocate': PYTHONPATH=/home/mi/VisualLocate/install/VisualLocate/lib/python3.6/site-packages:${PYTHONPATH} /usr/bin/python3 setup.py egg_info --egg-base ../../build/VisualLocate build --build-base /home/mi/VisualLocate/build/VisualLocate/build install --prefix /home/mi/VisualLocate/install/VisualLocate --record /home/mi/VisualLocate/build/VisualLocate/install.log --single-version-externally-managed
[5.195s] running egg_info
[5.199s] writing ../../build/VisualLocate/VisualLocate.egg-info/PKG-INFO
[5.200s] writing dependency_links to ../../build/VisualLocate/VisualLocate.egg-info/dependency_links.txt
[5.201s] writing entry points to ../../build/VisualLocate/VisualLocate.egg-info/entry_points.txt
[5.202s] writing requirements to ../../build/VisualLocate/VisualLocate.egg-info/requires.txt
[5.203s] writing top-level names to ../../build/VisualLocate/VisualLocate.egg-info/top_level.txt
[5.216s] reading manifest file '../../build/VisualLocate/VisualLocate.egg-info/SOURCES.txt'
[5.223s] writing manifest file '../../build/VisualLocate/VisualLocate.egg-info/SOURCES.txt'
[5.225s] running build
[5.226s] running build_py
[5.226s] copying VisualLocate/walk.py -> /home/mi/VisualLocate/build/VisualLocate/build/lib/VisualLocate
[5.227s] running install
[5.228s] /usr/local/lib/python3.6/dist-packages/setuptools/command/install.py:37: SetuptoolsDeprecationWarning: setup.py install is deprecated. Use build and pip and other standards-based tools.
[5.229s]   setuptools.SetuptoolsDeprecationWarning,
[5.230s] running install_lib
[5.234s] copying /home/mi/VisualLocate/build/VisualLocate/build/lib/VisualLocate/walk.py -> /home/mi/VisualLocate/install/VisualLocate/lib/python3.6/site-packages/VisualLocate
[5.235s] byte-compiling /home/mi/VisualLocate/install/VisualLocate/lib/python3.6/site-packages/VisualLocate/walk.py to walk.cpython-36.pyc
[5.240s] running install_data
[5.242s] running install_egg_info
[5.250s] removing '/home/mi/VisualLocate/install/VisualLocate/lib/python3.6/site-packages/VisualLocate-0.0.0-py3.6.egg-info' (and everything under it)
[5.253s] Copying ../../build/VisualLocate/VisualLocate.egg-info to /home/mi/VisualLocate/install/VisualLocate/lib/python3.6/site-packages/VisualLocate-0.0.0-py3.6.egg-info
[5.256s] running install_scripts
[5.345s] Installing walk script to /home/mi/VisualLocate/install/VisualLocate/lib/VisualLocate
[5.348s] writing list of installed files to '/home/mi/VisualLocate/build/VisualLocate/install.log'
[5.465s] Invoked command in '/home/mi/VisualLocate/src/VisualLocate' returned '0': PYTHONPATH=/home/mi/VisualLocate/install/VisualLocate/lib/python3.6/site-packages:${PYTHONPATH} /usr/bin/python3 setup.py egg_info --egg-base ../../build/VisualLocate build --build-base /home/mi/VisualLocate/build/VisualLocate/build install --prefix /home/mi/VisualLocate/install/VisualLocate --record /home/mi/VisualLocate/build/VisualLocate/install.log --single-version-externally-managed
