[3.791s] Invoking command in '/home/mi/preliminary/src/avoidance': PYTHONPATH=/home/mi/preliminary/install/avoidance/lib/python3.6/site-packages:${PYTHONPATH} /usr/bin/python3 setup.py egg_info --egg-base ../../build/avoidance build --build-base /home/mi/preliminary/build/avoidance/build install --prefix /home/mi/preliminary/install/avoidance --record /home/mi/preliminary/build/avoidance/install.log --single-version-externally-managed
[5.471s] running egg_info
[5.475s] writing ../../build/avoidance/avoidance.egg-info/PKG-INFO
[5.476s] writing dependency_links to ../../build/avoidance/avoidance.egg-info/dependency_links.txt
[5.477s] writing entry points to ../../build/avoidance/avoidance.egg-info/entry_points.txt
[5.478s] writing requirements to ../../build/avoidance/avoidance.egg-info/requires.txt
[5.478s] writing top-level names to ../../build/avoidance/avoidance.egg-info/top_level.txt
[5.496s] reading manifest file '../../build/avoidance/avoidance.egg-info/SOURCES.txt'
[5.503s] writing manifest file '../../build/avoidance/avoidance.egg-info/SOURCES.txt'
[5.504s] running build
[5.504s] running build_py
[5.508s] running install
[5.509s] /usr/local/lib/python3.6/dist-packages/setuptools/command/install.py:37: SetuptoolsDeprecationWarning: setup.py install is deprecated. Use build and pip and other standards-based tools.
[5.509s]   setuptools.SetuptoolsDeprecationWarning,
[5.512s] running install_lib
[5.519s] running install_data
[5.521s] running install_egg_info
[5.531s] removing '/home/mi/preliminary/install/avoidance/lib/python3.6/site-packages/avoidance-0.0.0-py3.6.egg-info' (and everything under it)
[5.535s] Copying ../../build/avoidance/avoidance.egg-info to /home/mi/preliminary/install/avoidance/lib/python3.6/site-packages/avoidance-0.0.0-py3.6.egg-info
[5.538s] running install_scripts
[5.644s] Installing avoid script to /home/mi/preliminary/install/avoidance/lib/avoidance
[5.645s] Installing sensor script to /home/mi/preliminary/install/avoidance/lib/avoidance
[5.647s] Installing stand script to /home/mi/preliminary/install/avoidance/lib/avoidance
[5.649s] Installing stand_sit script to /home/mi/preliminary/install/avoidance/lib/avoidance
[5.649s] Installing test script to /home/mi/preliminary/install/avoidance/lib/avoidance
[5.650s] Installing walk script to /home/mi/preliminary/install/avoidance/lib/avoidance
[5.660s] writing list of installed files to '/home/mi/preliminary/build/avoidance/install.log'
[5.781s] Invoked command in '/home/mi/preliminary/src/avoidance' returned '0': PYTHONPATH=/home/mi/preliminary/install/avoidance/lib/python3.6/site-packages:${PYTHONPATH} /usr/bin/python3 setup.py egg_info --egg-base ../../build/avoidance build --build-base /home/mi/preliminary/build/avoidance/build install --prefix /home/mi/preliminary/install/avoidance --record /home/mi/preliminary/build/avoidance/install.log --single-version-externally-managed
