[3.909s] Invoking command in '/home/mi/preliminary/src/avoidance': PYTHONPATH=/home/mi/preliminary/install/avoidance/lib/python3.6/site-packages:${PYTHONPATH} /usr/bin/python3 setup.py egg_info --egg-base ../../build/avoidance build --build-base /home/mi/preliminary/build/avoidance/build install --prefix /home/mi/preliminary/install/avoidance --record /home/mi/preliminary/build/avoidance/install.log --single-version-externally-managed
[5.444s] running egg_info
[5.447s] writing ../../build/avoidance/avoidance.egg-info/PKG-INFO
[5.448s] writing dependency_links to ../../build/avoidance/avoidance.egg-info/dependency_links.txt
[5.449s] writing entry points to ../../build/avoidance/avoidance.egg-info/entry_points.txt
[5.450s] writing requirements to ../../build/avoidance/avoidance.egg-info/requires.txt
[5.450s] writing top-level names to ../../build/avoidance/avoidance.egg-info/top_level.txt
[5.464s] reading manifest file '../../build/avoidance/avoidance.egg-info/SOURCES.txt'
[5.470s] writing manifest file '../../build/avoidance/avoidance.egg-info/SOURCES.txt'
[5.472s] running build
[5.473s] running build_py
[5.475s] copying avoidance/test.py -> /home/mi/preliminary/build/avoidance/build/lib/avoidance
[5.478s] /usr/local/lib/python3.6/dist-packages/setuptools/command/install.py:37: SetuptoolsDeprecationWarning: setup.py install is deprecated. Use build and pip and other standards-based tools.
[5.479s]   setuptools.SetuptoolsDeprecationWarning,
[5.480s] running install
[5.482s] running install_lib
[5.482s] copying /home/mi/preliminary/build/avoidance/build/lib/avoidance/test.py -> /home/mi/preliminary/install/avoidance/lib/python3.6/site-packages/avoidance
[5.485s] byte-compiling /home/mi/preliminary/install/avoidance/lib/python3.6/site-packages/avoidance/test.py to test.cpython-36.pyc
[5.488s] running install_data
[5.490s] running install_egg_info
[5.497s] removing '/home/mi/preliminary/install/avoidance/lib/python3.6/site-packages/avoidance-0.0.0-py3.6.egg-info' (and everything under it)
[5.503s] Copying ../../build/avoidance/avoidance.egg-info to /home/mi/preliminary/install/avoidance/lib/python3.6/site-packages/avoidance-0.0.0-py3.6.egg-info
[5.505s] running install_scripts
[5.609s] Installing avoid script to /home/mi/preliminary/install/avoidance/lib/avoidance
[5.611s] Installing sensor script to /home/mi/preliminary/install/avoidance/lib/avoidance
[5.613s] Installing stand script to /home/mi/preliminary/install/avoidance/lib/avoidance
[5.615s] Installing stand_sit script to /home/mi/preliminary/install/avoidance/lib/avoidance
[5.616s] Installing test script to /home/mi/preliminary/install/avoidance/lib/avoidance
[5.619s] Installing walk script to /home/mi/preliminary/install/avoidance/lib/avoidance
[5.621s] writing list of installed files to '/home/mi/preliminary/build/avoidance/install.log'
[5.733s] Invoked command in '/home/mi/preliminary/src/avoidance' returned '0': PYTHONPATH=/home/mi/preliminary/install/avoidance/lib/python3.6/site-packages:${PYTHONPATH} /usr/bin/python3 setup.py egg_info --egg-base ../../build/avoidance build --build-base /home/mi/preliminary/build/avoidance/build install --prefix /home/mi/preliminary/install/avoidance --record /home/mi/preliminary/build/avoidance/install.log --single-version-externally-managed
