[3.711s] Invoking command in '/home/mi/preliminary/src/avoidance': PYTHONPATH=/home/mi/preliminary/install/avoidance/lib/python3.6/site-packages:${PYTHONPATH} /usr/bin/python3 setup.py egg_info --egg-base ../../build/avoidance build --build-base /home/mi/preliminary/build/avoidance/build install --prefix /home/mi/preliminary/install/avoidance --record /home/mi/preliminary/build/avoidance/install.log --single-version-externally-managed
[5.246s] running egg_info
[5.248s] writing ../../build/avoidance/avoidance.egg-info/PKG-INFO
[5.256s] writing dependency_links to ../../build/avoidance/avoidance.egg-info/dependency_links.txt
[5.256s] writing entry points to ../../build/avoidance/avoidance.egg-info/entry_points.txt
[5.257s] writing requirements to ../../build/avoidance/avoidance.egg-info/requires.txt
[5.257s] writing top-level names to ../../build/avoidance/avoidance.egg-info/top_level.txt
[5.273s] reading manifest file '../../build/avoidance/avoidance.egg-info/SOURCES.txt'
[5.279s] writing manifest file '../../build/avoidance/avoidance.egg-info/SOURCES.txt'
[5.280s] running build
[5.281s] running build_py
[5.282s] copying avoidance/testradar.py -> /home/mi/preliminary/build/avoidance/build/lib/avoidance
[5.285s] copying avoidance/sensor.py -> /home/mi/preliminary/build/avoidance/build/lib/avoidance
[5.287s] running install
[5.288s] /usr/local/lib/python3.6/dist-packages/setuptools/command/install.py:37: SetuptoolsDeprecationWarning: setup.py install is deprecated. Use build and pip and other standards-based tools.
[5.289s]   setuptools.SetuptoolsDeprecationWarning,
[5.290s] running install_lib
[5.300s] copying /home/mi/preliminary/build/avoidance/build/lib/avoidance/testradar.py -> /home/mi/preliminary/install/avoidance/lib/python3.6/site-packages/avoidance
[5.301s] copying /home/mi/preliminary/build/avoidance/build/lib/avoidance/sensor.py -> /home/mi/preliminary/install/avoidance/lib/python3.6/site-packages/avoidance
[5.302s] byte-compiling /home/mi/preliminary/install/avoidance/lib/python3.6/site-packages/avoidance/testradar.py to testradar.cpython-36.pyc
[5.306s] byte-compiling /home/mi/preliminary/install/avoidance/lib/python3.6/site-packages/avoidance/sensor.py to sensor.cpython-36.pyc
[5.311s] running install_data
[5.314s] running install_egg_info
[5.324s] removing '/home/mi/preliminary/install/avoidance/lib/python3.6/site-packages/avoidance-0.0.0-py3.6.egg-info' (and everything under it)
[5.326s] Copying ../../build/avoidance/avoidance.egg-info to /home/mi/preliminary/install/avoidance/lib/python3.6/site-packages/avoidance-0.0.0-py3.6.egg-info
[5.335s] running install_scripts
[5.430s] Installing avoid script to /home/mi/preliminary/install/avoidance/lib/avoidance
[5.433s] Installing sensor script to /home/mi/preliminary/install/avoidance/lib/avoidance
[5.434s] Installing stand script to /home/mi/preliminary/install/avoidance/lib/avoidance
[5.434s] Installing stand_sit script to /home/mi/preliminary/install/avoidance/lib/avoidance
[5.435s] Installing testradar script to /home/mi/preliminary/install/avoidance/lib/avoidance
[5.440s] Installing walk script to /home/mi/preliminary/install/avoidance/lib/avoidance
[5.441s] writing list of installed files to '/home/mi/preliminary/build/avoidance/install.log'
[5.550s] Invoked command in '/home/mi/preliminary/src/avoidance' returned '0': PYTHONPATH=/home/mi/preliminary/install/avoidance/lib/python3.6/site-packages:${PYTHONPATH} /usr/bin/python3 setup.py egg_info --egg-base ../../build/avoidance build --build-base /home/mi/preliminary/build/avoidance/build install --prefix /home/mi/preliminary/install/avoidance --record /home/mi/preliminary/build/avoidance/install.log --single-version-externally-managed
