[4.186s] Invoking command in '/home/mi/VisualLocate/src/VisualLocate': PYTHONPATH=/home/mi/VisualLocate/install/VisualLocate/lib/python3.6/site-packages:${PYTHONPATH} /usr/bin/python3 setup.py egg_info --egg-base ../../build/VisualLocate build --build-base /home/mi/VisualLocate/build/VisualLocate/build install --prefix /home/mi/VisualLocate/install/VisualLocate --record /home/mi/VisualLocate/build/VisualLocate/install.log --single-version-externally-managed
[5.717s] running egg_info
[5.720s] writing ../../build/VisualLocate/VisualLocate.egg-info/PKG-INFO
[5.726s] writing dependency_links to ../../build/VisualLocate/VisualLocate.egg-info/dependency_links.txt
[5.727s] writing entry points to ../../build/VisualLocate/VisualLocate.egg-info/entry_points.txt
[5.728s] writing requirements to ../../build/VisualLocate/VisualLocate.egg-info/requires.txt
[5.728s] writing top-level names to ../../build/VisualLocate/VisualLocate.egg-info/top_level.txt
[5.739s] reading manifest file '../../build/VisualLocate/VisualLocate.egg-info/SOURCES.txt'
[5.745s] writing manifest file '../../build/VisualLocate/VisualLocate.egg-info/SOURCES.txt'
[5.746s] running build
[5.747s] running build_py
[5.748s] running install
[5.749s] /usr/local/lib/python3.6/dist-packages/setuptools/command/install.py:37: SetuptoolsDeprecationWarning: setup.py install is deprecated. Use build and pip and other standards-based tools.
[5.750s]   setuptools.SetuptoolsDeprecationWarning,
[5.750s] running install_lib
[5.756s] running install_data
[5.759s] running install_egg_info
[5.766s] removing '/home/mi/VisualLocate/install/VisualLocate/lib/python3.6/site-packages/VisualLocate-0.0.0-py3.6.egg-info' (and everything under it)
[5.768s] Copying ../../build/VisualLocate/VisualLocate.egg-info to /home/mi/VisualLocate/install/VisualLocate/lib/python3.6/site-packages/VisualLocate-0.0.0-py3.6.egg-info
[5.773s] running install_scripts
[5.858s] Installing get_image script to /home/mi/VisualLocate/install/VisualLocate/lib/VisualLocate
[5.861s] Installing stand script to /home/mi/VisualLocate/install/VisualLocate/lib/VisualLocate
[5.862s] Installing walk script to /home/mi/VisualLocate/install/VisualLocate/lib/VisualLocate
[5.862s] writing list of installed files to '/home/mi/VisualLocate/build/VisualLocate/install.log'
[5.972s] Invoked command in '/home/mi/VisualLocate/src/VisualLocate' returned '0': PYTHONPATH=/home/mi/VisualLocate/install/VisualLocate/lib/python3.6/site-packages:${PYTHONPATH} /usr/bin/python3 setup.py egg_info --egg-base ../../build/VisualLocate build --build-base /home/mi/VisualLocate/build/VisualLocate/build install --prefix /home/mi/VisualLocate/install/VisualLocate --record /home/mi/VisualLocate/build/VisualLocate/install.log --single-version-externally-managed
