[3.824s] Invoking command in '/home/mi/VisualLocate/src/VisualLocate': PYTHONPATH=/home/mi/VisualLocate/install/VisualLocate/lib/python3.6/site-packages:${PYTHONPATH} /usr/bin/python3 setup.py egg_info --egg-base ../../build/VisualLocate build --build-base /home/mi/VisualLocate/build/VisualLocate/build install --prefix /home/mi/VisualLocate/install/VisualLocate --record /home/mi/VisualLocate/build/VisualLocate/install.log --single-version-externally-managed
[5.312s] running egg_info
[5.315s] writing ../../build/VisualLocate/VisualLocate.egg-info/PKG-INFO
[5.320s] writing dependency_links to ../../build/VisualLocate/VisualLocate.egg-info/dependency_links.txt
[5.320s] writing entry points to ../../build/VisualLocate/VisualLocate.egg-info/entry_points.txt
[5.321s] writing requirements to ../../build/VisualLocate/VisualLocate.egg-info/requires.txt
[5.321s] writing top-level names to ../../build/VisualLocate/VisualLocate.egg-info/top_level.txt
[5.333s] reading manifest file '../../build/VisualLocate/VisualLocate.egg-info/SOURCES.txt'
[5.343s] writing manifest file '../../build/VisualLocate/VisualLocate.egg-info/SOURCES.txt'
[5.344s] running build
[5.345s] running build_py
[5.345s] copying VisualLocate/getimage.py -> /home/mi/VisualLocate/build/VisualLocate/build/lib/VisualLocate
[5.346s] running install
[5.347s] /usr/local/lib/python3.6/dist-packages/setuptools/command/install.py:37: SetuptoolsDeprecationWarning: setup.py install is deprecated. Use build and pip and other standards-based tools.
[5.348s]   setuptools.SetuptoolsDeprecationWarning,
[5.350s] running install_lib
[5.351s] copying /home/mi/VisualLocate/build/VisualLocate/build/lib/VisualLocate/getimage.py -> /home/mi/VisualLocate/install/VisualLocate/lib/python3.6/site-packages/VisualLocate
[5.354s] byte-compiling /home/mi/VisualLocate/install/VisualLocate/lib/python3.6/site-packages/VisualLocate/getimage.py to getimage.cpython-36.pyc
[5.354s] running install_data
[5.357s] running install_egg_info
[5.368s] removing '/home/mi/VisualLocate/install/VisualLocate/lib/python3.6/site-packages/VisualLocate-0.0.0-py3.6.egg-info' (and everything under it)
[5.369s] Copying ../../build/VisualLocate/VisualLocate.egg-info to /home/mi/VisualLocate/install/VisualLocate/lib/python3.6/site-packages/VisualLocate-0.0.0-py3.6.egg-info
[5.370s] running install_scripts
[5.457s] Installing stand = VisualLocate.stand:maingetimage script to /home/mi/VisualLocate/install/VisualLocate/lib/VisualLocate
[5.458s] Installing walk script to /home/mi/VisualLocate/install/VisualLocate/lib/VisualLocate
[5.459s] writing list of installed files to '/home/mi/VisualLocate/build/VisualLocate/install.log'
[5.580s] Invoked command in '/home/mi/VisualLocate/src/VisualLocate' returned '0': PYTHONPATH=/home/mi/VisualLocate/install/VisualLocate/lib/python3.6/site-packages:${PYTHONPATH} /usr/bin/python3 setup.py egg_info --egg-base ../../build/VisualLocate build --build-base /home/mi/VisualLocate/build/VisualLocate/build install --prefix /home/mi/VisualLocate/install/VisualLocate --record /home/mi/VisualLocate/build/VisualLocate/install.log --single-version-externally-managed
