[3.883s] Invoking command in '/home/mi/preliminary/src/avoidance': PYTHONPATH=/home/mi/preliminary/install/avoidance/lib/python3.6/site-packages:${PYTHONPATH} /usr/bin/python3 setup.py egg_info --egg-base ../../build/avoidance build --build-base /home/mi/preliminary/build/avoidance/build install --prefix /home/mi/preliminary/install/avoidance --record /home/mi/preliminary/build/avoidance/install.log --single-version-externally-managed
[5.303s] running egg_info
[5.307s] writing ../../build/avoidance/avoidance.egg-info/PKG-INFO
[5.308s] writing dependency_links to ../../build/avoidance/avoidance.egg-info/dependency_links.txt
[5.308s] writing entry points to ../../build/avoidance/avoidance.egg-info/entry_points.txt
[5.310s] writing requirements to ../../build/avoidance/avoidance.egg-info/requires.txt
[5.311s] writing top-level names to ../../build/avoidance/avoidance.egg-info/top_level.txt
[5.319s] reading manifest file '../../build/avoidance/avoidance.egg-info/SOURCES.txt'
[5.326s] writing manifest file '../../build/avoidance/avoidance.egg-info/SOURCES.txt'
[5.327s] running build
[5.327s] running build_py
[5.328s] copying avoidance/avoid.py -> /home/mi/preliminary/build/avoidance/build/lib/avoidance
[5.333s] running install
[5.334s] /usr/local/lib/python3.6/dist-packages/setuptools/command/install.py:37: SetuptoolsDeprecationWarning: setup.py install is deprecated. Use build and pip and other standards-based tools.
[5.336s]   setuptools.SetuptoolsDeprecationWarning,
[5.336s] running install_lib
[5.337s] copying /home/mi/preliminary/build/avoidance/build/lib/avoidance/avoid.py -> /home/mi/preliminary/install/avoidance/lib/python3.6/site-packages/avoidance
[5.339s] byte-compiling /home/mi/preliminary/install/avoidance/lib/python3.6/site-packages/avoidance/avoid.py to avoid.cpython-36.pyc
[5.347s] running install_data
[5.349s] running install_egg_info
[5.356s] removing '/home/mi/preliminary/install/avoidance/lib/python3.6/site-packages/avoidance-0.0.0-py3.6.egg-info' (and everything under it)
[5.360s] Copying ../../build/avoidance/avoidance.egg-info to /home/mi/preliminary/install/avoidance/lib/python3.6/site-packages/avoidance-0.0.0-py3.6.egg-info
[5.363s] running install_scripts
[5.452s] Installing avoid script to /home/mi/preliminary/install/avoidance/lib/avoidance
[5.453s] Installing sensor script to /home/mi/preliminary/install/avoidance/lib/avoidance
[5.455s] Installing stand script to /home/mi/preliminary/install/avoidance/lib/avoidance
[5.456s] Installing stand_sit script to /home/mi/preliminary/install/avoidance/lib/avoidance
[5.460s] Installing test script to /home/mi/preliminary/install/avoidance/lib/avoidance
[5.461s] Installing walk script to /home/mi/preliminary/install/avoidance/lib/avoidance
[5.461s] writing list of installed files to '/home/mi/preliminary/build/avoidance/install.log'
[5.572s] Invoked command in '/home/mi/preliminary/src/avoidance' returned '0': PYTHONPATH=/home/mi/preliminary/install/avoidance/lib/python3.6/site-packages:${PYTHONPATH} /usr/bin/python3 setup.py egg_info --egg-base ../../build/avoidance build --build-base /home/mi/preliminary/build/avoidance/build install --prefix /home/mi/preliminary/install/avoidance --record /home/mi/preliminary/build/avoidance/install.log --single-version-externally-managed
