[3.916s] Invoking command in '/home/mi/VisualLocate/src/VisualLocate': PYTHONPATH=/home/mi/VisualLocate/install/VisualLocate/lib/python3.6/site-packages:${PYTHONPATH} /usr/bin/python3 setup.py egg_info --egg-base ../../build/VisualLocate build --build-base /home/mi/VisualLocate/build/VisualLocate/build install --prefix /home/mi/VisualLocate/install/VisualLocate --record /home/mi/VisualLocate/build/VisualLocate/install.log --single-version-externally-managed
[5.371s] running egg_info
[5.374s] writing ../../build/VisualLocate/VisualLocate.egg-info/PKG-INFO
[5.376s] writing dependency_links to ../../build/VisualLocate/VisualLocate.egg-info/dependency_links.txt
[5.377s] writing entry points to ../../build/VisualLocate/VisualLocate.egg-info/entry_points.txt
[5.378s] writing requirements to ../../build/VisualLocate/VisualLocate.egg-info/requires.txt
[5.378s] writing top-level names to ../../build/VisualLocate/VisualLocate.egg-info/top_level.txt
[5.391s] reading manifest file '../../build/VisualLocate/VisualLocate.egg-info/SOURCES.txt'
[5.397s] writing manifest file '../../build/VisualLocate/VisualLocate.egg-info/SOURCES.txt'
[5.398s] running build
[5.398s] running build_py
[5.400s] running install
[5.401s] /usr/local/lib/python3.6/dist-packages/setuptools/command/install.py:37: SetuptoolsDeprecationWarning: setup.py install is deprecated. Use build and pip and other standards-based tools.
[5.402s]   setuptools.SetuptoolsDeprecationWarning,
[5.403s] running install_lib
[5.408s] running install_data
[5.410s] running install_egg_info
[5.419s] removing '/home/mi/VisualLocate/install/VisualLocate/lib/python3.6/site-packages/VisualLocate-0.0.0-py3.6.egg-info' (and everything under it)
[5.421s] Copying ../../build/VisualLocate/VisualLocate.egg-info to /home/mi/VisualLocate/install/VisualLocate/lib/python3.6/site-packages/VisualLocate-0.0.0-py3.6.egg-info
[5.425s] running install_scripts
[5.508s] Installing stand = VisualLocate.stand:mainget_image script to /home/mi/VisualLocate/install/VisualLocate/lib/VisualLocate
[5.512s] Installing walk script to /home/mi/VisualLocate/install/VisualLocate/lib/VisualLocate
[5.513s] writing list of installed files to '/home/mi/VisualLocate/build/VisualLocate/install.log'
[5.623s] Invoked command in '/home/mi/VisualLocate/src/VisualLocate' returned '0': PYTHONPATH=/home/mi/VisualLocate/install/VisualLocate/lib/python3.6/site-packages:${PYTHONPATH} /usr/bin/python3 setup.py egg_info --egg-base ../../build/VisualLocate build --build-base /home/mi/VisualLocate/build/VisualLocate/build install --prefix /home/mi/VisualLocate/install/VisualLocate --record /home/mi/VisualLocate/build/VisualLocate/install.log --single-version-externally-managed
