[3.863s] Invoking command in '/home/mi/preliminary/src/avoidance': PYTHONPATH=/home/mi/preliminary/install/avoidance/lib/python3.6/site-packages:${PYTHONPATH} /usr/bin/python3 setup.py egg_info --egg-base ../../build/avoidance build --build-base /home/mi/preliminary/build/avoidance/build install --prefix /home/mi/preliminary/install/avoidance --record /home/mi/preliminary/build/avoidance/install.log --single-version-externally-managed
[5.333s] running egg_info
[5.341s] writing ../../build/avoidance/avoidance.egg-info/PKG-INFO
[5.342s] writing dependency_links to ../../build/avoidance/avoidance.egg-info/dependency_links.txt
[5.342s] writing entry points to ../../build/avoidance/avoidance.egg-info/entry_points.txt
[5.343s] writing requirements to ../../build/avoidance/avoidance.egg-info/requires.txt
[5.343s] writing top-level names to ../../build/avoidance/avoidance.egg-info/top_level.txt
[5.354s] reading manifest file '../../build/avoidance/avoidance.egg-info/SOURCES.txt'
[5.360s] writing manifest file '../../build/avoidance/avoidance.egg-info/SOURCES.txt'
[5.361s] running build
[5.362s] running build_py
[5.365s] running install
[5.369s] /usr/local/lib/python3.6/dist-packages/setuptools/command/install.py:37: SetuptoolsDeprecationWarning: setup.py install is deprecated. Use build and pip and other standards-based tools.
[5.370s]   setuptools.SetuptoolsDeprecationWarning,
[5.370s] running install_lib
[5.375s] running install_data
[5.377s] running install_egg_info
[5.385s] removing '/home/mi/preliminary/install/avoidance/lib/python3.6/site-packages/avoidance-0.0.0-py3.6.egg-info' (and everything under it)
[5.387s] Copying ../../build/avoidance/avoidance.egg-info to /home/mi/preliminary/install/avoidance/lib/python3.6/site-packages/avoidance-0.0.0-py3.6.egg-info
[5.391s] running install_scripts
[5.494s] Installing avoid script to /home/mi/preliminary/install/avoidance/lib/avoidance
[5.497s] Installing sensor script to /home/mi/preliminary/install/avoidance/lib/avoidance
[5.499s] Installing stand script to /home/mi/preliminary/install/avoidance/lib/avoidance
[5.503s] Installing stand_sit script to /home/mi/preliminary/install/avoidance/lib/avoidance
[5.504s] Installing test script to /home/mi/preliminary/install/avoidance/lib/avoidance
[5.505s] Installing walk script to /home/mi/preliminary/install/avoidance/lib/avoidance
[5.506s] writing list of installed files to '/home/mi/preliminary/build/avoidance/install.log'
[5.637s] Invoked command in '/home/mi/preliminary/src/avoidance' returned '0': PYTHONPATH=/home/mi/preliminary/install/avoidance/lib/python3.6/site-packages:${PYTHONPATH} /usr/bin/python3 setup.py egg_info --egg-base ../../build/avoidance build --build-base /home/mi/preliminary/build/avoidance/build install --prefix /home/mi/preliminary/install/avoidance --record /home/mi/preliminary/build/avoidance/install.log --single-version-externally-managed
