[3.763s] Invoking command in '/home/mi/VisualLocate/src/VisualLocate': PYTHONPATH=/home/mi/VisualLocate/install/VisualLocate/lib/python3.6/site-packages:${PYTHONPATH} /usr/bin/python3 setup.py egg_info --egg-base ../../build/VisualLocate build --build-base /home/mi/VisualLocate/build/VisualLocate/build install --prefix /home/mi/VisualLocate/install/VisualLocate --record /home/mi/VisualLocate/build/VisualLocate/install.log --single-version-externally-managed
[5.215s] running egg_info
[5.219s] writing ../../build/VisualLocate/VisualLocate.egg-info/PKG-INFO
[5.219s] writing dependency_links to ../../build/VisualLocate/VisualLocate.egg-info/dependency_links.txt
[5.220s] writing entry points to ../../build/VisualLocate/VisualLocate.egg-info/entry_points.txt
[5.222s] writing requirements to ../../build/VisualLocate/VisualLocate.egg-info/requires.txt
[5.223s] writing top-level names to ../../build/VisualLocate/VisualLocate.egg-info/top_level.txt
[5.236s] reading manifest file '../../build/VisualLocate/VisualLocate.egg-info/SOURCES.txt'
[5.243s] writing manifest file '../../build/VisualLocate/VisualLocate.egg-info/SOURCES.txt'
[5.244s] running build
[5.245s] running build_py
[5.246s] running install
[5.247s] /usr/local/lib/python3.6/dist-packages/setuptools/command/install.py:37: SetuptoolsDeprecationWarning: setup.py install is deprecated. Use build and pip and other standards-based tools.
[5.248s]   setuptools.SetuptoolsDeprecationWarning,
[5.249s] running install_lib
[5.254s] running install_data
[5.256s] running install_egg_info
[5.264s] removing '/home/mi/VisualLocate/install/VisualLocate/lib/python3.6/site-packages/VisualLocate-0.0.0-py3.6.egg-info' (and everything under it)
[5.266s] Copying ../../build/VisualLocate/VisualLocate.egg-info to /home/mi/VisualLocate/install/VisualLocate/lib/python3.6/site-packages/VisualLocate-0.0.0-py3.6.egg-info
[5.271s] running install_scripts
[5.359s] Installing walk script to /home/mi/VisualLocate/install/VisualLocate/lib/VisualLocate
[5.360s] writing list of installed files to '/home/mi/VisualLocate/build/VisualLocate/install.log'
[5.468s] Invoked command in '/home/mi/VisualLocate/src/VisualLocate' returned '0': PYTHONPATH=/home/mi/VisualLocate/install/VisualLocate/lib/python3.6/site-packages:${PYTHONPATH} /usr/bin/python3 setup.py egg_info --egg-base ../../build/VisualLocate build --build-base /home/mi/VisualLocate/build/VisualLocate/build install --prefix /home/mi/VisualLocate/install/VisualLocate --record /home/mi/VisualLocate/build/VisualLocate/install.log --single-version-externally-managed
