[4.234s] Invoking command in '/home/mi/preliminary/src/avoidance': PYTHONPATH=/home/mi/preliminary/install/avoidance/lib/python3.6/site-packages:${PYTHONPATH} /usr/bin/python3 setup.py egg_info --egg-base ../../build/avoidance build --build-base /home/mi/preliminary/build/avoidance/build install --prefix /home/mi/preliminary/install/avoidance --record /home/mi/preliminary/build/avoidance/install.log --single-version-externally-managed
[5.842s] running egg_info
[5.846s] writing ../../build/avoidance/avoidance.egg-info/PKG-INFO
[5.847s] writing dependency_links to ../../build/avoidance/avoidance.egg-info/dependency_links.txt
[5.848s] writing entry points to ../../build/avoidance/avoidance.egg-info/entry_points.txt
[5.848s] writing requirements to ../../build/avoidance/avoidance.egg-info/requires.txt
[5.849s] writing top-level names to ../../build/avoidance/avoidance.egg-info/top_level.txt
[5.866s] reading manifest file '../../build/avoidance/avoidance.egg-info/SOURCES.txt'
[5.873s] writing manifest file '../../build/avoidance/avoidance.egg-info/SOURCES.txt'
[5.874s] running build
[5.875s] running build_py
[5.876s] copying avoidance/avoid.py -> /home/mi/preliminary/build/avoidance/build/lib/avoidance
[5.878s] running install
[5.879s] /usr/local/lib/python3.6/dist-packages/setuptools/command/install.py:37: SetuptoolsDeprecationWarning: setup.py install is deprecated. Use build and pip and other standards-based tools.
[5.880s]   setuptools.SetuptoolsDeprecationWarning,
[5.881s] running install_lib
[5.886s] copying /home/mi/preliminary/build/avoidance/build/lib/avoidance/avoid.py -> /home/mi/preliminary/install/avoidance/lib/python3.6/site-packages/avoidance
[5.890s] byte-compiling /home/mi/preliminary/install/avoidance/lib/python3.6/site-packages/avoidance/avoid.py to avoid.cpython-36.pyc
[5.899s] running install_data
[5.902s] running install_egg_info
[5.913s] removing '/home/mi/preliminary/install/avoidance/lib/python3.6/site-packages/avoidance-0.0.0-py3.6.egg-info' (and everything under it)
[5.917s] Copying ../../build/avoidance/avoidance.egg-info to /home/mi/preliminary/install/avoidance/lib/python3.6/site-packages/avoidance-0.0.0-py3.6.egg-info
[5.921s] running install_scripts
[6.028s] Installing avoid script to /home/mi/preliminary/install/avoidance/lib/avoidance
[6.029s] Installing sensor script to /home/mi/preliminary/install/avoidance/lib/avoidance
[6.032s] Installing stand script to /home/mi/preliminary/install/avoidance/lib/avoidance
[6.033s] Installing stand_sit script to /home/mi/preliminary/install/avoidance/lib/avoidance
[6.034s] Installing test script to /home/mi/preliminary/install/avoidance/lib/avoidance
[6.036s] Installing walk script to /home/mi/preliminary/install/avoidance/lib/avoidance
[6.038s] writing list of installed files to '/home/mi/preliminary/build/avoidance/install.log'
[6.164s] Invoked command in '/home/mi/preliminary/src/avoidance' returned '0': PYTHONPATH=/home/mi/preliminary/install/avoidance/lib/python3.6/site-packages:${PYTHONPATH} /usr/bin/python3 setup.py egg_info --egg-base ../../build/avoidance build --build-base /home/mi/preliminary/build/avoidance/build install --prefix /home/mi/preliminary/install/avoidance --record /home/mi/preliminary/build/avoidance/install.log --single-version-externally-managed
