[4.314s] Invoking command in '/home/mi/VisualLocate/src/VisualLocate': PYTHONPATH=/home/mi/VisualLocate/install/VisualLocate/lib/python3.6/site-packages:${PYTHONPATH} /usr/bin/python3 setup.py egg_info --egg-base ../../build/VisualLocate build --build-base /home/mi/VisualLocate/build/VisualLocate/build install --prefix /home/mi/VisualLocate/install/VisualLocate --record /home/mi/VisualLocate/build/VisualLocate/install.log --single-version-externally-managed
[5.875s] running egg_info
[5.879s] writing ../../build/VisualLocate/VisualLocate.egg-info/PKG-INFO
[5.880s] writing dependency_links to ../../build/VisualLocate/VisualLocate.egg-info/dependency_links.txt
[5.881s] writing entry points to ../../build/VisualLocate/VisualLocate.egg-info/entry_points.txt
[5.881s] writing requirements to ../../build/VisualLocate/VisualLocate.egg-info/requires.txt
[5.882s] writing top-level names to ../../build/VisualLocate/VisualLocate.egg-info/top_level.txt
[5.901s] reading manifest file '../../build/VisualLocate/VisualLocate.egg-info/SOURCES.txt'
[5.907s] writing manifest file '../../build/VisualLocate/VisualLocate.egg-info/SOURCES.txt'
[5.908s] running build
[5.908s] running build_py
[5.909s] copying VisualLocate/get_image.py -> /home/mi/VisualLocate/build/VisualLocate/build/lib/VisualLocate
[5.911s] running install
[5.913s] /usr/local/lib/python3.6/dist-packages/setuptools/command/install.py:37: SetuptoolsDeprecationWarning: setup.py install is deprecated. Use build and pip and other standards-based tools.
[5.913s]   setuptools.SetuptoolsDeprecationWarning,
[5.915s] running install_lib
[5.919s] copying /home/mi/VisualLocate/build/VisualLocate/build/lib/VisualLocate/get_image.py -> /home/mi/VisualLocate/install/VisualLocate/lib/python3.6/site-packages/VisualLocate
[5.922s] byte-compiling /home/mi/VisualLocate/install/VisualLocate/lib/python3.6/site-packages/VisualLocate/get_image.py to get_image.cpython-36.pyc
[5.925s] running install_data
[5.928s] running install_egg_info
[5.938s] removing '/home/mi/VisualLocate/install/VisualLocate/lib/python3.6/site-packages/VisualLocate-0.0.0-py3.6.egg-info' (and everything under it)
[5.941s] Copying ../../build/VisualLocate/VisualLocate.egg-info to /home/mi/VisualLocate/install/VisualLocate/lib/python3.6/site-packages/VisualLocate-0.0.0-py3.6.egg-info
[5.946s] running install_scripts
[6.049s] Installing get_image script to /home/mi/VisualLocate/install/VisualLocate/lib/VisualLocate
[6.050s] Installing stand script to /home/mi/VisualLocate/install/VisualLocate/lib/VisualLocate
[6.050s] Installing walk script to /home/mi/VisualLocate/install/VisualLocate/lib/VisualLocate
[6.052s] writing list of installed files to '/home/mi/VisualLocate/build/VisualLocate/install.log'
[6.187s] Invoked command in '/home/mi/VisualLocate/src/VisualLocate' returned '0': PYTHONPATH=/home/mi/VisualLocate/install/VisualLocate/lib/python3.6/site-packages:${PYTHONPATH} /usr/bin/python3 setup.py egg_info --egg-base ../../build/VisualLocate build --build-base /home/mi/VisualLocate/build/VisualLocate/build install --prefix /home/mi/VisualLocate/install/VisualLocate --record /home/mi/VisualLocate/build/VisualLocate/install.log --single-version-externally-managed
