[1.684s] DEBUG:colcon:Command line arguments: ['/usr/bin/colcon', 'build']
[1.685s] DEBUG:colcon:Parsed command line arguments: Namespace(allow_overriding=[], ament_cmake_args=None, base_paths=['.'], build_base='build', catkin_cmake_args=None, catkin_skip_building_tests=False, cmake_args=None, cmake_clean_cache=False, cmake_clean_first=False, cmake_force_configure=False, cmake_target=None, cmake_target_skip_unavailable=False, continue_on_error=False, event_handlers=None, executor='parallel', ignore_user_meta=False, install_base='install', log_base=None, log_level=None, main=<bound method BuildVerb.main of <colcon_core.verb.build.BuildVerb object at 0x7f88677f98>>, merge_install=False, metas=['./colcon.meta'], packages_above=None, packages_above_and_dependencies=None, packages_above_depth=None, packages_end=None, packages_ignore=None, packages_ignore_regex=None, packages_select=None, packages_select_build_failed=False, packages_select_by_dep=None, packages_select_regex=None, packages_select_test_failures=False, packages_skip=None, packages_skip_build_finished=False, packages_skip_by_dep=None, packages_skip_regex=None, packages_skip_test_passed=False, packages_skip_up_to=None, packages_start=None, packages_up_to=None, packages_up_to_regex=None, parallel_workers=6, paths=None, symlink_install=False, test_result_base=None, verb_extension=<colcon_core.verb.build.BuildVerb object at 0x7f88677f98>, verb_name='build', verb_parser=<colcon_defaults.argument_parser.defaults.DefaultArgumentsDecorator object at 0x7f885eb2e8>)
[1.709s] Level 1:colcon.colcon_core.package_discovery:discover_packages(colcon_meta) check parameters
[1.709s] Level 1:colcon.colcon_core.package_discovery:discover_packages(recursive) check parameters
[1.710s] Level 1:colcon.colcon_core.package_discovery:discover_packages(ignore) check parameters
[1.710s] Level 1:colcon.colcon_core.package_discovery:discover_packages(path) check parameters
[1.710s] Level 1:colcon.colcon_core.package_discovery:discover_packages(colcon_meta) discover
[1.714s] Level 1:colcon.colcon_core.package_discovery:discover_packages(recursive) discover
[1.715s] INFO:colcon.colcon_core.package_discovery:Crawling recursively for packages in '/home/mi/VisualLocate'
[1.715s] Level 1:colcon.colcon_core.package_identification:_identify(.) by extensions ['ignore', 'ignore_ament_install']
[1.716s] Level 1:colcon.colcon_core.package_identification:_identify(.) by extension 'ignore'
[1.716s] Level 1:colcon.colcon_core.package_identification:_identify(.) by extension 'ignore_ament_install'
[1.716s] Level 1:colcon.colcon_core.package_identification:_identify(.) by extensions ['colcon_pkg']
[1.717s] Level 1:colcon.colcon_core.package_identification:_identify(.) by extension 'colcon_pkg'
[1.717s] Level 1:colcon.colcon_core.package_identification:_identify(.) by extensions ['colcon_meta']
[1.717s] Level 1:colcon.colcon_core.package_identification:_identify(.) by extension 'colcon_meta'
[1.718s] Level 1:colcon.colcon_core.package_identification:_identify(.) by extensions ['ros']
[1.718s] Level 1:colcon.colcon_core.package_identification:_identify(.) by extension 'ros'
[2.100s] Level 1:colcon.colcon_core.package_identification:_identify(.) by extensions ['cmake', 'python']
[2.100s] Level 1:colcon.colcon_core.package_identification:_identify(.) by extension 'cmake'
[2.101s] Level 1:colcon.colcon_core.package_identification:_identify(.) by extension 'python'
[2.101s] Level 1:colcon.colcon_core.package_identification:_identify(.) by extensions ['python_setup_py']
[2.101s] Level 1:colcon.colcon_core.package_identification:_identify(.) by extension 'python_setup_py'
[2.102s] Level 1:colcon.colcon_core.package_identification:_identify(build) by extensions ['ignore', 'ignore_ament_install']
[2.102s] Level 1:colcon.colcon_core.package_identification:_identify(build) by extension 'ignore'
[2.103s] Level 1:colcon.colcon_core.package_identification:_identify(build) ignored
[2.105s] Level 1:colcon.colcon_core.package_identification:_identify(install) by extensions ['ignore', 'ignore_ament_install']
[2.107s] Level 1:colcon.colcon_core.package_identification:_identify(install) by extension 'ignore'
[2.108s] Level 1:colcon.colcon_core.package_identification:_identify(install) ignored
[2.110s] Level 1:colcon.colcon_core.package_identification:_identify(log) by extensions ['ignore', 'ignore_ament_install']
[2.111s] Level 1:colcon.colcon_core.package_identification:_identify(log) by extension 'ignore'
[2.112s] Level 1:colcon.colcon_core.package_identification:_identify(log) ignored
[2.113s] Level 1:colcon.colcon_core.package_identification:_identify(src) by extensions ['ignore', 'ignore_ament_install']
[2.114s] Level 1:colcon.colcon_core.package_identification:_identify(src) by extension 'ignore'
[2.114s] Level 1:colcon.colcon_core.package_identification:_identify(src) by extension 'ignore_ament_install'
[2.114s] Level 1:colcon.colcon_core.package_identification:_identify(src) by extensions ['colcon_pkg']
[2.115s] Level 1:colcon.colcon_core.package_identification:_identify(src) by extension 'colcon_pkg'
[2.115s] Level 1:colcon.colcon_core.package_identification:_identify(src) by extensions ['colcon_meta']
[2.115s] Level 1:colcon.colcon_core.package_identification:_identify(src) by extension 'colcon_meta'
[2.115s] Level 1:colcon.colcon_core.package_identification:_identify(src) by extensions ['ros']
[2.115s] Level 1:colcon.colcon_core.package_identification:_identify(src) by extension 'ros'
[2.116s] Level 1:colcon.colcon_core.package_identification:_identify(src) by extensions ['cmake', 'python']
[2.116s] Level 1:colcon.colcon_core.package_identification:_identify(src) by extension 'cmake'
[2.116s] Level 1:colcon.colcon_core.package_identification:_identify(src) by extension 'python'
[2.117s] Level 1:colcon.colcon_core.package_identification:_identify(src) by extensions ['python_setup_py']
[2.117s] Level 1:colcon.colcon_core.package_identification:_identify(src) by extension 'python_setup_py'
[2.117s] Level 1:colcon.colcon_core.package_identification:_identify(src/VisualLocate) by extensions ['ignore', 'ignore_ament_install']
[2.118s] Level 1:colcon.colcon_core.package_identification:_identify(src/VisualLocate) by extension 'ignore'
[2.118s] Level 1:colcon.colcon_core.package_identification:_identify(src/VisualLocate) by extension 'ignore_ament_install'
[2.119s] Level 1:colcon.colcon_core.package_identification:_identify(src/VisualLocate) by extensions ['colcon_pkg']
[2.119s] Level 1:colcon.colcon_core.package_identification:_identify(src/VisualLocate) by extension 'colcon_pkg'
[2.119s] Level 1:colcon.colcon_core.package_identification:_identify(src/VisualLocate) by extensions ['colcon_meta']
[2.119s] Level 1:colcon.colcon_core.package_identification:_identify(src/VisualLocate) by extension 'colcon_meta'
[2.119s] Level 1:colcon.colcon_core.package_identification:_identify(src/VisualLocate) by extensions ['ros']
[2.120s] Level 1:colcon.colcon_core.package_identification:_identify(src/VisualLocate) by extension 'ros'
[2.135s] DEBUG:colcon.colcon_core.package_identification:Package 'src/VisualLocate' with type 'ros.ament_python' and name 'avoidance'
[2.136s] Level 1:colcon.colcon_core.package_discovery:discover_packages(recursive) using defaults
[2.138s] Level 1:colcon.colcon_core.package_discovery:discover_packages(ignore) discover
[2.138s] Level 1:colcon.colcon_core.package_discovery:discover_packages(ignore) using defaults
[2.138s] Level 1:colcon.colcon_core.package_discovery:discover_packages(path) discover
[2.138s] Level 1:colcon.colcon_core.package_discovery:discover_packages(path) using defaults
[2.239s] Level 5:colcon.colcon_core.verb:set package 'avoidance' build argument 'cmake_args' from command line to 'None'
[2.239s] Level 5:colcon.colcon_core.verb:set package 'avoidance' build argument 'cmake_target' from command line to 'None'
[2.240s] Level 5:colcon.colcon_core.verb:set package 'avoidance' build argument 'cmake_target_skip_unavailable' from command line to 'False'
[2.240s] Level 5:colcon.colcon_core.verb:set package 'avoidance' build argument 'cmake_clean_cache' from command line to 'False'
[2.240s] Level 5:colcon.colcon_core.verb:set package 'avoidance' build argument 'cmake_clean_first' from command line to 'False'
[2.240s] Level 5:colcon.colcon_core.verb:set package 'avoidance' build argument 'cmake_force_configure' from command line to 'False'
[2.240s] Level 5:colcon.colcon_core.verb:set package 'avoidance' build argument 'ament_cmake_args' from command line to 'None'
[2.241s] Level 5:colcon.colcon_core.verb:set package 'avoidance' build argument 'catkin_cmake_args' from command line to 'None'
[2.241s] Level 5:colcon.colcon_core.verb:set package 'avoidance' build argument 'catkin_skip_building_tests' from command line to 'False'
[2.241s] DEBUG:colcon.colcon_core.verb:Building package 'avoidance' with the following arguments: {'ament_cmake_args': None, 'build_base': '/home/mi/VisualLocate/build/avoidance', 'catkin_cmake_args': None, 'catkin_skip_building_tests': False, 'cmake_args': None, 'cmake_clean_cache': False, 'cmake_clean_first': False, 'cmake_force_configure': False, 'cmake_target': None, 'cmake_target_skip_unavailable': False, 'install_base': '/home/mi/VisualLocate/install/avoidance', 'merge_install': False, 'path': '/home/mi/VisualLocate/src/VisualLocate', 'symlink_install': False, 'test_result_base': None}
[2.285s] INFO:colcon.colcon_core.executor:Executing jobs using 'parallel' executor
[2.298s] DEBUG:colcon.colcon_parallel_executor.executor.parallel:run_until_complete
[2.301s] INFO:colcon.colcon_ros.task.ament_python.build:Building ROS package in '/home/mi/VisualLocate/src/VisualLocate' with build type 'ament_python'
[2.305s] Level 1:colcon.colcon_core.shell:create_environment_hook('avoidance', 'ament_prefix_path')
[2.326s] INFO:colcon.colcon_core.plugin_system:Skipping extension 'colcon_core.shell.bat': Not used on non-Windows systems
[2.328s] INFO:colcon.colcon_core.shell:Creating environment hook '/home/mi/VisualLocate/install/avoidance/share/avoidance/hook/ament_prefix_path.ps1'
[2.331s] INFO:colcon.colcon_core.shell:Creating environment descriptor '/home/mi/VisualLocate/install/avoidance/share/avoidance/hook/ament_prefix_path.dsv'
[2.333s] INFO:colcon.colcon_core.shell:Creating environment hook '/home/mi/VisualLocate/install/avoidance/share/avoidance/hook/ament_prefix_path.sh'
[2.339s] INFO:colcon.colcon_core.shell:Skip shell extension 'powershell' for command environment: Not usable outside of PowerShell
[2.339s] DEBUG:colcon.colcon_core.shell:Skip shell extension 'dsv' for command environment
[3.943s] WARNING:colcon.colcon_ros.task.ament_python.build:Package 'avoidance' doesn't explicitly install a marker in the package index (colcon-ros currently does it implicitly but that fallback will be removed in the future)
[3.946s] WARNING:colcon.colcon_ros.task.ament_python.build:Package 'avoidance' doesn't explicitly install the 'package.xml' file (colcon-ros currently does it implicitly but that fallback will be removed in the future)
[3.949s] INFO:colcon.colcon_core.task.python.build:Building Python package in '/home/mi/VisualLocate/src/VisualLocate'
[3.956s] INFO:colcon.colcon_core.shell:Skip shell extension 'powershell' for command environment: Not usable outside of PowerShell
[3.957s] DEBUG:colcon.colcon_core.shell:Skip shell extension 'dsv' for command environment
[6.039s] DEBUG:colcon.colcon_core.event_handler.log_command:Invoking command in '/home/mi/VisualLocate/src/VisualLocate': PYTHONPATH=/home/mi/VisualLocate/install/avoidance/lib/python3.6/site-packages:${PYTHONPATH} /usr/bin/python3 setup.py egg_info --egg-base ../../build/avoidance build --build-base /home/mi/VisualLocate/build/avoidance/build install --prefix /home/mi/VisualLocate/install/avoidance --record /home/mi/VisualLocate/build/avoidance/install.log --single-version-externally-managed
[7.766s] DEBUG:colcon.colcon_core.event_handler.log_command:Invoked command in '/home/mi/VisualLocate/src/VisualLocate' returned '0': PYTHONPATH=/home/mi/VisualLocate/install/avoidance/lib/python3.6/site-packages:${PYTHONPATH} /usr/bin/python3 setup.py egg_info --egg-base ../../build/avoidance build --build-base /home/mi/VisualLocate/build/avoidance/build install --prefix /home/mi/VisualLocate/install/avoidance --record /home/mi/VisualLocate/build/avoidance/install.log --single-version-externally-managed
[7.791s] Level 1:colcon.colcon_core.environment:checking '/home/mi/VisualLocate/install/avoidance' for CMake module files
[7.794s] Level 1:colcon.colcon_core.environment:checking '/home/mi/VisualLocate/install/avoidance' for CMake config files
[7.801s] Level 1:colcon.colcon_core.environment:checking '/home/mi/VisualLocate/install/avoidance/lib'
[7.802s] Level 1:colcon.colcon_core.environment:checking '/home/mi/VisualLocate/install/avoidance/bin'
[7.803s] Level 1:colcon.colcon_core.environment:checking '/home/mi/VisualLocate/install/avoidance/lib/pkgconfig/avoidance.pc'
[7.803s] Level 1:colcon.colcon_core.environment:checking '/home/mi/VisualLocate/install/avoidance/lib/python3.6/site-packages'
[7.803s] Level 1:colcon.colcon_core.shell:create_environment_hook('avoidance', 'pythonpath')
[7.807s] INFO:colcon.colcon_core.shell:Creating environment hook '/home/mi/VisualLocate/install/avoidance/share/avoidance/hook/pythonpath.ps1'
[7.810s] INFO:colcon.colcon_core.shell:Creating environment descriptor '/home/mi/VisualLocate/install/avoidance/share/avoidance/hook/pythonpath.dsv'
[7.811s] INFO:colcon.colcon_core.shell:Creating environment hook '/home/mi/VisualLocate/install/avoidance/share/avoidance/hook/pythonpath.sh'
[7.813s] Level 1:colcon.colcon_core.environment:create_environment_scripts_only(avoidance)
[7.817s] INFO:colcon.colcon_core.shell:Creating package script '/home/mi/VisualLocate/install/avoidance/share/avoidance/package.ps1'
[7.823s] INFO:colcon.colcon_core.shell:Creating package descriptor '/home/mi/VisualLocate/install/avoidance/share/avoidance/package.dsv'
[7.826s] INFO:colcon.colcon_core.shell:Creating package script '/home/mi/VisualLocate/install/avoidance/share/avoidance/package.sh'
[7.830s] INFO:colcon.colcon_core.shell:Creating package script '/home/mi/VisualLocate/install/avoidance/share/avoidance/package.bash'
[7.834s] INFO:colcon.colcon_core.shell:Creating package script '/home/mi/VisualLocate/install/avoidance/share/avoidance/package.zsh'
[7.838s] Level 1:colcon.colcon_core.environment:create_file_with_runtime_dependencies(/home/mi/VisualLocate/install/avoidance/share/colcon-core/packages/avoidance)
[7.842s] DEBUG:colcon.colcon_parallel_executor.executor.parallel:closing loop
[7.843s] DEBUG:colcon.colcon_parallel_executor.executor.parallel:loop closed
[7.844s] DEBUG:colcon.colcon_parallel_executor.executor.parallel:run_until_complete finished with '0'
[7.844s] DEBUG:colcon.colcon_core.event_reactor:joining thread
[7.875s] INFO:colcon.colcon_core.plugin_system:Skipping extension 'colcon_notification.desktop_notification.terminal_notifier': Not used on non-Darwin systems
[7.877s] INFO:colcon.colcon_core.plugin_system:Skipping extension 'colcon_notification.desktop_notification.win32': Not used on non-Windows systems
[7.878s] INFO:colcon.colcon_notification.desktop_notification:Sending desktop notification using 'notify2'
[7.948s] DEBUG:colcon.colcon_core.event_reactor:joined thread
[7.952s] INFO:colcon.colcon_core.shell:Creating prefix script '/home/mi/VisualLocate/install/local_setup.ps1'
[7.959s] INFO:colcon.colcon_core.shell:Creating prefix util module '/home/mi/VisualLocate/install/_local_setup_util_ps1.py'
[7.969s] INFO:colcon.colcon_core.shell:Creating prefix chain script '/home/mi/VisualLocate/install/setup.ps1'
[7.975s] INFO:colcon.colcon_core.shell:Creating prefix script '/home/mi/VisualLocate/install/local_setup.sh'
[7.978s] INFO:colcon.colcon_core.shell:Creating prefix util module '/home/mi/VisualLocate/install/_local_setup_util_sh.py'
[7.981s] INFO:colcon.colcon_core.shell:Creating prefix chain script '/home/mi/VisualLocate/install/setup.sh'
[7.989s] INFO:colcon.colcon_core.shell:Creating prefix script '/home/mi/VisualLocate/install/local_setup.bash'
[7.994s] INFO:colcon.colcon_core.shell:Creating prefix chain script '/home/mi/VisualLocate/install/setup.bash'
[8.001s] INFO:colcon.colcon_core.shell:Creating prefix script '/home/mi/VisualLocate/install/local_setup.zsh'
[8.004s] INFO:colcon.colcon_core.shell:Creating prefix chain script '/home/mi/VisualLocate/install/setup.zsh'
