[3.987s] Invoking command in '/home/mi/VisualLocate/src/VisualLocate': PYTHONPATH=/home/mi/VisualLocate/install/VisualLocate/lib/python3.6/site-packages:${PYTHONPATH} /usr/bin/python3 setup.py egg_info --egg-base ../../build/VisualLocate build --build-base /home/mi/VisualLocate/build/VisualLocate/build install --prefix /home/mi/VisualLocate/install/VisualLocate --record /home/mi/VisualLocate/build/VisualLocate/install.log --single-version-externally-managed
[5.477s] running egg_info
[5.482s] writing ../../build/VisualLocate/VisualLocate.egg-info/PKG-INFO
[5.484s] writing dependency_links to ../../build/VisualLocate/VisualLocate.egg-info/dependency_links.txt
[5.485s] writing entry points to ../../build/VisualLocate/VisualLocate.egg-info/entry_points.txt
[5.486s] writing requirements to ../../build/VisualLocate/VisualLocate.egg-info/requires.txt
[5.486s] writing top-level names to ../../build/VisualLocate/VisualLocate.egg-info/top_level.txt
[5.504s] reading manifest file '../../build/VisualLocate/VisualLocate.egg-info/SOURCES.txt'
[5.512s] writing manifest file '../../build/VisualLocate/VisualLocate.egg-info/SOURCES.txt'
[5.513s] running build
[5.514s] running build_py
[5.515s] copying VisualLocate/get_image.py -> /home/mi/VisualLocate/build/VisualLocate/build/lib/VisualLocate
[5.516s] running install
[5.516s] /usr/local/lib/python3.6/dist-packages/setuptools/command/install.py:37: SetuptoolsDeprecationWarning: setup.py install is deprecated. Use build and pip and other standards-based tools.
[5.517s]   setuptools.SetuptoolsDeprecationWarning,
[5.518s] running install_lib
[5.523s] copying /home/mi/VisualLocate/build/VisualLocate/build/lib/VisualLocate/get_image.py -> /home/mi/VisualLocate/install/VisualLocate/lib/python3.6/site-packages/VisualLocate
[5.524s] byte-compiling /home/mi/VisualLocate/install/VisualLocate/lib/python3.6/site-packages/VisualLocate/get_image.py to get_image.cpython-36.pyc
[5.524s] running install_data
[5.526s] running install_egg_info
[5.534s] removing '/home/mi/VisualLocate/install/VisualLocate/lib/python3.6/site-packages/VisualLocate-0.0.0-py3.6.egg-info' (and everything under it)
[5.539s] Copying ../../build/VisualLocate/VisualLocate.egg-info to /home/mi/VisualLocate/install/VisualLocate/lib/python3.6/site-packages/VisualLocate-0.0.0-py3.6.egg-info
[5.540s] running install_scripts
[5.627s] Installing get_image script to /home/mi/VisualLocate/install/VisualLocate/lib/VisualLocate
[5.628s] Installing stand script to /home/mi/VisualLocate/install/VisualLocate/lib/VisualLocate
[5.628s] Installing walk script to /home/mi/VisualLocate/install/VisualLocate/lib/VisualLocate
[5.629s] writing list of installed files to '/home/mi/VisualLocate/build/VisualLocate/install.log'
[5.740s] Invoked command in '/home/mi/VisualLocate/src/VisualLocate' returned '0': PYTHONPATH=/home/mi/VisualLocate/install/VisualLocate/lib/python3.6/site-packages:${PYTHONPATH} /usr/bin/python3 setup.py egg_info --egg-base ../../build/VisualLocate build --build-base /home/mi/VisualLocate/build/VisualLocate/build install --prefix /home/mi/VisualLocate/install/VisualLocate --record /home/mi/VisualLocate/build/VisualLocate/install.log --single-version-externally-managed
