[3.795s] Invoking command in '/home/mi/preliminary/src/avoidance': PYTHONPATH=/home/mi/preliminary/install/avoidance/lib/python3.6/site-packages:${PYTHONPATH} /usr/bin/python3 setup.py egg_info --egg-base ../../build/avoidance build --build-base /home/mi/preliminary/build/avoidance/build install --prefix /home/mi/preliminary/install/avoidance --record /home/mi/preliminary/build/avoidance/install.log --single-version-externally-managed
[5.342s] running egg_info
[5.344s] writing ../../build/avoidance/avoidance.egg-info/PKG-INFO
[5.345s] writing dependency_links to ../../build/avoidance/avoidance.egg-info/dependency_links.txt
[5.346s] writing entry points to ../../build/avoidance/avoidance.egg-info/entry_points.txt
[5.347s] writing requirements to ../../build/avoidance/avoidance.egg-info/requires.txt
[5.347s] writing top-level names to ../../build/avoidance/avoidance.egg-info/top_level.txt
[5.364s] reading manifest file '../../build/avoidance/avoidance.egg-info/SOURCES.txt'
[5.369s] writing manifest file '../../build/avoidance/avoidance.egg-info/SOURCES.txt'
[5.370s] running build
[5.370s] running build_py
[5.373s] running install
[5.374s] /usr/local/lib/python3.6/dist-packages/setuptools/command/install.py:37: SetuptoolsDeprecationWarning: setup.py install is deprecated. Use build and pip and other standards-based tools.
[5.375s]   setuptools.SetuptoolsDeprecationWarning,
[5.376s] running install_lib
[5.382s] running install_data
[5.384s] running install_egg_info
[5.391s] removing '/home/mi/preliminary/install/avoidance/lib/python3.6/site-packages/avoidance-0.0.0-py3.6.egg-info' (and everything under it)
[5.393s] Copying ../../build/avoidance/avoidance.egg-info to /home/mi/preliminary/install/avoidance/lib/python3.6/site-packages/avoidance-0.0.0-py3.6.egg-info
[5.398s] running install_scripts
[5.484s] Installing avoid script to /home/mi/preliminary/install/avoidance/lib/avoidance
[5.485s] Installing avoid_jez script to /home/mi/preliminary/install/avoidance/lib/avoidance
[5.486s] Installing radar script to /home/mi/preliminary/install/avoidance/lib/avoidance
[5.486s] Installing sensor script to /home/mi/preliminary/install/avoidance/lib/avoidance
[5.487s] Installing stand script to /home/mi/preliminary/install/avoidance/lib/avoidance
[5.488s] Installing stand_sit script to /home/mi/preliminary/install/avoidance/lib/avoidance
[5.488s] Installing ultrasonic script to /home/mi/preliminary/install/avoidance/lib/avoidance
[5.489s] Installing walk script to /home/mi/preliminary/install/avoidance/lib/avoidance
[5.490s] writing list of installed files to '/home/mi/preliminary/build/avoidance/install.log'
[5.603s] Invoked command in '/home/mi/preliminary/src/avoidance' returned '0': PYTHONPATH=/home/mi/preliminary/install/avoidance/lib/python3.6/site-packages:${PYTHONPATH} /usr/bin/python3 setup.py egg_info --egg-base ../../build/avoidance build --build-base /home/mi/preliminary/build/avoidance/build install --prefix /home/mi/preliminary/install/avoidance --record /home/mi/preliminary/build/avoidance/install.log --single-version-externally-managed
