[3.908s] Invoking command in '/home/mi/VisualLocate/src/VisualLocate': PYTHONPATH=/home/mi/VisualLocate/install/VisualLocate/lib/python3.6/site-packages:${PYTHONPATH} /usr/bin/python3 setup.py egg_info --egg-base ../../build/VisualLocate build --build-base /home/mi/VisualLocate/build/VisualLocate/build install --prefix /home/mi/VisualLocate/install/VisualLocate --record /home/mi/VisualLocate/build/VisualLocate/install.log --single-version-externally-managed
[5.475s] running egg_info
[5.482s] writing ../../build/VisualLocate/VisualLocate.egg-info/PKG-INFO
[5.483s] writing dependency_links to ../../build/VisualLocate/VisualLocate.egg-info/dependency_links.txt
[5.484s] writing entry points to ../../build/VisualLocate/VisualLocate.egg-info/entry_points.txt
[5.484s] writing requirements to ../../build/VisualLocate/VisualLocate.egg-info/requires.txt
[5.485s] writing top-level names to ../../build/VisualLocate/VisualLocate.egg-info/top_level.txt
[5.496s] reading manifest file '../../build/VisualLocate/VisualLocate.egg-info/SOURCES.txt'
[5.502s] writing manifest file '../../build/VisualLocate/VisualLocate.egg-info/SOURCES.txt'
[5.503s] running build
[5.504s] running build_py
[5.505s] running install
[5.506s] /usr/local/lib/python3.6/dist-packages/setuptools/command/install.py:37: SetuptoolsDeprecationWarning: setup.py install is deprecated. Use build and pip and other standards-based tools.
[5.507s]   setuptools.SetuptoolsDeprecationWarning,
[5.507s] running install_lib
[5.513s] running install_data
[5.515s] running install_egg_info
[5.523s] removing '/home/mi/VisualLocate/install/VisualLocate/lib/python3.6/site-packages/VisualLocate-0.0.0-py3.6.egg-info' (and everything under it)
[5.530s] Copying ../../build/VisualLocate/VisualLocate.egg-info to /home/mi/VisualLocate/install/VisualLocate/lib/python3.6/site-packages/VisualLocate-0.0.0-py3.6.egg-info
[5.531s] running install_scripts
[5.615s] Installing stand = VisualLocate.stand:maingetimage script to /home/mi/VisualLocate/install/VisualLocate/lib/VisualLocate
[5.618s] Installing walk script to /home/mi/VisualLocate/install/VisualLocate/lib/VisualLocate
[5.619s] writing list of installed files to '/home/mi/VisualLocate/build/VisualLocate/install.log'
[5.727s] Invoked command in '/home/mi/VisualLocate/src/VisualLocate' returned '0': PYTHONPATH=/home/mi/VisualLocate/install/VisualLocate/lib/python3.6/site-packages:${PYTHONPATH} /usr/bin/python3 setup.py egg_info --egg-base ../../build/VisualLocate build --build-base /home/mi/VisualLocate/build/VisualLocate/build install --prefix /home/mi/VisualLocate/install/VisualLocate --record /home/mi/VisualLocate/build/VisualLocate/install.log --single-version-externally-managed
