[3.921s] Invoking command in '/home/mi/preliminary/src/avoidance': PYTHONPATH=/home/mi/preliminary/install/avoidance/lib/python3.6/site-packages:${PYTHONPATH} /usr/bin/python3 setup.py egg_info --egg-base ../../build/avoidance build --build-base /home/mi/preliminary/build/avoidance/build install --prefix /home/mi/preliminary/install/avoidance --record /home/mi/preliminary/build/avoidance/install.log --single-version-externally-managed
[5.524s] running egg_info
[5.527s] writing ../../build/avoidance/avoidance.egg-info/PKG-INFO
[5.528s] writing dependency_links to ../../build/avoidance/avoidance.egg-info/dependency_links.txt
[5.531s] writing entry points to ../../build/avoidance/avoidance.egg-info/entry_points.txt
[5.532s] writing requirements to ../../build/avoidance/avoidance.egg-info/requires.txt
[5.533s] writing top-level names to ../../build/avoidance/avoidance.egg-info/top_level.txt
[5.550s] reading manifest file '../../build/avoidance/avoidance.egg-info/SOURCES.txt'
[5.557s] writing manifest file '../../build/avoidance/avoidance.egg-info/SOURCES.txt'
[5.559s] running build
[5.560s] running build_py
[5.560s] copying avoidance/sensor.py -> /home/mi/preliminary/build/avoidance/build/lib/avoidance
[5.562s] running install
[5.563s] /usr/local/lib/python3.6/dist-packages/setuptools/command/install.py:37: SetuptoolsDeprecationWarning: setup.py install is deprecated. Use build and pip and other standards-based tools.
[5.564s]   setuptools.SetuptoolsDeprecationWarning,
[5.565s] running install_lib
[5.570s] copying /home/mi/preliminary/build/avoidance/build/lib/avoidance/sensor.py -> /home/mi/preliminary/install/avoidance/lib/python3.6/site-packages/avoidance
[5.573s] byte-compiling /home/mi/preliminary/install/avoidance/lib/python3.6/site-packages/avoidance/sensor.py to sensor.cpython-36.pyc
[5.578s] running install_data
[5.581s] running install_egg_info
[5.590s] removing '/home/mi/preliminary/install/avoidance/lib/python3.6/site-packages/avoidance-0.0.0-py3.6.egg-info' (and everything under it)
[5.592s] Copying ../../build/avoidance/avoidance.egg-info to /home/mi/preliminary/install/avoidance/lib/python3.6/site-packages/avoidance-0.0.0-py3.6.egg-info
[5.597s] running install_scripts
[5.701s] Installing sensor script to /home/mi/preliminary/install/avoidance/lib/avoidance
[5.702s] Installing stand script to /home/mi/preliminary/install/avoidance/lib/avoidance
[5.704s] Installing stand_sit script to /home/mi/preliminary/install/avoidance/lib/avoidance
[5.705s] Installing walk script to /home/mi/preliminary/install/avoidance/lib/avoidance
[5.705s] writing list of installed files to '/home/mi/preliminary/build/avoidance/install.log'
[5.838s] Invoked command in '/home/mi/preliminary/src/avoidance' returned '0': PYTHONPATH=/home/mi/preliminary/install/avoidance/lib/python3.6/site-packages:${PYTHONPATH} /usr/bin/python3 setup.py egg_info --egg-base ../../build/avoidance build --build-base /home/mi/preliminary/build/avoidance/build install --prefix /home/mi/preliminary/install/avoidance --record /home/mi/preliminary/build/avoidance/install.log --single-version-externally-managed
