[4.117s] Invoking command in '/home/mi/VisualLocate/src/VisualLocate': PYTHONPATH=/home/mi/VisualLocate/install/VisualLocate/lib/python3.6/site-packages:${PYTHONPATH} /usr/bin/python3 setup.py egg_info --egg-base ../../build/VisualLocate build --build-base /home/mi/VisualLocate/build/VisualLocate/build install --prefix /home/mi/VisualLocate/install/VisualLocate --record /home/mi/VisualLocate/build/VisualLocate/install.log --single-version-externally-managed
[5.874s] running egg_info
[5.877s] writing ../../build/VisualLocate/VisualLocate.egg-info/PKG-INFO
[5.879s] writing dependency_links to ../../build/VisualLocate/VisualLocate.egg-info/dependency_links.txt
[5.880s] writing entry points to ../../build/VisualLocate/VisualLocate.egg-info/entry_points.txt
[5.882s] writing requirements to ../../build/VisualLocate/VisualLocate.egg-info/requires.txt
[5.883s] writing top-level names to ../../build/VisualLocate/VisualLocate.egg-info/top_level.txt
[5.899s] reading manifest file '../../build/VisualLocate/VisualLocate.egg-info/SOURCES.txt'
[5.906s] writing manifest file '../../build/VisualLocate/VisualLocate.egg-info/SOURCES.txt'
[5.907s] running build
[5.908s] running build_py
[5.909s] running install
[5.909s] /usr/local/lib/python3.6/dist-packages/setuptools/command/install.py:37: SetuptoolsDeprecationWarning: setup.py install is deprecated. Use build and pip and other standards-based tools.
[5.910s]   setuptools.SetuptoolsDeprecationWarning,
[5.911s] running install_lib
[5.915s] running install_data
[5.919s] running install_egg_info
[5.927s] removing '/home/mi/VisualLocate/install/VisualLocate/lib/python3.6/site-packages/VisualLocate-0.0.0-py3.6.egg-info' (and everything under it)
[5.929s] Copying ../../build/VisualLocate/VisualLocate.egg-info to /home/mi/VisualLocate/install/VisualLocate/lib/python3.6/site-packages/VisualLocate-0.0.0-py3.6.egg-info
[5.933s] running install_scripts
[6.024s] Installing test script to /home/mi/VisualLocate/install/VisualLocate/lib/VisualLocate
[6.026s] writing list of installed files to '/home/mi/VisualLocate/build/VisualLocate/install.log'
[6.138s] Invoked command in '/home/mi/VisualLocate/src/VisualLocate' returned '0': PYTHONPATH=/home/mi/VisualLocate/install/VisualLocate/lib/python3.6/site-packages:${PYTHONPATH} /usr/bin/python3 setup.py egg_info --egg-base ../../build/VisualLocate build --build-base /home/mi/VisualLocate/build/VisualLocate/build install --prefix /home/mi/VisualLocate/install/VisualLocate --record /home/mi/VisualLocate/build/VisualLocate/install.log --single-version-externally-managed
