[3.928s] Invoking command in '/home/mi/VisualLocate/src/VisualLocate': PYTHONPATH=/home/mi/VisualLocate/install/VisualLocate/lib/python3.6/site-packages:${PYTHONPATH} /usr/bin/python3 setup.py egg_info --egg-base ../../build/VisualLocate build --build-base /home/mi/VisualLocate/build/VisualLocate/build install --prefix /home/mi/VisualLocate/install/VisualLocate --record /home/mi/VisualLocate/build/VisualLocate/install.log --single-version-externally-managed
[5.493s] running egg_info
[5.496s] writing ../../build/VisualLocate/VisualLocate.egg-info/PKG-INFO
[5.497s] writing dependency_links to ../../build/VisualLocate/VisualLocate.egg-info/dependency_links.txt
[5.497s] writing entry points to ../../build/VisualLocate/VisualLocate.egg-info/entry_points.txt
[5.499s] writing requirements to ../../build/VisualLocate/VisualLocate.egg-info/requires.txt
[5.499s] writing top-level names to ../../build/VisualLocate/VisualLocate.egg-info/top_level.txt
[5.515s] reading manifest file '../../build/VisualLocate/VisualLocate.egg-info/SOURCES.txt'
[5.521s] writing manifest file '../../build/VisualLocate/VisualLocate.egg-info/SOURCES.txt'
[5.522s] running build
[5.522s] running build_py
[5.523s] running install
[5.524s] /usr/local/lib/python3.6/dist-packages/setuptools/command/install.py:37: SetuptoolsDeprecationWarning: setup.py install is deprecated. Use build and pip and other standards-based tools.
[5.525s]   setuptools.SetuptoolsDeprecationWarning,
[5.526s] running install_lib
[5.532s] running install_data
[5.534s] running install_egg_info
[5.543s] removing '/home/mi/VisualLocate/install/VisualLocate/lib/python3.6/site-packages/VisualLocate-0.0.0-py3.6.egg-info' (and everything under it)
[5.545s] Copying ../../build/VisualLocate/VisualLocate.egg-info to /home/mi/VisualLocate/install/VisualLocate/lib/python3.6/site-packages/VisualLocate-0.0.0-py3.6.egg-info
[5.549s] running install_scripts
[5.635s] Installing test script to /home/mi/VisualLocate/install/VisualLocate/lib/VisualLocate
[5.636s] writing list of installed files to '/home/mi/VisualLocate/build/VisualLocate/install.log'
[5.754s] Invoked command in '/home/mi/VisualLocate/src/VisualLocate' returned '0': PYTHONPATH=/home/mi/VisualLocate/install/VisualLocate/lib/python3.6/site-packages:${PYTHONPATH} /usr/bin/python3 setup.py egg_info --egg-base ../../build/VisualLocate build --build-base /home/mi/VisualLocate/build/VisualLocate/build install --prefix /home/mi/VisualLocate/install/VisualLocate --record /home/mi/VisualLocate/build/VisualLocate/install.log --single-version-externally-managed
