/home/mi/preliminary/install/avoidance/lib/python3.6/site-packages/avoidance/avoid.py
/home/mi/preliminary/install/avoidance/lib/python3.6/site-packages/avoidance/avoid_jez.py
/home/mi/preliminary/install/avoidance/lib/python3.6/site-packages/avoidance/walk.py
/home/mi/preliminary/install/avoidance/lib/python3.6/site-packages/avoidance/ultrasonic.py
/home/mi/preliminary/install/avoidance/lib/python3.6/site-packages/avoidance/radar.py
/home/mi/preliminary/install/avoidance/lib/python3.6/site-packages/avoidance/sensor.py
/home/mi/preliminary/install/avoidance/lib/python3.6/site-packages/avoidance/__init__.py
/home/mi/preliminary/install/avoidance/lib/python3.6/site-packages/avoidance/stand_sit.py
/home/mi/preliminary/install/avoidance/lib/python3.6/site-packages/avoidance/stand.py
/home/mi/preliminary/install/avoidance/lib/python3.6/site-packages/avoidance/__pycache__/avoid.cpython-36.pyc
/home/mi/preliminary/install/avoidance/lib/python3.6/site-packages/avoidance/__pycache__/avoid_jez.cpython-36.pyc
/home/mi/preliminary/install/avoidance/lib/python3.6/site-packages/avoidance/__pycache__/walk.cpython-36.pyc
/home/mi/preliminary/install/avoidance/lib/python3.6/site-packages/avoidance/__pycache__/ultrasonic.cpython-36.pyc
/home/mi/preliminary/install/avoidance/lib/python3.6/site-packages/avoidance/__pycache__/radar.cpython-36.pyc
/home/mi/preliminary/install/avoidance/lib/python3.6/site-packages/avoidance/__pycache__/sensor.cpython-36.pyc
/home/mi/preliminary/install/avoidance/lib/python3.6/site-packages/avoidance/__pycache__/__init__.cpython-36.pyc
/home/mi/preliminary/install/avoidance/lib/python3.6/site-packages/avoidance/__pycache__/stand_sit.cpython-36.pyc
/home/mi/preliminary/install/avoidance/lib/python3.6/site-packages/avoidance/__pycache__/stand.cpython-36.pyc
/home/mi/preliminary/install/avoidance/share/ament_index/resource_index/packages/avoidance
/home/mi/preliminary/install/avoidance/share/avoidance/package.xml
/home/mi/preliminary/install/avoidance/lib/python3.6/site-packages/avoidance-0.0.0-py3.6.egg-info/zip-safe
/home/mi/preliminary/install/avoidance/lib/python3.6/site-packages/avoidance-0.0.0-py3.6.egg-info/requires.txt
/home/mi/preliminary/install/avoidance/lib/python3.6/site-packages/avoidance-0.0.0-py3.6.egg-info/dependency_links.txt
/home/mi/preliminary/install/avoidance/lib/python3.6/site-packages/avoidance-0.0.0-py3.6.egg-info/SOURCES.txt
/home/mi/preliminary/install/avoidance/lib/python3.6/site-packages/avoidance-0.0.0-py3.6.egg-info/entry_points.txt
/home/mi/preliminary/install/avoidance/lib/python3.6/site-packages/avoidance-0.0.0-py3.6.egg-info/top_level.txt
/home/mi/preliminary/install/avoidance/lib/python3.6/site-packages/avoidance-0.0.0-py3.6.egg-info/PKG-INFO
/home/mi/preliminary/install/avoidance/lib/avoidance/avoid
/home/mi/preliminary/install/avoidance/lib/avoidance/avoid_jez
/home/mi/preliminary/install/avoidance/lib/avoidance/radar
/home/mi/preliminary/install/avoidance/lib/avoidance/sensor
/home/mi/preliminary/install/avoidance/lib/avoidance/stand
/home/mi/preliminary/install/avoidance/lib/avoidance/stand_sit
/home/mi/preliminary/install/avoidance/lib/avoidance/ultrasonic
/home/mi/preliminary/install/avoidance/lib/avoidance/walk
