[4.042s] Invoking command in '/home/mi/preliminary/src/avoidance': PYTHONPATH=/home/mi/preliminary/install/avoidance/lib/python3.6/site-packages:${PYTHONPATH} /usr/bin/python3 setup.py egg_info --egg-base ../../build/avoidance build --build-base /home/mi/preliminary/build/avoidance/build install --prefix /home/mi/preliminary/install/avoidance --record /home/mi/preliminary/build/avoidance/install.log --single-version-externally-managed
[5.505s] running egg_info
[5.508s] writing ../../build/avoidance/avoidance.egg-info/PKG-INFO
[5.510s] writing dependency_links to ../../build/avoidance/avoidance.egg-info/dependency_links.txt
[5.510s] writing entry points to ../../build/avoidance/avoidance.egg-info/entry_points.txt
[5.511s] writing requirements to ../../build/avoidance/avoidance.egg-info/requires.txt
[5.512s] writing top-level names to ../../build/avoidance/avoidance.egg-info/top_level.txt
[5.530s] reading manifest file '../../build/avoidance/avoidance.egg-info/SOURCES.txt'
[5.536s] writing manifest file '../../build/avoidance/avoidance.egg-info/SOURCES.txt'
[5.541s] running build
[5.542s] running build_py
[5.543s] copying avoidance/sensor.py -> /home/mi/preliminary/build/avoidance/build/lib/avoidance
[5.543s] running install
[5.545s] /usr/local/lib/python3.6/dist-packages/setuptools/command/install.py:37: SetuptoolsDeprecationWarning: setup.py install is deprecated. Use build and pip and other standards-based tools.
[5.546s]   setuptools.SetuptoolsDeprecationWarning,
[5.546s] running install_lib
[5.548s] copying /home/mi/preliminary/build/avoidance/build/lib/avoidance/sensor.py -> /home/mi/preliminary/install/avoidance/lib/python3.6/site-packages/avoidance
[5.550s] byte-compiling /home/mi/preliminary/install/avoidance/lib/python3.6/site-packages/avoidance/sensor.py to sensor.cpython-36.pyc
[5.554s] running install_data
[5.556s] running install_egg_info
[5.564s] removing '/home/mi/preliminary/install/avoidance/lib/python3.6/site-packages/avoidance-0.0.0-py3.6.egg-info' (and everything under it)
[5.566s] Copying ../../build/avoidance/avoidance.egg-info to /home/mi/preliminary/install/avoidance/lib/python3.6/site-packages/avoidance-0.0.0-py3.6.egg-info
[5.571s] running install_scripts
[5.662s] Installing sensor script to /home/mi/preliminary/install/avoidance/lib/avoidance
[5.663s] Installing stand script to /home/mi/preliminary/install/avoidance/lib/avoidance
[5.664s] Installing stand_sit script to /home/mi/preliminary/install/avoidance/lib/avoidance
[5.665s] Installing walk script to /home/mi/preliminary/install/avoidance/lib/avoidance
[5.666s] writing list of installed files to '/home/mi/preliminary/build/avoidance/install.log'
[5.777s] Invoked command in '/home/mi/preliminary/src/avoidance' returned '0': PYTHONPATH=/home/mi/preliminary/install/avoidance/lib/python3.6/site-packages:${PYTHONPATH} /usr/bin/python3 setup.py egg_info --egg-base ../../build/avoidance build --build-base /home/mi/preliminary/build/avoidance/build install --prefix /home/mi/preliminary/install/avoidance --record /home/mi/preliminary/build/avoidance/install.log --single-version-externally-managed
