[4.011s] Invoking command in '/home/mi/preliminary/src/avoidance': PYTHONPATH=/home/mi/preliminary/install/avoidance/lib/python3.6/site-packages:${PYTHONPATH} /usr/bin/python3 setup.py egg_info --egg-base ../../build/avoidance build --build-base /home/mi/preliminary/build/avoidance/build install --prefix /home/mi/preliminary/install/avoidance --record /home/mi/preliminary/build/avoidance/install.log --single-version-externally-managed
[5.479s] running egg_info
[5.480s] writing ../../build/avoidance/avoidance.egg-info/PKG-INFO
[5.483s] writing dependency_links to ../../build/avoidance/avoidance.egg-info/dependency_links.txt
[5.484s] writing entry points to ../../build/avoidance/avoidance.egg-info/entry_points.txt
[5.485s] writing requirements to ../../build/avoidance/avoidance.egg-info/requires.txt
[5.486s] writing top-level names to ../../build/avoidance/avoidance.egg-info/top_level.txt
[5.499s] reading manifest file '../../build/avoidance/avoidance.egg-info/SOURCES.txt'
[5.506s] writing manifest file '../../build/avoidance/avoidance.egg-info/SOURCES.txt'
[5.507s] running build
[5.507s] running build_py
[5.508s] copying avoidance/manager.py -> /home/mi/preliminary/build/avoidance/build/lib/avoidance
[5.510s] running install
[5.511s] /usr/local/lib/python3.6/dist-packages/setuptools/command/install.py:37: SetuptoolsDeprecationWarning: setup.py install is deprecated. Use build and pip and other standards-based tools.
[5.512s]   setuptools.SetuptoolsDeprecationWarning,
[5.513s] running install_lib
[5.516s] copying /home/mi/preliminary/build/avoidance/build/lib/avoidance/manager.py -> /home/mi/preliminary/install/avoidance/lib/python3.6/site-packages/avoidance
[5.518s] byte-compiling /home/mi/preliminary/install/avoidance/lib/python3.6/site-packages/avoidance/manager.py to manager.cpython-36.pyc
[5.521s] running install_data
[5.524s] running install_egg_info
[5.531s] removing '/home/mi/preliminary/install/avoidance/lib/python3.6/site-packages/avoidance-0.0.0-py3.6.egg-info' (and everything under it)
[5.535s] Copying ../../build/avoidance/avoidance.egg-info to /home/mi/preliminary/install/avoidance/lib/python3.6/site-packages/avoidance-0.0.0-py3.6.egg-info
[5.537s] running install_scripts
[5.621s] Installing manager script to /home/mi/preliminary/install/avoidance/lib/avoidance
[5.626s] Installing sensor script to /home/mi/preliminary/install/avoidance/lib/avoidance
[5.626s] Installing stand script to /home/mi/preliminary/install/avoidance/lib/avoidance
[5.627s] Installing stand_sit script to /home/mi/preliminary/install/avoidance/lib/avoidance
[5.627s] Installing walk script to /home/mi/preliminary/install/avoidance/lib/avoidance
[5.628s] writing list of installed files to '/home/mi/preliminary/build/avoidance/install.log'
[5.738s] Invoked command in '/home/mi/preliminary/src/avoidance' returned '0': PYTHONPATH=/home/mi/preliminary/install/avoidance/lib/python3.6/site-packages:${PYTHONPATH} /usr/bin/python3 setup.py egg_info --egg-base ../../build/avoidance build --build-base /home/mi/preliminary/build/avoidance/build install --prefix /home/mi/preliminary/install/avoidance --record /home/mi/preliminary/build/avoidance/install.log --single-version-externally-managed
