[3.851s] Invoking command in '/home/mi/preliminary/src/avoidance': PYTHONPATH=/home/mi/preliminary/install/avoidance/lib/python3.6/site-packages:${PYTHONPATH} /usr/bin/python3 setup.py egg_info --egg-base ../../build/avoidance build --build-base /home/mi/preliminary/build/avoidance/build install --prefix /home/mi/preliminary/install/avoidance --record /home/mi/preliminary/build/avoidance/install.log --single-version-externally-managed
[5.409s] running egg_info
[5.412s] writing ../../build/avoidance/avoidance.egg-info/PKG-INFO
[5.413s] writing dependency_links to ../../build/avoidance/avoidance.egg-info/dependency_links.txt
[5.414s] writing entry points to ../../build/avoidance/avoidance.egg-info/entry_points.txt
[5.414s] writing requirements to ../../build/avoidance/avoidance.egg-info/requires.txt
[5.415s] writing top-level names to ../../build/avoidance/avoidance.egg-info/top_level.txt
[5.432s] reading manifest file '../../build/avoidance/avoidance.egg-info/SOURCES.txt'
[5.438s] writing manifest file '../../build/avoidance/avoidance.egg-info/SOURCES.txt'
[5.440s] running build
[5.440s] running build_py
[5.442s] running install
[5.443s] /usr/local/lib/python3.6/dist-packages/setuptools/command/install.py:37: SetuptoolsDeprecationWarning: setup.py install is deprecated. Use build and pip and other standards-based tools.
[5.444s]   setuptools.SetuptoolsDeprecationWarning,
[5.445s] running install_lib
[5.452s] running install_data
[5.454s] running install_egg_info
[5.462s] removing '/home/mi/preliminary/install/avoidance/lib/python3.6/site-packages/avoidance-0.0.0-py3.6.egg-info' (and everything under it)
[5.462s] Copying ../../build/avoidance/avoidance.egg-info to /home/mi/preliminary/install/avoidance/lib/python3.6/site-packages/avoidance-0.0.0-py3.6.egg-info
[5.467s] running install_scripts
[5.556s] Installing avoid script to /home/mi/preliminary/install/avoidance/lib/avoidance
[5.557s] Installing avoid_jez script to /home/mi/preliminary/install/avoidance/lib/avoidance
[5.557s] Installing radar script to /home/mi/preliminary/install/avoidance/lib/avoidance
[5.558s] Installing sensor script to /home/mi/preliminary/install/avoidance/lib/avoidance
[5.559s] Installing stand script to /home/mi/preliminary/install/avoidance/lib/avoidance
[5.560s] Installing stand_sit script to /home/mi/preliminary/install/avoidance/lib/avoidance
[5.560s] Installing ultrasonic script to /home/mi/preliminary/install/avoidance/lib/avoidance
[5.561s] Installing walk script to /home/mi/preliminary/install/avoidance/lib/avoidance
[5.563s] writing list of installed files to '/home/mi/preliminary/build/avoidance/install.log'
[5.685s] Invoked command in '/home/mi/preliminary/src/avoidance' returned '0': PYTHONPATH=/home/mi/preliminary/install/avoidance/lib/python3.6/site-packages:${PYTHONPATH} /usr/bin/python3 setup.py egg_info --egg-base ../../build/avoidance build --build-base /home/mi/preliminary/build/avoidance/build install --prefix /home/mi/preliminary/install/avoidance --record /home/mi/preliminary/build/avoidance/install.log --single-version-externally-managed
