[3.901s] Invoking command in '/home/mi/preliminary/src/avoidance': PYTHONPATH=/home/mi/preliminary/install/avoidance/lib/python3.6/site-packages:${PYTHONPATH} /usr/bin/python3 setup.py egg_info --egg-base ../../build/avoidance build --build-base /home/mi/preliminary/build/avoidance/build install --prefix /home/mi/preliminary/install/avoidance --record /home/mi/preliminary/build/avoidance/install.log --single-version-externally-managed
[5.483s] running egg_info
[5.486s] writing ../../build/avoidance/avoidance.egg-info/PKG-INFO
[5.488s] writing dependency_links to ../../build/avoidance/avoidance.egg-info/dependency_links.txt
[5.490s] writing entry points to ../../build/avoidance/avoidance.egg-info/entry_points.txt
[5.490s] writing requirements to ../../build/avoidance/avoidance.egg-info/requires.txt
[5.491s] writing top-level names to ../../build/avoidance/avoidance.egg-info/top_level.txt
[5.506s] reading manifest file '../../build/avoidance/avoidance.egg-info/SOURCES.txt'
[5.513s] writing manifest file '../../build/avoidance/avoidance.egg-info/SOURCES.txt'
[5.513s] running build
[5.514s] running build_py
[5.515s] copying avoidance/avoid_jez.py -> /home/mi/preliminary/build/avoidance/build/lib/avoidance
[5.517s] running install
[5.519s] /usr/local/lib/python3.6/dist-packages/setuptools/command/install.py:37: SetuptoolsDeprecationWarning: setup.py install is deprecated. Use build and pip and other standards-based tools.
[5.520s]   setuptools.SetuptoolsDeprecationWarning,
[5.520s] running install_lib
[5.523s] copying /home/mi/preliminary/build/avoidance/build/lib/avoidance/avoid_jez.py -> /home/mi/preliminary/install/avoidance/lib/python3.6/site-packages/avoidance
[5.526s] byte-compiling /home/mi/preliminary/install/avoidance/lib/python3.6/site-packages/avoidance/avoid_jez.py to avoid_jez.cpython-36.pyc
[5.534s] running install_data
[5.536s] running install_egg_info
[5.543s] removing '/home/mi/preliminary/install/avoidance/lib/python3.6/site-packages/avoidance-0.0.0-py3.6.egg-info' (and everything under it)
[5.545s] Copying ../../build/avoidance/avoidance.egg-info to /home/mi/preliminary/install/avoidance/lib/python3.6/site-packages/avoidance-0.0.0-py3.6.egg-info
[5.551s] running install_scripts
[5.639s] Installing avoid script to /home/mi/preliminary/install/avoidance/lib/avoidance
[5.640s] Installing avoid_jez script to /home/mi/preliminary/install/avoidance/lib/avoidance
[5.641s] Installing radar script to /home/mi/preliminary/install/avoidance/lib/avoidance
[5.641s] Installing sensor script to /home/mi/preliminary/install/avoidance/lib/avoidance
[5.642s] Installing stand script to /home/mi/preliminary/install/avoidance/lib/avoidance
[5.643s] Installing stand_sit script to /home/mi/preliminary/install/avoidance/lib/avoidance
[5.644s] Installing ultrasonic script to /home/mi/preliminary/install/avoidance/lib/avoidance
[5.644s] Installing walk script to /home/mi/preliminary/install/avoidance/lib/avoidance
[5.646s] writing list of installed files to '/home/mi/preliminary/build/avoidance/install.log'
[5.759s] Invoked command in '/home/mi/preliminary/src/avoidance' returned '0': PYTHONPATH=/home/mi/preliminary/install/avoidance/lib/python3.6/site-packages:${PYTHONPATH} /usr/bin/python3 setup.py egg_info --egg-base ../../build/avoidance build --build-base /home/mi/preliminary/build/avoidance/build install --prefix /home/mi/preliminary/install/avoidance --record /home/mi/preliminary/build/avoidance/install.log --single-version-externally-managed
