running egg_info
creating ../../build/avoidance/VisualLocate.egg-info
writing ../../build/avoidance/VisualLocate.egg-info/PKG-INFO
writing dependency_links to ../../build/avoidance/VisualLocate.egg-info/dependency_links.txt
writing entry points to ../../build/avoidance/VisualLocate.egg-info/entry_points.txt
writing requirements to ../../build/avoidance/VisualLocate.egg-info/requires.txt
writing top-level names to ../../build/avoidance/VisualLocate.egg-info/top_level.txt
writing manifest file '../../build/avoidance/VisualLocate.egg-info/SOURCES.txt'
reading manifest file '../../build/avoidance/VisualLocate.egg-info/SOURCES.txt'
writing manifest file '../../build/avoidance/VisualLocate.egg-info/SOURCES.txt'
running build
running build_py
creating /home/mi/VisualLocate/build/avoidance/build
creating /home/mi/VisualLocate/build/avoidance/build/lib
creating /home/mi/VisualLocate/build/avoidance/build/lib/VisualLocate
copying VisualLocate/test.py -> /home/mi/VisualLocate/build/avoidance/build/lib/VisualLocate
copying VisualLocate/__init__.py -> /home/mi/VisualLocate/build/avoidance/build/lib/VisualLocate
running install
running install_lib
creating /home/mi/VisualLocate/install/avoidance/lib/python3.6/site-packages/VisualLocate
copying /home/mi/VisualLocate/build/avoidance/build/lib/VisualLocate/test.py -> /home/mi/VisualLocate/install/avoidance/lib/python3.6/site-packages/VisualLocate
copying /home/mi/VisualLocate/build/avoidance/build/lib/VisualLocate/__init__.py -> /home/mi/VisualLocate/install/avoidance/lib/python3.6/site-packages/VisualLocate
byte-compiling /home/mi/VisualLocate/install/avoidance/lib/python3.6/site-packages/VisualLocate/test.py to test.cpython-36.pyc
byte-compiling /home/mi/VisualLocate/install/avoidance/lib/python3.6/site-packages/VisualLocate/__init__.py to __init__.cpython-36.pyc
running install_data
copying resource/VisualLocate -> /home/mi/VisualLocate/install/avoidance/share/ament_index/resource_index/packages
creating /home/mi/VisualLocate/install/avoidance/share/VisualLocate
copying package.xml -> /home/mi/VisualLocate/install/avoidance/share/VisualLocate
running install_egg_info
Copying ../../build/avoidance/VisualLocate.egg-info to /home/mi/VisualLocate/install/avoidance/lib/python3.6/site-packages/VisualLocate-0.0.0-py3.6.egg-info
running install_scripts
Installing test script to /home/mi/VisualLocate/install/avoidance/lib/VisualLocate
writing list of installed files to '/home/mi/VisualLocate/build/avoidance/install.log'
