[3.787s] Invoking command in '/home/mi/VisualLocate/src/VisualLocate': PYTHONPATH=/home/mi/VisualLocate/install/avoidance/lib/python3.6/site-packages:${PYTHONPATH} /usr/bin/python3 setup.py egg_info --egg-base ../../build/avoidance build --build-base /home/mi/VisualLocate/build/avoidance/build install --prefix /home/mi/VisualLocate/install/avoidance --record /home/mi/VisualLocate/build/avoidance/install.log --single-version-externally-managed
[5.366s] running egg_info
[5.368s] creating ../../build/avoidance/VisualLocate.egg-info
[5.370s] writing ../../build/avoidance/VisualLocate.egg-info/PKG-INFO
[5.371s] writing dependency_links to ../../build/avoidance/VisualLocate.egg-info/dependency_links.txt
[5.371s] writing entry points to ../../build/avoidance/VisualLocate.egg-info/entry_points.txt
[5.372s] writing requirements to ../../build/avoidance/VisualLocate.egg-info/requires.txt
[5.372s] writing top-level names to ../../build/avoidance/VisualLocate.egg-info/top_level.txt
[5.379s] writing manifest file '../../build/avoidance/VisualLocate.egg-info/SOURCES.txt'
[5.388s] reading manifest file '../../build/avoidance/VisualLocate.egg-info/SOURCES.txt'
[5.398s] writing manifest file '../../build/avoidance/VisualLocate.egg-info/SOURCES.txt'
[5.398s] running build
[5.401s] running build_py
[5.401s] creating /home/mi/VisualLocate/build/avoidance/build
[5.402s] creating /home/mi/VisualLocate/build/avoidance/build/lib
[5.403s] creating /home/mi/VisualLocate/build/avoidance/build/lib/VisualLocate
[5.403s] copying VisualLocate/test.py -> /home/mi/VisualLocate/build/avoidance/build/lib/VisualLocate
[5.404s] copying VisualLocate/__init__.py -> /home/mi/VisualLocate/build/avoidance/build/lib/VisualLocate
[5.404s] running install
[5.405s] /usr/local/lib/python3.6/dist-packages/setuptools/command/install.py:37: SetuptoolsDeprecationWarning: setup.py install is deprecated. Use build and pip and other standards-based tools.
[5.406s]   setuptools.SetuptoolsDeprecationWarning,
[5.406s] running install_lib
[5.406s] creating /home/mi/VisualLocate/install/avoidance/lib/python3.6/site-packages/VisualLocate
[5.407s] copying /home/mi/VisualLocate/build/avoidance/build/lib/VisualLocate/test.py -> /home/mi/VisualLocate/install/avoidance/lib/python3.6/site-packages/VisualLocate
[5.407s] copying /home/mi/VisualLocate/build/avoidance/build/lib/VisualLocate/__init__.py -> /home/mi/VisualLocate/install/avoidance/lib/python3.6/site-packages/VisualLocate
[5.408s] byte-compiling /home/mi/VisualLocate/install/avoidance/lib/python3.6/site-packages/VisualLocate/test.py to test.cpython-36.pyc
[5.409s] byte-compiling /home/mi/VisualLocate/install/avoidance/lib/python3.6/site-packages/VisualLocate/__init__.py to __init__.cpython-36.pyc
[5.410s] running install_data
[5.412s] copying resource/VisualLocate -> /home/mi/VisualLocate/install/avoidance/share/ament_index/resource_index/packages
[5.413s] creating /home/mi/VisualLocate/install/avoidance/share/VisualLocate
[5.413s] copying package.xml -> /home/mi/VisualLocate/install/avoidance/share/VisualLocate
[5.414s] running install_egg_info
[5.421s] Copying ../../build/avoidance/VisualLocate.egg-info to /home/mi/VisualLocate/install/avoidance/lib/python3.6/site-packages/VisualLocate-0.0.0-py3.6.egg-info
[5.425s] running install_scripts
[5.525s] Installing test script to /home/mi/VisualLocate/install/avoidance/lib/VisualLocate
[5.527s] writing list of installed files to '/home/mi/VisualLocate/build/avoidance/install.log'
[5.635s] Invoked command in '/home/mi/VisualLocate/src/VisualLocate' returned '0': PYTHONPATH=/home/mi/VisualLocate/install/avoidance/lib/python3.6/site-packages:${PYTHONPATH} /usr/bin/python3 setup.py egg_info --egg-base ../../build/avoidance build --build-base /home/mi/VisualLocate/build/avoidance/build install --prefix /home/mi/VisualLocate/install/avoidance --record /home/mi/VisualLocate/build/avoidance/install.log --single-version-externally-managed
