[3.862s] Invoking command in '/home/mi/preliminary/src/avoidance': PYTHONPATH=/home/mi/preliminary/install/avoidance/lib/python3.6/site-packages:${PYTHONPATH} /usr/bin/python3 setup.py egg_info --egg-base ../../build/avoidance build --build-base /home/mi/preliminary/build/avoidance/build install --prefix /home/mi/preliminary/install/avoidance --record /home/mi/preliminary/build/avoidance/install.log --single-version-externally-managed
[5.366s] running egg_info
[5.367s] writing ../../build/avoidance/avoidance.egg-info/PKG-INFO
[5.369s] writing dependency_links to ../../build/avoidance/avoidance.egg-info/dependency_links.txt
[5.370s] writing entry points to ../../build/avoidance/avoidance.egg-info/entry_points.txt
[5.371s] writing requirements to ../../build/avoidance/avoidance.egg-info/requires.txt
[5.371s] writing top-level names to ../../build/avoidance/avoidance.egg-info/top_level.txt
[5.386s] reading manifest file '../../build/avoidance/avoidance.egg-info/SOURCES.txt'
[5.393s] writing manifest file '../../build/avoidance/avoidance.egg-info/SOURCES.txt'
[5.394s] running build
[5.394s] running build_py
[5.395s] copying avoidance/avoid_jez.py -> /home/mi/preliminary/build/avoidance/build/lib/avoidance
[5.399s] /usr/local/lib/python3.6/dist-packages/setuptools/command/install.py:37: SetuptoolsDeprecationWarning: setup.py install is deprecated. Use build and pip and other standards-based tools.
[5.400s]   setuptools.SetuptoolsDeprecationWarning,
[5.401s] running install
[5.401s] running install_lib
[5.404s] copying /home/mi/preliminary/build/avoidance/build/lib/avoidance/avoid_jez.py -> /home/mi/preliminary/install/avoidance/lib/python3.6/site-packages/avoidance
[5.407s] byte-compiling /home/mi/preliminary/install/avoidance/lib/python3.6/site-packages/avoidance/avoid_jez.py to avoid_jez.cpython-36.pyc
[5.414s] running install_data
[5.417s] running install_egg_info
[5.423s] removing '/home/mi/preliminary/install/avoidance/lib/python3.6/site-packages/avoidance-0.0.0-py3.6.egg-info' (and everything under it)
[5.425s] Copying ../../build/avoidance/avoidance.egg-info to /home/mi/preliminary/install/avoidance/lib/python3.6/site-packages/avoidance-0.0.0-py3.6.egg-info
[5.429s] running install_scripts
[5.515s] Installing avoid script to /home/mi/preliminary/install/avoidance/lib/avoidance
[5.518s] Installing avoid_jez script to /home/mi/preliminary/install/avoidance/lib/avoidance
[5.522s] Installing radar script to /home/mi/preliminary/install/avoidance/lib/avoidance
[5.522s] Installing sensor script to /home/mi/preliminary/install/avoidance/lib/avoidance
[5.523s] Installing stand script to /home/mi/preliminary/install/avoidance/lib/avoidance
[5.523s] Installing stand_sit script to /home/mi/preliminary/install/avoidance/lib/avoidance
[5.524s] Installing ultrasonic script to /home/mi/preliminary/install/avoidance/lib/avoidance
[5.525s] Installing walk script to /home/mi/preliminary/install/avoidance/lib/avoidance
[5.525s] writing list of installed files to '/home/mi/preliminary/build/avoidance/install.log'
[5.640s] Invoked command in '/home/mi/preliminary/src/avoidance' returned '0': PYTHONPATH=/home/mi/preliminary/install/avoidance/lib/python3.6/site-packages:${PYTHONPATH} /usr/bin/python3 setup.py egg_info --egg-base ../../build/avoidance build --build-base /home/mi/preliminary/build/avoidance/build install --prefix /home/mi/preliminary/install/avoidance --record /home/mi/preliminary/build/avoidance/install.log --single-version-externally-managed
