[3.824s] Invoking command in '/home/mi/preliminary/src/avoidance': PYTHONPATH=/home/mi/preliminary/install/avoidance/lib/python3.6/site-packages:${PYTHONPATH} /usr/bin/python3 setup.py egg_info --egg-base ../../build/avoidance build --build-base /home/mi/preliminary/build/avoidance/build install --prefix /home/mi/preliminary/install/avoidance --record /home/mi/preliminary/build/avoidance/install.log --single-version-externally-managed
[5.364s] running egg_info
[5.365s] writing ../../build/avoidance/avoidance.egg-info/PKG-INFO
[5.366s] writing dependency_links to ../../build/avoidance/avoidance.egg-info/dependency_links.txt
[5.367s] writing entry points to ../../build/avoidance/avoidance.egg-info/entry_points.txt
[5.367s] writing requirements to ../../build/avoidance/avoidance.egg-info/requires.txt
[5.368s] writing top-level names to ../../build/avoidance/avoidance.egg-info/top_level.txt
[5.386s] reading manifest file '../../build/avoidance/avoidance.egg-info/SOURCES.txt'
[5.392s] writing manifest file '../../build/avoidance/avoidance.egg-info/SOURCES.txt'
[5.397s] running build
[5.400s] running build_py
[5.402s] copying avoidance/radar.py -> /home/mi/preliminary/build/avoidance/build/lib/avoidance
[5.402s] running install
[5.408s] /usr/local/lib/python3.6/dist-packages/setuptools/command/install.py:37: SetuptoolsDeprecationWarning: setup.py install is deprecated. Use build and pip and other standards-based tools.
[5.409s]   setuptools.SetuptoolsDeprecationWarning,
[5.410s] running install_lib
[5.410s] copying /home/mi/preliminary/build/avoidance/build/lib/avoidance/radar.py -> /home/mi/preliminary/install/avoidance/lib/python3.6/site-packages/avoidance
[5.413s] byte-compiling /home/mi/preliminary/install/avoidance/lib/python3.6/site-packages/avoidance/radar.py to radar.cpython-36.pyc
[5.413s] running install_data
[5.414s] running install_egg_info
[5.421s] removing '/home/mi/preliminary/install/avoidance/lib/python3.6/site-packages/avoidance-0.0.0-py3.6.egg-info' (and everything under it)
[5.424s] Copying ../../build/avoidance/avoidance.egg-info to /home/mi/preliminary/install/avoidance/lib/python3.6/site-packages/avoidance-0.0.0-py3.6.egg-info
[5.428s] running install_scripts
[5.514s] Installing avoid script to /home/mi/preliminary/install/avoidance/lib/avoidance
[5.516s] Installing radar script to /home/mi/preliminary/install/avoidance/lib/avoidance
[5.517s] Installing sensor script to /home/mi/preliminary/install/avoidance/lib/avoidance
[5.520s] Installing stand script to /home/mi/preliminary/install/avoidance/lib/avoidance
[5.521s] Installing stand_sit script to /home/mi/preliminary/install/avoidance/lib/avoidance
[5.522s] Installing walk script to /home/mi/preliminary/install/avoidance/lib/avoidance
[5.522s] writing list of installed files to '/home/mi/preliminary/build/avoidance/install.log'
[5.631s] Invoked command in '/home/mi/preliminary/src/avoidance' returned '0': PYTHONPATH=/home/mi/preliminary/install/avoidance/lib/python3.6/site-packages:${PYTHONPATH} /usr/bin/python3 setup.py egg_info --egg-base ../../build/avoidance build --build-base /home/mi/preliminary/build/avoidance/build install --prefix /home/mi/preliminary/install/avoidance --record /home/mi/preliminary/build/avoidance/install.log --single-version-externally-managed
