[4.432s] Invoking command in '/home/mi/preliminary/src/avoidance': PYTHONPATH=/home/mi/preliminary/install/avoidance/lib/python3.6/site-packages:${PYTHONPATH} /usr/bin/python3 setup.py egg_info --egg-base ../../build/avoidance build --build-base /home/mi/preliminary/build/avoidance/build install --prefix /home/mi/preliminary/install/avoidance --record /home/mi/preliminary/build/avoidance/install.log --single-version-externally-managed
[6.054s] running egg_info
[6.057s] creating ../../build/avoidance/avoidance.egg-info
[6.059s] writing ../../build/avoidance/avoidance.egg-info/PKG-INFO
[6.060s] writing dependency_links to ../../build/avoidance/avoidance.egg-info/dependency_links.txt
[6.060s] writing entry points to ../../build/avoidance/avoidance.egg-info/entry_points.txt
[6.061s] writing requirements to ../../build/avoidance/avoidance.egg-info/requires.txt
[6.062s] writing top-level names to ../../build/avoidance/avoidance.egg-info/top_level.txt
[6.077s] writing manifest file '../../build/avoidance/avoidance.egg-info/SOURCES.txt'
[6.085s] reading manifest file '../../build/avoidance/avoidance.egg-info/SOURCES.txt'
[6.090s] writing manifest file '../../build/avoidance/avoidance.egg-info/SOURCES.txt'
[6.091s] running build
[6.092s] running build_py
[6.093s] creating /home/mi/preliminary/build/avoidance/build
[6.094s] creating /home/mi/preliminary/build/avoidance/build/lib
[6.095s] creating /home/mi/preliminary/build/avoidance/build/lib/avoidance
[6.096s] copying avoidance/__init__.py -> /home/mi/preliminary/build/avoidance/build/lib/avoidance
[6.097s] running install
[6.098s] /usr/local/lib/python3.6/dist-packages/setuptools/command/install.py:37: SetuptoolsDeprecationWarning: setup.py install is deprecated. Use build and pip and other standards-based tools.
[6.099s]   setuptools.SetuptoolsDeprecationWarning,
[6.099s] running install_lib
[6.100s] creating /home/mi/preliminary/install/avoidance/lib/python3.6/site-packages/avoidance
[6.101s] copying /home/mi/preliminary/build/avoidance/build/lib/avoidance/__init__.py -> /home/mi/preliminary/install/avoidance/lib/python3.6/site-packages/avoidance
[6.103s] byte-compiling /home/mi/preliminary/install/avoidance/lib/python3.6/site-packages/avoidance/__init__.py to __init__.cpython-36.pyc
[6.104s] running install_data
[6.107s] creating /home/mi/preliminary/install/avoidance/share/ament_index
[6.108s] creating /home/mi/preliminary/install/avoidance/share/ament_index/resource_index
[6.108s] creating /home/mi/preliminary/install/avoidance/share/ament_index/resource_index/packages
[6.109s] copying resource/avoidance -> /home/mi/preliminary/install/avoidance/share/ament_index/resource_index/packages
[6.110s] copying package.xml -> /home/mi/preliminary/install/avoidance/share/avoidance
[6.110s] running install_egg_info
[6.116s] Copying ../../build/avoidance/avoidance.egg-info to /home/mi/preliminary/install/avoidance/lib/python3.6/site-packages/avoidance-0.0.0-py3.6.egg-info
[6.120s] running install_scripts
[6.210s] writing list of installed files to '/home/mi/preliminary/build/avoidance/install.log'
[6.330s] Invoked command in '/home/mi/preliminary/src/avoidance' returned '0': PYTHONPATH=/home/mi/preliminary/install/avoidance/lib/python3.6/site-packages:${PYTHONPATH} /usr/bin/python3 setup.py egg_info --egg-base ../../build/avoidance build --build-base /home/mi/preliminary/build/avoidance/build install --prefix /home/mi/preliminary/install/avoidance --record /home/mi/preliminary/build/avoidance/install.log --single-version-externally-managed
